This file contains any messages produced by compilers while
running configure, to aid debugging if configure makes a mistake.

It was created by gegl configure 0.3.28, which was
generated by GNU Autoconf 2.69.  Invocation command line was

  $ ./configure 

## --------- ##
## Platform. ##
## --------- ##

hostname = gaston-Inspiron-11-3162
uname -m = x86_64
uname -r = 4.13.0-36-generic
uname -s = Linux
uname -v = #40~16.04.1-Ubuntu SMP Fri Feb 16 23:25:58 UTC 2018

/usr/bin/uname -p = unknown
/bin/uname -X     = unknown

/bin/arch              = unknown
/usr/bin/arch -k       = unknown
/usr/convex/getsysinfo = unknown
/usr/bin/hostinfo      = unknown
/bin/machine           = unknown
/usr/bin/oslevel       = unknown
/bin/universe          = unknown

PATH: /home/gaston/bin
PATH: /home/gaston/.local/bin
PATH: /usr/local/sbin
PATH: /usr/local/bin
PATH: /usr/sbin
PATH: /usr/bin
PATH: /sbin
PATH: /bin
PATH: /usr/games
PATH: /usr/local/games
PATH: /snap/bin


## ----------- ##
## Core tests. ##
## ----------- ##

configure:2824: checking whether make supports nested variables
configure:2841: result: yes
configure:2950: checking build system type
configure:2964: result: x86_64-pc-linux-gnu
configure:2984: checking host system type
configure:2997: result: x86_64-pc-linux-gnu
configure:3017: checking target system type
configure:3030: result: x86_64-pc-linux-gnu
configure:3073: checking for a BSD-compatible install
configure:3141: result: /usr/bin/install -c
configure:3152: checking whether build environment is sane
configure:3207: result: yes
configure:3358: checking for a thread-safe mkdir -p
configure:3397: result: /bin/mkdir -p
configure:3404: checking for gawk
configure:3434: result: no
configure:3404: checking for mawk
configure:3420: found /usr/bin/mawk
configure:3431: result: mawk
configure:3442: checking whether make sets $(MAKE)
configure:3464: result: yes
configure:3589: checking whether to enable maintainer-specific portions of Makefiles
configure:3598: result: yes
configure:3697: checking for gcc
configure:3713: found /usr/bin/gcc
configure:3724: result: gcc
configure:3953: checking for C compiler version
configure:3962: gcc --version >&5
gcc (Ubuntu 5.4.0-6ubuntu1~16.04.10) 5.4.0 20160609
Copyright (C) 2015 Free Software Foundation, Inc.
This is free software; see the source for copying conditions.  There is NO
warranty; not even for MERCHANTABILITY or FITNESS FOR A PARTICULAR PURPOSE.

configure:3973: $? = 0
configure:3962: gcc -v >&5
Using built-in specs.
COLLECT_GCC=gcc
COLLECT_LTO_WRAPPER=/usr/lib/gcc/x86_64-linux-gnu/5/lto-wrapper
Target: x86_64-linux-gnu
Configured with: ../src/configure -v --with-pkgversion='Ubuntu 5.4.0-6ubuntu1~16.04.10' --with-bugurl=file:///usr/share/doc/gcc-5/README.Bugs --enable-languages=c,ada,c++,java,go,d,fortran,objc,obj-c++ --prefix=/usr --program-suffix=-5 --enable-shared --enable-linker-build-id --libexecdir=/usr/lib --without-included-gettext --enable-threads=posix --libdir=/usr/lib --enable-nls --with-sysroot=/ --enable-clocale=gnu --enable-libstdcxx-debug --enable-libstdcxx-time=yes --with-default-libstdcxx-abi=new --enable-gnu-unique-object --disable-vtable-verify --enable-libmpx --enable-plugin --with-system-zlib --disable-browser-plugin --enable-java-awt=gtk --enable-gtk-cairo --with-java-home=/usr/lib/jvm/java-1.5.0-gcj-5-amd64/jre --enable-java-home --with-jvm-root-dir=/usr/lib/jvm/java-1.5.0-gcj-5-amd64 --with-jvm-jar-dir=/usr/lib/jvm-exports/java-1.5.0-gcj-5-amd64 --with-arch-directory=amd64 --with-ecj-jar=/usr/share/java/eclipse-ecj.jar --enable-objc-gc --enable-multiarch --disable-werror --with-arch-32=i686 --with-abi=m64 --with-multilib-list=m32,m64,mx32 --enable-multilib --with-tune=generic --enable-checking=release --build=x86_64-linux-gnu --host=x86_64-linux-gnu --target=x86_64-linux-gnu
Thread model: posix
gcc version 5.4.0 20160609 (Ubuntu 5.4.0-6ubuntu1~16.04.10) 
configure:3973: $? = 0
configure:3962: gcc -V >&5
gcc: error: unrecognized command line option '-V'
gcc: fatal error: no input files
compilation terminated.
configure:3973: $? = 1
configure:3962: gcc -qversion >&5
gcc: error: unrecognized command line option '-qversion'
gcc: fatal error: no input files
compilation terminated.
configure:3973: $? = 1
configure:3993: checking whether the C compiler works
configure:4015: gcc    conftest.c  >&5
configure:4019: $? = 0
configure:4067: result: yes
configure:4070: checking for C compiler default output file name
configure:4072: result: a.out
configure:4078: checking for suffix of executables
configure:4085: gcc -o conftest    conftest.c  >&5
configure:4089: $? = 0
configure:4111: result: 
configure:4133: checking whether we are cross compiling
configure:4141: gcc -o conftest    conftest.c  >&5
configure:4145: $? = 0
configure:4152: ./conftest
configure:4156: $? = 0
configure:4171: result: no
configure:4176: checking for suffix of object files
configure:4198: gcc -c   conftest.c >&5
configure:4202: $? = 0
configure:4223: result: o
configure:4227: checking whether we are using the GNU C compiler
configure:4246: gcc -c   conftest.c >&5
configure:4246: $? = 0
configure:4255: result: yes
configure:4264: checking whether gcc accepts -g
configure:4284: gcc -c -g  conftest.c >&5
configure:4284: $? = 0
configure:4325: result: yes
configure:4342: checking for gcc option to accept ISO C89
configure:4405: gcc  -c -g -O2  conftest.c >&5
configure:4405: $? = 0
configure:4418: result: none needed
configure:4443: checking whether gcc understands -c and -o together
configure:4465: gcc -c conftest.c -o conftest2.o
configure:4468: $? = 0
configure:4465: gcc -c conftest.c -o conftest2.o
configure:4468: $? = 0
configure:4480: result: yes
configure:4508: checking for style of include used by make
configure:4536: result: GNU
configure:4562: checking dependency style of gcc
configure:4673: result: gcc3
configure:4688: checking for gcc option to accept ISO C99
configure:4837: gcc  -c -g -O2  conftest.c >&5
configure:4837: $? = 0
configure:4850: result: none needed
configure:4923: checking for g++
configure:4939: found /usr/bin/g++
configure:4950: result: g++
configure:4977: checking for C++ compiler version
configure:4986: g++ --version >&5
g++ (Ubuntu 5.4.0-6ubuntu1~16.04.10) 5.4.0 20160609
Copyright (C) 2015 Free Software Foundation, Inc.
This is free software; see the source for copying conditions.  There is NO
warranty; not even for MERCHANTABILITY or FITNESS FOR A PARTICULAR PURPOSE.

configure:4997: $? = 0
configure:4986: g++ -v >&5
Using built-in specs.
COLLECT_GCC=g++
COLLECT_LTO_WRAPPER=/usr/lib/gcc/x86_64-linux-gnu/5/lto-wrapper
Target: x86_64-linux-gnu
Configured with: ../src/configure -v --with-pkgversion='Ubuntu 5.4.0-6ubuntu1~16.04.10' --with-bugurl=file:///usr/share/doc/gcc-5/README.Bugs --enable-languages=c,ada,c++,java,go,d,fortran,objc,obj-c++ --prefix=/usr --program-suffix=-5 --enable-shared --enable-linker-build-id --libexecdir=/usr/lib --without-included-gettext --enable-threads=posix --libdir=/usr/lib --enable-nls --with-sysroot=/ --enable-clocale=gnu --enable-libstdcxx-debug --enable-libstdcxx-time=yes --with-default-libstdcxx-abi=new --enable-gnu-unique-object --disable-vtable-verify --enable-libmpx --enable-plugin --with-system-zlib --disable-browser-plugin --enable-java-awt=gtk --enable-gtk-cairo --with-java-home=/usr/lib/jvm/java-1.5.0-gcj-5-amd64/jre --enable-java-home --with-jvm-root-dir=/usr/lib/jvm/java-1.5.0-gcj-5-amd64 --with-jvm-jar-dir=/usr/lib/jvm-exports/java-1.5.0-gcj-5-amd64 --with-arch-directory=amd64 --with-ecj-jar=/usr/share/java/eclipse-ecj.jar --enable-objc-gc --enable-multiarch --disable-werror --with-arch-32=i686 --with-abi=m64 --with-multilib-list=m32,m64,mx32 --enable-multilib --with-tune=generic --enable-checking=release --build=x86_64-linux-gnu --host=x86_64-linux-gnu --target=x86_64-linux-gnu
Thread model: posix
gcc version 5.4.0 20160609 (Ubuntu 5.4.0-6ubuntu1~16.04.10) 
configure:4997: $? = 0
configure:4986: g++ -V >&5
g++: error: unrecognized command line option '-V'
g++: fatal error: no input files
compilation terminated.
configure:4997: $? = 1
configure:4986: g++ -qversion >&5
g++: error: unrecognized command line option '-qversion'
g++: fatal error: no input files
compilation terminated.
configure:4997: $? = 1
configure:5001: checking whether we are using the GNU C++ compiler
configure:5020: g++ -c   conftest.cpp >&5
configure:5020: $? = 0
configure:5029: result: yes
configure:5038: checking whether g++ accepts -g
configure:5058: g++ -c -g  conftest.cpp >&5
configure:5058: $? = 0
configure:5099: result: yes
configure:5124: checking dependency style of g++
configure:5235: result: gcc3
configure:5251: checking whether make sets $(MAKE)
configure:5273: result: yes
configure:5311: checking for special C compiler options needed for large files
configure:5356: result: no
configure:5362: checking for _FILE_OFFSET_BITS value needed for large files
configure:5387: gcc -c -g -O3  conftest.c >&5
configure:5387: $? = 0
configure:5419: result: no
configure:5552: checking how to print strings
configure:5579: result: printf
configure:5600: checking for a sed that does not truncate output
configure:5664: result: /bin/sed
configure:5682: checking for grep that handles long lines and -e
configure:5740: result: /bin/grep
configure:5745: checking for egrep
configure:5807: result: /bin/grep -E
configure:5812: checking for fgrep
configure:5874: result: /bin/grep -F
configure:5909: checking for ld used by gcc
configure:5976: result: /usr/bin/ld
configure:5983: checking if the linker (/usr/bin/ld) is GNU ld
configure:5998: result: yes
configure:6010: checking for BSD- or MS-compatible name lister (nm)
configure:6064: result: /usr/bin/nm -B
configure:6194: checking the name lister (/usr/bin/nm -B) interface
configure:6201: gcc -c -g -O3  conftest.c >&5
configure:6204: /usr/bin/nm -B "conftest.o"
configure:6207: output
0000000000000000 B some_variable
configure:6214: result: BSD nm
configure:6217: checking whether ln -s works
configure:6221: result: yes
configure:6229: checking the maximum length of command line arguments
configure:6360: result: 1572864
configure:6408: checking how to convert x86_64-pc-linux-gnu file names to x86_64-pc-linux-gnu format
configure:6448: result: func_convert_file_noop
configure:6455: checking how to convert x86_64-pc-linux-gnu file names to toolchain format
configure:6475: result: func_convert_file_noop
configure:6482: checking for /usr/bin/ld option to reload object files
configure:6489: result: -r
configure:6563: checking for objdump
configure:6579: found /usr/bin/objdump
configure:6590: result: objdump
configure:6619: checking how to recognize dependent libraries
configure:6819: result: pass_all
configure:6904: checking for dlltool
configure:6934: result: no
configure:6961: checking how to associate runtime and link libraries
configure:6988: result: printf %s\n
configure:7048: checking for ar
configure:7064: found /usr/bin/ar
configure:7075: result: ar
configure:7112: checking for archiver @FILE support
configure:7129: gcc -c -g -O3  conftest.c >&5
configure:7129: $? = 0
configure:7132: ar cru libconftest.a @conftest.lst >&5
ar: `u' modifier ignored since `D' is the default (see `U')
configure:7135: $? = 0
configure:7140: ar cru libconftest.a @conftest.lst >&5
ar: `u' modifier ignored since `D' is the default (see `U')
ar: conftest.o: No such file or directory
configure:7143: $? = 1
configure:7155: result: @
configure:7213: checking for strip
configure:7229: found /usr/bin/strip
configure:7240: result: strip
configure:7312: checking for ranlib
configure:7328: found /usr/bin/ranlib
configure:7339: result: ranlib
configure:7441: checking command to parse /usr/bin/nm -B output from gcc object
configure:7594: gcc -c -g -O3  conftest.c >&5
configure:7597: $? = 0
configure:7601: /usr/bin/nm -B conftest.o \| sed -n -e 's/^.*[ ]\([ABCDGIRSTW][ABCDGIRSTW]*\)[ ][ ]*\([_A-Za-z][_A-Za-z0-9]*\)$/\1 \2 \2/p' | sed '/ __gnu_lto/d' \> conftest.nm
configure:7604: $? = 0
configure:7670: gcc -o conftest -g -O3   conftest.c conftstm.o >&5
configure:7673: $? = 0
configure:7711: result: ok
configure:7758: checking for sysroot
configure:7788: result: no
configure:7795: checking for a working dd
configure:7833: result: /bin/dd
configure:7837: checking how to truncate binary pipes
configure:7852: result: /bin/dd bs=4096 count=1
configure:7988: gcc -c -g -O3  conftest.c >&5
configure:7991: $? = 0
configure:8181: checking for mt
configure:8197: found /bin/mt
configure:8208: result: mt
configure:8231: checking if mt is a manifest tool
configure:8237: mt '-?'
configure:8245: result: no
configure:8922: checking how to run the C preprocessor
configure:8953: gcc -E  conftest.c
configure:8953: $? = 0
configure:8967: gcc -E  conftest.c
conftest.c:11:28: fatal error: ac_nonexistent.h: No such file or directory
compilation terminated.
configure:8967: $? = 1
configure: failed program was:
| /* confdefs.h */
| #define PACKAGE_NAME "gegl"
| #define PACKAGE_TARNAME "gegl"
| #define PACKAGE_VERSION "0.3.28"
| #define PACKAGE_STRING "gegl 0.3.28"
| #define PACKAGE_BUGREPORT ""
| #define PACKAGE_URL ""
| #define GEGL_LIBRARY "gegl-0.3"
| #define GEGL_UNSTABLE 1
| /* end confdefs.h.  */
| #include <ac_nonexistent.h>
configure:8992: result: gcc -E
configure:9012: gcc -E  conftest.c
configure:9012: $? = 0
configure:9026: gcc -E  conftest.c
conftest.c:11:28: fatal error: ac_nonexistent.h: No such file or directory
compilation terminated.
configure:9026: $? = 1
configure: failed program was:
| /* confdefs.h */
| #define PACKAGE_NAME "gegl"
| #define PACKAGE_TARNAME "gegl"
| #define PACKAGE_VERSION "0.3.28"
| #define PACKAGE_STRING "gegl 0.3.28"
| #define PACKAGE_BUGREPORT ""
| #define PACKAGE_URL ""
| #define GEGL_LIBRARY "gegl-0.3"
| #define GEGL_UNSTABLE 1
| /* end confdefs.h.  */
| #include <ac_nonexistent.h>
configure:9055: checking for ANSI C header files
configure:9075: gcc -c -g -O3  conftest.c >&5
configure:9075: $? = 0
configure:9148: gcc -o conftest -g -O3   conftest.c  >&5
configure:9148: $? = 0
configure:9148: ./conftest
configure:9148: $? = 0
configure:9159: result: yes
configure:9172: checking for sys/types.h
configure:9172: gcc -c -g -O3  conftest.c >&5
configure:9172: $? = 0
configure:9172: result: yes
configure:9172: checking for sys/stat.h
configure:9172: gcc -c -g -O3  conftest.c >&5
configure:9172: $? = 0
configure:9172: result: yes
configure:9172: checking for stdlib.h
configure:9172: gcc -c -g -O3  conftest.c >&5
configure:9172: $? = 0
configure:9172: result: yes
configure:9172: checking for string.h
configure:9172: gcc -c -g -O3  conftest.c >&5
configure:9172: $? = 0
configure:9172: result: yes
configure:9172: checking for memory.h
configure:9172: gcc -c -g -O3  conftest.c >&5
configure:9172: $? = 0
configure:9172: result: yes
configure:9172: checking for strings.h
configure:9172: gcc -c -g -O3  conftest.c >&5
configure:9172: $? = 0
configure:9172: result: yes
configure:9172: checking for inttypes.h
configure:9172: gcc -c -g -O3  conftest.c >&5
configure:9172: $? = 0
configure:9172: result: yes
configure:9172: checking for stdint.h
configure:9172: gcc -c -g -O3  conftest.c >&5
configure:9172: $? = 0
configure:9172: result: yes
configure:9172: checking for unistd.h
configure:9172: gcc -c -g -O3  conftest.c >&5
configure:9172: $? = 0
configure:9172: result: yes
configure:9186: checking for dlfcn.h
configure:9186: gcc -c -g -O3  conftest.c >&5
configure:9186: $? = 0
configure:9186: result: yes
configure:9749: checking for objdir
configure:9764: result: .libs
configure:10028: checking if gcc supports -fno-rtti -fno-exceptions
configure:10046: gcc -c -g -O3  -fno-rtti -fno-exceptions conftest.c >&5
cc1: warning: command line option '-fno-rtti' is valid for C++/ObjC++ but not for C
configure:10050: $? = 0
configure:10063: result: no
configure:10421: checking for gcc option to produce PIC
configure:10428: result: -fPIC -DPIC
configure:10436: checking if gcc PIC flag -fPIC -DPIC works
configure:10454: gcc -c -g -O3  -fPIC -DPIC -DPIC conftest.c >&5
configure:10458: $? = 0
configure:10471: result: yes
configure:10500: checking if gcc static flag -static works
configure:10528: result: yes
configure:10543: checking if gcc supports -c -o file.o
configure:10564: gcc -c -g -O3  -o out/conftest2.o conftest.c >&5
configure:10568: $? = 0
configure:10590: result: yes
configure:10598: checking if gcc supports -c -o file.o
configure:10645: result: yes
configure:10678: checking whether the gcc linker (/usr/bin/ld -m elf_x86_64) supports shared libraries
configure:11941: result: yes
configure:11978: checking whether -lc should be explicitly linked in
configure:11986: gcc -c -g -O3  conftest.c >&5
configure:11989: $? = 0
configure:12004: gcc -shared  -fPIC -DPIC conftest.o  -v -Wl,-soname -Wl,conftest -o conftest 2\>\&1 \| /bin/grep  -lc  \>/dev/null 2\>\&1
configure:12007: $? = 0
configure:12021: result: no
configure:12181: checking dynamic linker characteristics
configure:12762: gcc -o conftest -g -O3   -Wl,-rpath -Wl,/foo conftest.c  >&5
configure:12762: $? = 0
configure:13011: result: GNU/Linux ld.so
configure:13133: checking how to hardcode library paths into programs
configure:13158: result: immediate
configure:13260: checking for shl_load
configure:13260: gcc -o conftest -g -O3   conftest.c  >&5
/tmp/cccTN5Lk.o: In function `main':
/home/gaston/Downloads/gimp-2.8.16/gegl-0.3.28/conftest.c:57: undefined reference to `shl_load'
collect2: error: ld returned 1 exit status
configure:13260: $? = 1
configure: failed program was:
| /* confdefs.h */
| #define PACKAGE_NAME "gegl"
| #define PACKAGE_TARNAME "gegl"
| #define PACKAGE_VERSION "0.3.28"
| #define PACKAGE_STRING "gegl 0.3.28"
| #define PACKAGE_BUGREPORT ""
| #define PACKAGE_URL ""
| #define GEGL_LIBRARY "gegl-0.3"
| #define GEGL_UNSTABLE 1
| #define STDC_HEADERS 1
| #define HAVE_SYS_TYPES_H 1
| #define HAVE_SYS_STAT_H 1
| #define HAVE_STDLIB_H 1
| #define HAVE_STRING_H 1
| #define HAVE_MEMORY_H 1
| #define HAVE_STRINGS_H 1
| #define HAVE_INTTYPES_H 1
| #define HAVE_STDINT_H 1
| #define HAVE_UNISTD_H 1
| #define HAVE_DLFCN_H 1
| #define LT_OBJDIR ".libs/"
| /* end confdefs.h.  */
| /* Define shl_load to an innocuous variant, in case <limits.h> declares shl_load.
|    For example, HP-UX 11i <limits.h> declares gettimeofday.  */
| #define shl_load innocuous_shl_load
| 
| /* System header to define __stub macros and hopefully few prototypes,
|     which can conflict with char shl_load (); below.
|     Prefer <limits.h> to <assert.h> if __STDC__ is defined, since
|     <limits.h> exists even on freestanding compilers.  */
| 
| #ifdef __STDC__
| # include <limits.h>
| #else
| # include <assert.h>
| #endif
| 
| #undef shl_load
| 
| /* Override any GCC internal prototype to avoid an error.
|    Use char because int might match the return type of a GCC
|    builtin and then its argument prototype would still apply.  */
| #ifdef __cplusplus
| extern "C"
| #endif
| char shl_load ();
| /* The GNU C library defines this for functions which it implements
|     to always fail with ENOSYS.  Some functions are actually named
|     something starting with __ and the normal name is an alias.  */
| #if defined __stub_shl_load || defined __stub___shl_load
| choke me
| #endif
| 
| int
| main ()
| {
| return shl_load ();
|   ;
|   return 0;
| }
configure:13260: result: no
configure:13264: checking for shl_load in -ldld
configure:13289: gcc -o conftest -g -O3   conftest.c -ldld   >&5
/usr/bin/ld: cannot find -ldld
collect2: error: ld returned 1 exit status
configure:13289: $? = 1
configure: failed program was:
| /* confdefs.h */
| #define PACKAGE_NAME "gegl"
| #define PACKAGE_TARNAME "gegl"
| #define PACKAGE_VERSION "0.3.28"
| #define PACKAGE_STRING "gegl 0.3.28"
| #define PACKAGE_BUGREPORT ""
| #define PACKAGE_URL ""
| #define GEGL_LIBRARY "gegl-0.3"
| #define GEGL_UNSTABLE 1
| #define STDC_HEADERS 1
| #define HAVE_SYS_TYPES_H 1
| #define HAVE_SYS_STAT_H 1
| #define HAVE_STDLIB_H 1
| #define HAVE_STRING_H 1
| #define HAVE_MEMORY_H 1
| #define HAVE_STRINGS_H 1
| #define HAVE_INTTYPES_H 1
| #define HAVE_STDINT_H 1
| #define HAVE_UNISTD_H 1
| #define HAVE_DLFCN_H 1
| #define LT_OBJDIR ".libs/"
| /* end confdefs.h.  */
| 
| /* Override any GCC internal prototype to avoid an error.
|    Use char because int might match the return type of a GCC
|    builtin and then its argument prototype would still apply.  */
| #ifdef __cplusplus
| extern "C"
| #endif
| char shl_load ();
| int
| main ()
| {
| return shl_load ();
|   ;
|   return 0;
| }
configure:13298: result: no
configure:13303: checking for dlopen
configure:13303: gcc -o conftest -g -O3   conftest.c  >&5
/tmp/ccHC2zqz.o: In function `main':
/home/gaston/Downloads/gimp-2.8.16/gegl-0.3.28/conftest.c:57: undefined reference to `dlopen'
collect2: error: ld returned 1 exit status
configure:13303: $? = 1
configure: failed program was:
| /* confdefs.h */
| #define PACKAGE_NAME "gegl"
| #define PACKAGE_TARNAME "gegl"
| #define PACKAGE_VERSION "0.3.28"
| #define PACKAGE_STRING "gegl 0.3.28"
| #define PACKAGE_BUGREPORT ""
| #define PACKAGE_URL ""
| #define GEGL_LIBRARY "gegl-0.3"
| #define GEGL_UNSTABLE 1
| #define STDC_HEADERS 1
| #define HAVE_SYS_TYPES_H 1
| #define HAVE_SYS_STAT_H 1
| #define HAVE_STDLIB_H 1
| #define HAVE_STRING_H 1
| #define HAVE_MEMORY_H 1
| #define HAVE_STRINGS_H 1
| #define HAVE_INTTYPES_H 1
| #define HAVE_STDINT_H 1
| #define HAVE_UNISTD_H 1
| #define HAVE_DLFCN_H 1
| #define LT_OBJDIR ".libs/"
| /* end confdefs.h.  */
| /* Define dlopen to an innocuous variant, in case <limits.h> declares dlopen.
|    For example, HP-UX 11i <limits.h> declares gettimeofday.  */
| #define dlopen innocuous_dlopen
| 
| /* System header to define __stub macros and hopefully few prototypes,
|     which can conflict with char dlopen (); below.
|     Prefer <limits.h> to <assert.h> if __STDC__ is defined, since
|     <limits.h> exists even on freestanding compilers.  */
| 
| #ifdef __STDC__
| # include <limits.h>
| #else
| # include <assert.h>
| #endif
| 
| #undef dlopen
| 
| /* Override any GCC internal prototype to avoid an error.
|    Use char because int might match the return type of a GCC
|    builtin and then its argument prototype would still apply.  */
| #ifdef __cplusplus
| extern "C"
| #endif
| char dlopen ();
| /* The GNU C library defines this for functions which it implements
|     to always fail with ENOSYS.  Some functions are actually named
|     something starting with __ and the normal name is an alias.  */
| #if defined __stub_dlopen || defined __stub___dlopen
| choke me
| #endif
| 
| int
| main ()
| {
| return dlopen ();
|   ;
|   return 0;
| }
configure:13303: result: no
configure:13307: checking for dlopen in -ldl
configure:13332: gcc -o conftest -g -O3   conftest.c -ldl   >&5
configure:13332: $? = 0
configure:13341: result: yes
configure:13460: checking whether a program can dlopen itself
configure:13540: gcc -o conftest -g -O3  -DHAVE_DLFCN_H  -Wl,--export-dynamic conftest.c -ldl  >&5
configure:13543: $? = 0
configure:13561: result: yes
configure:13566: checking whether a statically linked program can dlopen itself
configure:13646: gcc -o conftest -g -O3  -DHAVE_DLFCN_H  -Wl,--export-dynamic -static conftest.c -ldl  >&5
/tmp/ccREpBOd.o: In function `main':
/home/gaston/Downloads/gimp-2.8.16/gegl-0.3.28/configure:13625: warning: Using 'dlopen' in statically linked applications requires at runtime the shared libraries from the glibc version used for linking
/usr/bin/ld: dynamic STT_GNU_IFUNC symbol `strcmp' with pointer equality in `/usr/lib/gcc/x86_64-linux-gnu/5/../../../x86_64-linux-gnu/libc.a(strcmp.o)' can not be used when making an executable; recompile with -fPIE and relink with -pie
collect2: error: ld returned 1 exit status
configure:13649: $? = 1
configure:13667: result: no
configure:13706: checking whether stripping libraries is possible
configure:13711: result: yes
configure:13746: checking if libtool supports shared libraries
configure:13748: result: yes
configure:13751: checking whether to build shared libraries
configure:13776: result: yes
configure:13779: checking whether to build static libraries
configure:13783: result: no
configure:13806: checking how to run the C++ preprocessor
configure:13833: g++ -E  conftest.cpp
configure:13833: $? = 0
configure:13847: g++ -E  conftest.cpp
conftest.cpp:23:28: fatal error: ac_nonexistent.h: No such file or directory
compilation terminated.
configure:13847: $? = 1
configure: failed program was:
| /* confdefs.h */
| #define PACKAGE_NAME "gegl"
| #define PACKAGE_TARNAME "gegl"
| #define PACKAGE_VERSION "0.3.28"
| #define PACKAGE_STRING "gegl 0.3.28"
| #define PACKAGE_BUGREPORT ""
| #define PACKAGE_URL ""
| #define GEGL_LIBRARY "gegl-0.3"
| #define GEGL_UNSTABLE 1
| #define STDC_HEADERS 1
| #define HAVE_SYS_TYPES_H 1
| #define HAVE_SYS_STAT_H 1
| #define HAVE_STDLIB_H 1
| #define HAVE_STRING_H 1
| #define HAVE_MEMORY_H 1
| #define HAVE_STRINGS_H 1
| #define HAVE_INTTYPES_H 1
| #define HAVE_STDINT_H 1
| #define HAVE_UNISTD_H 1
| #define HAVE_DLFCN_H 1
| #define LT_OBJDIR ".libs/"
| /* end confdefs.h.  */
| #include <ac_nonexistent.h>
configure:13872: result: g++ -E
configure:13892: g++ -E  conftest.cpp
configure:13892: $? = 0
configure:13906: g++ -E  conftest.cpp
conftest.cpp:23:28: fatal error: ac_nonexistent.h: No such file or directory
compilation terminated.
configure:13906: $? = 1
configure: failed program was:
| /* confdefs.h */
| #define PACKAGE_NAME "gegl"
| #define PACKAGE_TARNAME "gegl"
| #define PACKAGE_VERSION "0.3.28"
| #define PACKAGE_STRING "gegl 0.3.28"
| #define PACKAGE_BUGREPORT ""
| #define PACKAGE_URL ""
| #define GEGL_LIBRARY "gegl-0.3"
| #define GEGL_UNSTABLE 1
| #define STDC_HEADERS 1
| #define HAVE_SYS_TYPES_H 1
| #define HAVE_SYS_STAT_H 1
| #define HAVE_STDLIB_H 1
| #define HAVE_STRING_H 1
| #define HAVE_MEMORY_H 1
| #define HAVE_STRINGS_H 1
| #define HAVE_INTTYPES_H 1
| #define HAVE_STDINT_H 1
| #define HAVE_UNISTD_H 1
| #define HAVE_DLFCN_H 1
| #define LT_OBJDIR ".libs/"
| /* end confdefs.h.  */
| #include <ac_nonexistent.h>
configure:14068: checking for ld used by g++
configure:14135: result: /usr/bin/ld -m elf_x86_64
configure:14142: checking if the linker (/usr/bin/ld -m elf_x86_64) is GNU ld
configure:14157: result: yes
configure:14212: checking whether the g++ linker (/usr/bin/ld -m elf_x86_64) supports shared libraries
configure:15285: result: yes
configure:15321: g++ -c -g -O3  conftest.cpp >&5
configure:15324: $? = 0
configure:15805: checking for g++ option to produce PIC
configure:15812: result: -fPIC -DPIC
configure:15820: checking if g++ PIC flag -fPIC -DPIC works
configure:15838: g++ -c -g -O3  -fPIC -DPIC -DPIC conftest.cpp >&5
configure:15842: $? = 0
configure:15855: result: yes
configure:15878: checking if g++ static flag -static works
configure:15906: result: yes
configure:15918: checking if g++ supports -c -o file.o
configure:15939: g++ -c -g -O3  -o out/conftest2.o conftest.cpp >&5
configure:15943: $? = 0
configure:15965: result: yes
configure:15970: checking if g++ supports -c -o file.o
configure:16017: result: yes
configure:16047: checking whether the g++ linker (/usr/bin/ld -m elf_x86_64) supports shared libraries
configure:16090: result: yes
configure:16231: checking dynamic linker characteristics
configure:16988: result: GNU/Linux ld.so
configure:17053: checking how to hardcode library paths into programs
configure:17078: result: immediate
configure:17142: checking for GNUC variadic macros
configure:17171: gcc -c -g -O3  conftest.c >&5
configure:17171: $? = 0
configure:17179: result: yes
configure:17187: checking for ISO C99 variadic macros in C
configure:17206: gcc -c -g -O3  conftest.c >&5
configure:17206: $? = 0
configure:17214: result: yes
configure:17222: checking for ISO C99 variadic macros in C++
configure:17247: g++ -c -g -O3  conftest.cpp >&5
configure:17247: $? = 0
configure:17260: result: yes
configure:17269: checking whether to turn on debugging
configure:17284: result: no
configure:17288: checking whether to turn on profiling
configure:17303: result: no
configure:17307: checking for C/C++ restrict keyword
configure:17332: gcc -c -g -O3  conftest.c >&5
configure:17332: $? = 0
configure:17340: result: __restrict
configure:17383: checking for aclocal flags
configure:17392: result: 
configure:17401: checking for target architecture
configure:17409: result: x86_64-pc-linux-gnu
configure:17452: checking for dynamic library filename suffix
configure:17469: result: .so
configure:17485: checking for some Darwin platform
configure:17495: result: no
configure:17511: checking for some Win32 platform
configure:17521: result: no
configure:17533: checking for native Win32
configure:17546: result: no
configure:17594: checking to see if compiler understands -mmmx
configure:17611: gcc -c -g -O3 -mmmx  conftest.c >&5
configure:17611: $? = 0
configure:17626: result: yes
configure:17631: checking whether we can compile MMX code
configure:17648: gcc -c -g -O3 -mmmx  conftest.c >&5
configure:17648: $? = 0
configure:17652: result: yes
configure:17657: checking to see if compiler understands -msse
configure:17674: gcc -c -g -O3 -mmmx -msse  conftest.c >&5
configure:17674: $? = 0
configure:17689: result: yes
configure:17694: checking to see if compiler understands -ftree-vectorize
configure:17711: gcc -c -g -O3 -mmmx -ftree-vectorize  conftest.c >&5
configure:17711: $? = 0
configure:17726: result: yes
configure:17731: checking to see if compiler understands -ffast-math
configure:17748: gcc -c -g -O3 -mmmx -ffast-math  conftest.c >&5
configure:17748: $? = 0
configure:17763: result: yes
configure:17767: checking whether we can compile SSE code
configure:17784: gcc -c -g -O3 -mmmx -msse -ftree-vectorize -ffast-math  conftest.c >&5
configure:17784: $? = 0
configure:17788: result: yes
configure:17830: checking for perl5
configure:17863: result: no
configure:17830: checking for perl
configure:17848: found /usr/bin/perl
configure:17860: result: /usr/bin/perl
configure:17930: checking for pkg-config
configure:17948: found /usr/bin/pkg-config
configure:17960: result: /usr/bin/pkg-config
configure:17985: checking pkg-config is at least version 0.9.0
configure:17988: result: yes
configure:18007: checking for gobject-introspection
configure:18038: $PKG_CONFIG --exists --print-errors "gobject-introspection-1.0 >= 1.32.0"
Package gobject-introspection-1.0 was not found in the pkg-config search path.
Perhaps you should add the directory containing `gobject-introspection-1.0.pc'
to the PKG_CONFIG_PATH environment variable
No package 'gobject-introspection-1.0' found
configure:18041: $? = 1
configure:18053: result: no
configure:18096: $PKG_CONFIG --exists --print-errors "pygobject-2.0 >= 2.26"
Package pygobject-2.0 was not found in the pkg-config search path.
Perhaps you should add the directory containing `pygobject-2.0.pc'
to the PKG_CONFIG_PATH environment variable
No package 'pygobject-2.0' found
configure:18099: $? = 1
configure:18104: $PKG_CONFIG --exists --print-errors "pygobject-3.0 >= 3.2"
Package pygobject-3.0 was not found in the pkg-config search path.
Perhaps you should add the directory containing `pygobject-3.0.pc'
to the PKG_CONFIG_PATH environment variable
No package 'pygobject-3.0' found
configure:18107: $? = 1
configure:18134: $PKG_CONFIG --exists --print-errors "vapigen >= 0.20.0"
Package vapigen was not found in the pkg-config search path.
Perhaps you should add the directory containing `vapigen.pc'
to the PKG_CONFIG_PATH environment variable
No package 'vapigen' found
configure:18137: $? = 1
configure:18207: checking for fsync
configure:18207: gcc -o conftest -g -O3 -mmmx -msse -ftree-vectorize -ffast-math   conftest.c  >&5
configure:18207: $? = 0
configure:18207: result: yes
configure:18223: checking for BABL
configure:18230: $PKG_CONFIG --exists --print-errors "babl >= 0.1.42"
configure:18233: $? = 0
configure:18247: $PKG_CONFIG --exists --print-errors "babl >= 0.1.42"
configure:18250: $? = 0
configure:18308: result: yes
configure:18410: checking for pkg-config
configure:18440: result: /usr/bin/pkg-config
configure:18465: checking pkg-config is at least version 0.16
configure:18468: result: yes
configure:18485: checking for GLIB - version >= 2.44.0
configure:18597: gcc -o conftest -g -O3 -mmmx -msse -ftree-vectorize -ffast-math -pthread -I/usr/include/glib-2.0 -I/usr/lib/x86_64-linux-gnu/glib-2.0/include   conftest.c -lgobject-2.0 -Wl,--export-dynamic -lgmodule-2.0 -pthread -lglib-2.0  >&5
configure:18597: $? = 0
configure:18597: ./conftest
configure:18597: $? = 0
configure:18611: result: yes (version 2.48.2)
configure:18684: checking for DEP
configure:18691: $PKG_CONFIG --exists --print-errors "glib-2.0 >= $GLIB_REQUIRED_VERSION $GLIB_PACKAGES"
configure:18694: $? = 0
configure:18708: $PKG_CONFIG --exists --print-errors "glib-2.0 >= $GLIB_REQUIRED_VERSION $GLIB_PACKAGES"
configure:18711: $? = 0
configure:18755: result: yes
configure:18769: checking whether NLS is requested
configure:18778: result: yes
configure:18818: checking for msgfmt
configure: trying /usr/bin/msgfmt...
0 translated messages.
configure:18850: result: /usr/bin/msgfmt
configure:18859: checking for gmsgfmt
configure:18890: result: /usr/bin/msgfmt
configure:18940: checking for xgettext
configure: trying /usr/bin/xgettext...
/usr/bin/xgettext: warning: file '/dev/null' extension '' is unknown; will try C
configure:18972: result: /usr/bin/xgettext
configure:19017: checking for msgmerge
configure: trying /usr/bin/msgmerge...
configure:19048: result: /usr/bin/msgmerge
configure:19106: checking for ld used by gcc
configure:19173: result: /usr/bin/ld -m elf_x86_64
configure:19180: checking if the linker (/usr/bin/ld -m elf_x86_64) is GNU ld
configure:19195: result: yes
configure:19202: checking for shared library run path origin
configure:19215: result: done
configure:19787: checking for CFPreferencesCopyAppValue
configure:19805: gcc -o conftest -g -O3 -mmmx -msse -ftree-vectorize -ffast-math   conftest.c  -Wl,-framework -Wl,CoreFoundation >&5
conftest.c:33:42: fatal error: CoreFoundation/CFPreferences.h: No such file or directory
compilation terminated.
configure:19805: $? = 1
configure: failed program was:
| /* confdefs.h */
| #define PACKAGE_NAME "gegl"
| #define PACKAGE_TARNAME "gegl"
| #define PACKAGE_VERSION "0.3.28"
| #define PACKAGE_STRING "gegl 0.3.28"
| #define PACKAGE_BUGREPORT ""
| #define PACKAGE_URL ""
| #define GEGL_LIBRARY "gegl-0.3"
| #define GEGL_UNSTABLE 1
| #define STDC_HEADERS 1
| #define HAVE_SYS_TYPES_H 1
| #define HAVE_SYS_STAT_H 1
| #define HAVE_STDLIB_H 1
| #define HAVE_STRING_H 1
| #define HAVE_MEMORY_H 1
| #define HAVE_STRINGS_H 1
| #define HAVE_INTTYPES_H 1
| #define HAVE_STDINT_H 1
| #define HAVE_UNISTD_H 1
| #define HAVE_DLFCN_H 1
| #define LT_OBJDIR ".libs/"
| #define GEGL_GNUC_VARIADIC_MACROS 1
| #define GEGL_ISO_VARIADIC_MACROS 1
| #define GEGL_ISO_CXX_VARIADIC_MACROS 1
| #define restrict __restrict
| #define ARCH_X86 1
| #define ARCH_X86_64 1
| #define SHREXT ".so"
| #define USE_MMX 1
| #define USE_SSE 1
| #define HAVE_FSYNC 1
| /* end confdefs.h.  */
| #include <CoreFoundation/CFPreferences.h>
| int
| main ()
| {
| CFPreferencesCopyAppValue(NULL, NULL)
|   ;
|   return 0;
| }
configure:19814: result: no
configure:19821: checking for CFLocaleCopyCurrent
configure:19839: gcc -o conftest -g -O3 -mmmx -msse -ftree-vectorize -ffast-math   conftest.c  -Wl,-framework -Wl,CoreFoundation >&5
conftest.c:33:37: fatal error: CoreFoundation/CFLocale.h: No such file or directory
compilation terminated.
configure:19839: $? = 1
configure: failed program was:
| /* confdefs.h */
| #define PACKAGE_NAME "gegl"
| #define PACKAGE_TARNAME "gegl"
| #define PACKAGE_VERSION "0.3.28"
| #define PACKAGE_STRING "gegl 0.3.28"
| #define PACKAGE_BUGREPORT ""
| #define PACKAGE_URL ""
| #define GEGL_LIBRARY "gegl-0.3"
| #define GEGL_UNSTABLE 1
| #define STDC_HEADERS 1
| #define HAVE_SYS_TYPES_H 1
| #define HAVE_SYS_STAT_H 1
| #define HAVE_STDLIB_H 1
| #define HAVE_STRING_H 1
| #define HAVE_MEMORY_H 1
| #define HAVE_STRINGS_H 1
| #define HAVE_INTTYPES_H 1
| #define HAVE_STDINT_H 1
| #define HAVE_UNISTD_H 1
| #define HAVE_DLFCN_H 1
| #define LT_OBJDIR ".libs/"
| #define GEGL_GNUC_VARIADIC_MACROS 1
| #define GEGL_ISO_VARIADIC_MACROS 1
| #define GEGL_ISO_CXX_VARIADIC_MACROS 1
| #define restrict __restrict
| #define ARCH_X86 1
| #define ARCH_X86_64 1
| #define SHREXT ".so"
| #define USE_MMX 1
| #define USE_SSE 1
| #define HAVE_FSYNC 1
| /* end confdefs.h.  */
| #include <CoreFoundation/CFLocale.h>
| int
| main ()
| {
| CFLocaleCopyCurrent();
|   ;
|   return 0;
| }
configure:19848: result: no
configure:19897: checking for GNU gettext in libc
configure:19926: gcc -o conftest -g -O3 -mmmx -msse -ftree-vectorize -ffast-math   conftest.c  >&5
configure:19926: $? = 0
configure:19935: result: yes
configure:20782: checking whether to use NLS
configure:20784: result: yes
configure:20787: checking where the gettext function comes from
configure:20798: result: libc
configure:20879: checking for bind_textdomain_codeset
configure:20879: gcc -o conftest -g -O3 -mmmx -msse -ftree-vectorize -ffast-math   conftest.c  -lgobject-2.0 -Wl,--export-dynamic -lgmodule-2.0 -pthread -lglib-2.0 >&5
configure:20879: $? = 0
configure:20879: result: yes
configure:20903: checking for gtkdoc-check
configure:20936: result: no
configure:20945: checking for gtkdoc-rebase
configure:20978: result: no
configure:20989: checking for gtkdoc-mkpdf
configure:21022: result: no
configure:21060: checking whether to build gtk-doc documentation
configure:21062: result: no
configure:21140: checking for perl5
configure:21167: result: /usr/bin/perl
configure:21186: checking for ruby
configure:21214: result: no
configure:21226: WARNING:
*** Could not find Ruby interpreter. The HTML API reference
will not be updated.

configure:21254: checking for enscript
configure:21285: result: no
configure:21314: checking for asciidoc
configure:21345: result: no
configure:21355: result: *** Check for asciidoc failed.
configure:21376: checking for dot
configure:21407: result: no
configure:21417: result: *** Check for dot command failed.
configure:21469: checking for a Python interpreter with version >= 2.5.0
configure:21486: python -c import sys # split strings by '.' and convert to numeric. Append some zeros # because we need at least 4 digits for the hex conversion. # map returns an iterator in Python 3.0 and a list in 2.x minver = list(map(int, '2.5.0'.split('.'))) + [0, 0, 0] minverhex = 0 # xrange is not present in Python 3.0 and range returns an iterator for i in list(range(0, 4)): minverhex = (minverhex << 8) + minver[i] sys.exit(sys.hexversion < minverhex)
configure:21489: $? = 0
configure:21495: result: python
configure:21503: checking for python
configure:21521: found /usr/bin/python
configure:21533: result: /usr/bin/python
configure:21551: checking for python version
configure:21558: result: 2.7
configure:21570: checking for python platform
configure:21577: result: linux2
configure:21603: checking for python script directory
configure:21638: result: ${prefix}/lib/python2.7/dist-packages
configure:21647: checking for python extension module directory
configure:21682: result: ${exec_prefix}/lib/python2.7/dist-packages
configure:21719: checking for MRG
configure:21726: $PKG_CONFIG --exists --print-errors "mrg"
Package mrg was not found in the pkg-config search path.
Perhaps you should add the directory containing `mrg.pc'
to the PKG_CONFIG_PATH environment variable
No package 'mrg' found
configure:21729: $? = 1
configure:21743: $PKG_CONFIG --exists --print-errors "mrg"
Package mrg was not found in the pkg-config search path.
Perhaps you should add the directory containing `mrg.pc'
to the PKG_CONFIG_PATH environment variable
No package 'mrg' found
configure:21746: $? = 1
configure:21760: result: no
No package 'mrg' found
configure:21820: checking for GEXIV2
configure:21827: $PKG_CONFIG --exists --print-errors "gexiv2"
Package gexiv2 was not found in the pkg-config search path.
Perhaps you should add the directory containing `gexiv2.pc'
to the PKG_CONFIG_PATH environment variable
No package 'gexiv2' found
configure:21830: $? = 1
configure:21844: $PKG_CONFIG --exists --print-errors "gexiv2"
Package gexiv2 was not found in the pkg-config search path.
Perhaps you should add the directory containing `gexiv2.pc'
to the PKG_CONFIG_PATH environment variable
No package 'gexiv2' found
configure:21847: $? = 1
configure:21861: result: no
No package 'gexiv2' found
configure:21921: checking for CAIRO
configure:21928: $PKG_CONFIG --exists --print-errors "cairo"
configure:21931: $? = 0
configure:21945: $PKG_CONFIG --exists --print-errors "cairo"
configure:21948: $? = 0
configure:21986: result: yes
configure:22026: checking for PANGO
configure:22033: $PKG_CONFIG --exists --print-errors "pango >= 1.38.0"
configure:22036: $? = 0
configure:22050: $PKG_CONFIG --exists --print-errors "pango >= 1.38.0"
configure:22053: $? = 0
configure:22091: result: yes
configure:22101: checking for PANGOCAIRO
configure:22108: $PKG_CONFIG --exists --print-errors "pangocairo >= 1.38.0"
configure:22111: $? = 0
configure:22125: $PKG_CONFIG --exists --print-errors "pangocairo >= 1.38.0"
configure:22128: $? = 0
configure:22166: result: yes
configure:22210: checking for GDK_PIXBUF
configure:22217: $PKG_CONFIG --exists --print-errors "gdk-pixbuf-2.0 >= 2.32.0"
configure:22220: $? = 0
configure:22234: $PKG_CONFIG --exists --print-errors "gdk-pixbuf-2.0 >= 2.32.0"
configure:22237: $? = 0
configure:22275: result: yes
configure:22306: checking for LENSFUN
configure:22313: $PKG_CONFIG --exists --print-errors "lensfun"
Package lensfun was not found in the pkg-config search path.
Perhaps you should add the directory containing `lensfun.pc'
to the PKG_CONFIG_PATH environment variable
No package 'lensfun' found
configure:22316: $? = 1
configure:22330: $PKG_CONFIG --exists --print-errors "lensfun"
Package lensfun was not found in the pkg-config search path.
Perhaps you should add the directory containing `lensfun.pc'
to the PKG_CONFIG_PATH environment variable
No package 'lensfun' found
configure:22333: $? = 1
configure:22347: result: no
No package 'lensfun' found
configure:22396: checking for jpeg_destroy_decompress in -ljpeg
configure:22421: gcc -o conftest -g -O3 -mmmx -msse -ftree-vectorize -ffast-math   conftest.c -ljpeg   >&5
configure:22421: $? = 0
configure:22430: result: yes
configure:22439: checking for jpeglib.h
configure:22451: gcc -E  conftest.c
configure:22451: $? = 0
configure:22457: result: yes
configure:22460: checking for jpeg_save_markers in -ljpeg
configure:22485: gcc -o conftest -g -O3 -mmmx -msse -ftree-vectorize -ffast-math   conftest.c -ljpeg   >&5
configure:22485: $? = 0
configure:22494: result: yes
configure:22532: checking for PNG
configure:22539: $PKG_CONFIG --exists --print-errors "libpng"
configure:22542: $? = 0
configure:22556: $PKG_CONFIG --exists --print-errors "libpng"
configure:22559: $? = 0
configure:22597: result: yes
configure:22634: checking for RSVG
configure:22641: $PKG_CONFIG --exists --print-errors "librsvg-2.0 >= 2.40.6"
Package librsvg-2.0 was not found in the pkg-config search path.
Perhaps you should add the directory containing `librsvg-2.0.pc'
to the PKG_CONFIG_PATH environment variable
No package 'librsvg-2.0' found
configure:22644: $? = 1
configure:22658: $PKG_CONFIG --exists --print-errors "librsvg-2.0 >= 2.40.6"
Package librsvg-2.0 was not found in the pkg-config search path.
Perhaps you should add the directory containing `librsvg-2.0.pc'
to the PKG_CONFIG_PATH environment variable
No package 'librsvg-2.0' found
configure:22661: $? = 1
configure:22675: result: no
No package 'librsvg-2.0' found
configure:22733: checking for V4L2
configure:22740: $PKG_CONFIG --exists --print-errors "libv4l2 >= 1.0.1"
Package libv4l2 was not found in the pkg-config search path.
Perhaps you should add the directory containing `libv4l2.pc'
to the PKG_CONFIG_PATH environment variable
No package 'libv4l2' found
configure:22743: $? = 1
configure:22757: $PKG_CONFIG --exists --print-errors "libv4l2 >= 1.0.1"
Package libv4l2 was not found in the pkg-config search path.
Perhaps you should add the directory containing `libv4l2.pc'
to the PKG_CONFIG_PATH environment variable
No package 'libv4l2' found
configure:22760: $? = 1
configure:22774: result: no
No package 'libv4l2' found
configure:22832: checking for OPENEXR
configure:22839: $PKG_CONFIG --exists --print-errors "OpenEXR"
Package OpenEXR was not found in the pkg-config search path.
Perhaps you should add the directory containing `OpenEXR.pc'
to the PKG_CONFIG_PATH environment variable
No package 'OpenEXR' found
configure:22842: $? = 1
configure:22856: $PKG_CONFIG --exists --print-errors "OpenEXR"
Package OpenEXR was not found in the pkg-config search path.
Perhaps you should add the directory containing `OpenEXR.pc'
to the PKG_CONFIG_PATH environment variable
No package 'OpenEXR' found
configure:22859: $? = 1
configure:22873: result: no
No package 'OpenEXR' found
configure:22931: checking for sdl-config
configure:22962: result: no
configure:22972: result: *** Check for SDL library failed.
configure:23013: checking for LIBRAW
configure:23020: $PKG_CONFIG --exists --print-errors "libraw >= 0.15.4"
Package libraw was not found in the pkg-config search path.
Perhaps you should add the directory containing `libraw.pc'
to the PKG_CONFIG_PATH environment variable
No package 'libraw' found
configure:23023: $? = 1
configure:23037: $PKG_CONFIG --exists --print-errors "libraw >= 0.15.4"
Package libraw was not found in the pkg-config search path.
Perhaps you should add the directory containing `libraw.pc'
to the PKG_CONFIG_PATH environment variable
No package 'libraw' found
configure:23040: $? = 1
configure:23054: result: no
No package 'libraw' found
configure:23114: checking for JASPER
configure:23121: $PKG_CONFIG --exists --print-errors "jasper >= 1.900.1"
Package jasper was not found in the pkg-config search path.
Perhaps you should add the directory containing `jasper.pc'
to the PKG_CONFIG_PATH environment variable
No package 'jasper' found
configure:23124: $? = 1
configure:23138: $PKG_CONFIG --exists --print-errors "jasper >= 1.900.1"
Package jasper was not found in the pkg-config search path.
Perhaps you should add the directory containing `jasper.pc'
to the PKG_CONFIG_PATH environment variable
No package 'jasper' found
configure:23141: $? = 1
configure:23155: result: no
No package 'jasper' found
configure:23174: checking for jas_stream_freopen in -ljasper
configure:23199: gcc -o conftest -g -O3 -mmmx -msse -ftree-vectorize -ffast-math   conftest.c -ljasper   >&5
/usr/bin/ld: cannot find -ljasper
collect2: error: ld returned 1 exit status
configure:23199: $? = 1
configure: failed program was:
| /* confdefs.h */
| #define PACKAGE_NAME "gegl"
| #define PACKAGE_TARNAME "gegl"
| #define PACKAGE_VERSION "0.3.28"
| #define PACKAGE_STRING "gegl 0.3.28"
| #define PACKAGE_BUGREPORT ""
| #define PACKAGE_URL ""
| #define GEGL_LIBRARY "gegl-0.3"
| #define GEGL_UNSTABLE 1
| #define STDC_HEADERS 1
| #define HAVE_SYS_TYPES_H 1
| #define HAVE_SYS_STAT_H 1
| #define HAVE_STDLIB_H 1
| #define HAVE_STRING_H 1
| #define HAVE_MEMORY_H 1
| #define HAVE_STRINGS_H 1
| #define HAVE_INTTYPES_H 1
| #define HAVE_STDINT_H 1
| #define HAVE_UNISTD_H 1
| #define HAVE_DLFCN_H 1
| #define LT_OBJDIR ".libs/"
| #define GEGL_GNUC_VARIADIC_MACROS 1
| #define GEGL_ISO_VARIADIC_MACROS 1
| #define GEGL_ISO_CXX_VARIADIC_MACROS 1
| #define restrict __restrict
| #define ARCH_X86 1
| #define ARCH_X86_64 1
| #define SHREXT ".so"
| #define USE_MMX 1
| #define USE_SSE 1
| #define HAVE_FSYNC 1
| #define ENABLE_NLS 1
| #define HAVE_GETTEXT 1
| #define HAVE_DCGETTEXT 1
| #define GETTEXT_PACKAGE "gegl-0.3"
| #define HAVE_BIND_TEXTDOMAIN_CODESET 1
| /* end confdefs.h.  */
| 
| /* Override any GCC internal prototype to avoid an error.
|    Use char because int might match the return type of a GCC
|    builtin and then its argument prototype would still apply.  */
| #ifdef __cplusplus
| extern "C"
| #endif
| char jas_stream_freopen ();
| int
| main ()
| {
| return jas_stream_freopen ();
|   ;
|   return 0;
| }
configure:23208: result: no
configure:23317: checking for dot
configure:23348: result: no
configure:23359: result: *** Check for dot command from graphviz failed.
configure:23391: checking for LUA
configure:23398: $PKG_CONFIG --exists --print-errors "lua >= 5.1.0"
Package lua was not found in the pkg-config search path.
Perhaps you should add the directory containing `lua.pc'
to the PKG_CONFIG_PATH environment variable
No package 'lua' found
configure:23401: $? = 1
configure:23415: $PKG_CONFIG --exists --print-errors "lua >= 5.1.0"
Package lua was not found in the pkg-config search path.
Perhaps you should add the directory containing `lua.pc'
to the PKG_CONFIG_PATH environment variable
No package 'lua' found
configure:23418: $? = 1
configure:23432: result: no
No package 'lua' found
configure:23450: checking for LUA
configure:23457: $PKG_CONFIG --exists --print-errors "lua5.1 >= 5.1.0"
Package lua5.1 was not found in the pkg-config search path.
Perhaps you should add the directory containing `lua5.1.pc'
to the PKG_CONFIG_PATH environment variable
No package 'lua5.1' found
configure:23460: $? = 1
configure:23474: $PKG_CONFIG --exists --print-errors "lua5.1 >= 5.1.0"
Package lua5.1 was not found in the pkg-config search path.
Perhaps you should add the directory containing `lua5.1.pc'
to the PKG_CONFIG_PATH environment variable
No package 'lua5.1' found
configure:23477: $? = 1
configure:23491: result: no
No package 'lua5.1' found
configure:23509: checking for LUA
configure:23516: $PKG_CONFIG --exists --print-errors "luajit >= 2.0.4"
Package luajit was not found in the pkg-config search path.
Perhaps you should add the directory containing `luajit.pc'
to the PKG_CONFIG_PATH environment variable
No package 'luajit' found
configure:23519: $? = 1
configure:23533: $PKG_CONFIG --exists --print-errors "luajit >= 2.0.4"
Package luajit was not found in the pkg-config search path.
Perhaps you should add the directory containing `luajit.pc'
to the PKG_CONFIG_PATH environment variable
No package 'luajit' found
configure:23536: $? = 1
configure:23550: result: no
No package 'luajit' found
configure:23909: checking for AVFORMAT
configure:23916: $PKG_CONFIG --exists --print-errors "libavformat >= 55.48.100 libavcodec >= 55.69.100 libswscale >= 2.6.100"
Package libavformat was not found in the pkg-config search path.
Perhaps you should add the directory containing `libavformat.pc'
to the PKG_CONFIG_PATH environment variable
No package 'libavformat' found
Package libavcodec was not found in the pkg-config search path.
Perhaps you should add the directory containing `libavcodec.pc'
to the PKG_CONFIG_PATH environment variable
No package 'libavcodec' found
Package libswscale was not found in the pkg-config search path.
Perhaps you should add the directory containing `libswscale.pc'
to the PKG_CONFIG_PATH environment variable
No package 'libswscale' found
configure:23919: $? = 1
configure:23933: $PKG_CONFIG --exists --print-errors "libavformat >= 55.48.100 libavcodec >= 55.69.100 libswscale >= 2.6.100"
Package libavformat was not found in the pkg-config search path.
Perhaps you should add the directory containing `libavformat.pc'
to the PKG_CONFIG_PATH environment variable
No package 'libavformat' found
Package libavcodec was not found in the pkg-config search path.
Perhaps you should add the directory containing `libavcodec.pc'
to the PKG_CONFIG_PATH environment variable
No package 'libavcodec' found
Package libswscale was not found in the pkg-config search path.
Perhaps you should add the directory containing `libswscale.pc'
to the PKG_CONFIG_PATH environment variable
No package 'libswscale' found
configure:23936: $? = 1
configure:23950: result: no
No package 'libavformat' found
No package 'libavcodec' found
No package 'libswscale' found
configure:24029: checking linux/videodev2.h usability
configure:24029: gcc -c -g -O3 -mmmx -msse -ftree-vectorize -ffast-math  conftest.c >&5
configure:24029: $? = 0
configure:24029: result: yes
configure:24029: checking linux/videodev2.h presence
configure:24029: gcc -E  conftest.c
configure:24029: $? = 0
configure:24029: result: yes
configure:24029: checking for linux/videodev2.h
configure:24029: result: yes
configure:24044: checking for V4l
configure:24051: $PKG_CONFIG --exists --print-errors "libv4l2"
Package libv4l2 was not found in the pkg-config search path.
Perhaps you should add the directory containing `libv4l2.pc'
to the PKG_CONFIG_PATH environment variable
No package 'libv4l2' found
configure:24054: $? = 1
configure:24068: $PKG_CONFIG --exists --print-errors "libv4l2"
Package libv4l2 was not found in the pkg-config search path.
Perhaps you should add the directory containing `libv4l2.pc'
to the PKG_CONFIG_PATH environment variable
No package 'libv4l2' found
configure:24071: $? = 1
configure:24085: result: no
No package 'libv4l2' found
configure:24140: checking for LCMS
configure:24147: $PKG_CONFIG --exists --print-errors "lcms2 >= 2.8"
Package lcms2 was not found in the pkg-config search path.
Perhaps you should add the directory containing `lcms2.pc'
to the PKG_CONFIG_PATH environment variable
No package 'lcms2' found
configure:24150: $? = 1
configure:24164: $PKG_CONFIG --exists --print-errors "lcms2 >= 2.8"
Package lcms2 was not found in the pkg-config search path.
Perhaps you should add the directory containing `lcms2.pc'
to the PKG_CONFIG_PATH environment variable
No package 'lcms2' found
configure:24167: $? = 1
configure:24181: result: no
No package 'lcms2' found
configure:24237: checking for run_spiro in -lspiro
configure:24262: gcc -o conftest -g -O3 -mmmx -msse -ftree-vectorize -ffast-math   conftest.c -lspiro   >&5
/usr/bin/ld: cannot find -lspiro
collect2: error: ld returned 1 exit status
configure:24262: $? = 1
configure: failed program was:
| /* confdefs.h */
| #define PACKAGE_NAME "gegl"
| #define PACKAGE_TARNAME "gegl"
| #define PACKAGE_VERSION "0.3.28"
| #define PACKAGE_STRING "gegl 0.3.28"
| #define PACKAGE_BUGREPORT ""
| #define PACKAGE_URL ""
| #define GEGL_LIBRARY "gegl-0.3"
| #define GEGL_UNSTABLE 1
| #define STDC_HEADERS 1
| #define HAVE_SYS_TYPES_H 1
| #define HAVE_SYS_STAT_H 1
| #define HAVE_STDLIB_H 1
| #define HAVE_STRING_H 1
| #define HAVE_MEMORY_H 1
| #define HAVE_STRINGS_H 1
| #define HAVE_INTTYPES_H 1
| #define HAVE_STDINT_H 1
| #define HAVE_UNISTD_H 1
| #define HAVE_DLFCN_H 1
| #define LT_OBJDIR ".libs/"
| #define GEGL_GNUC_VARIADIC_MACROS 1
| #define GEGL_ISO_VARIADIC_MACROS 1
| #define GEGL_ISO_CXX_VARIADIC_MACROS 1
| #define restrict __restrict
| #define ARCH_X86 1
| #define ARCH_X86_64 1
| #define SHREXT ".so"
| #define USE_MMX 1
| #define USE_SSE 1
| #define HAVE_FSYNC 1
| #define ENABLE_NLS 1
| #define HAVE_GETTEXT 1
| #define HAVE_DCGETTEXT 1
| #define GETTEXT_PACKAGE "gegl-0.3"
| #define HAVE_BIND_TEXTDOMAIN_CODESET 1
| /* end confdefs.h.  */
| 
| /* Override any GCC internal prototype to avoid an error.
|    Use char because int might match the return type of a GCC
|    builtin and then its argument prototype would still apply.  */
| #ifdef __cplusplus
| extern "C"
| #endif
| char run_spiro ();
| int
| main ()
| {
| return run_spiro ();
|   ;
|   return 0;
| }
configure:24271: result: no
configure:24322: checking for EXIV2
configure:24329: $PKG_CONFIG --exists --print-errors "exiv2 >= 0.25"
Package exiv2 was not found in the pkg-config search path.
Perhaps you should add the directory containing `exiv2.pc'
to the PKG_CONFIG_PATH environment variable
No package 'exiv2' found
configure:24332: $? = 1
configure:24346: $PKG_CONFIG --exists --print-errors "exiv2 >= 0.25"
Package exiv2 was not found in the pkg-config search path.
Perhaps you should add the directory containing `exiv2.pc'
to the PKG_CONFIG_PATH environment variable
No package 'exiv2' found
configure:24349: $? = 1
configure:24363: result: no
No package 'exiv2' found
configure:24424: checking for umfpack_dl_solve in -lumfpack
configure:24449: gcc -o conftest -g -O3 -mmmx -msse -ftree-vectorize -ffast-math   conftest.c -lumfpack   >&5
/usr/bin/ld: cannot find -lumfpack
collect2: error: ld returned 1 exit status
configure:24449: $? = 1
configure: failed program was:
| /* confdefs.h */
| #define PACKAGE_NAME "gegl"
| #define PACKAGE_TARNAME "gegl"
| #define PACKAGE_VERSION "0.3.28"
| #define PACKAGE_STRING "gegl 0.3.28"
| #define PACKAGE_BUGREPORT ""
| #define PACKAGE_URL ""
| #define GEGL_LIBRARY "gegl-0.3"
| #define GEGL_UNSTABLE 1
| #define STDC_HEADERS 1
| #define HAVE_SYS_TYPES_H 1
| #define HAVE_SYS_STAT_H 1
| #define HAVE_STDLIB_H 1
| #define HAVE_STRING_H 1
| #define HAVE_MEMORY_H 1
| #define HAVE_STRINGS_H 1
| #define HAVE_INTTYPES_H 1
| #define HAVE_STDINT_H 1
| #define HAVE_UNISTD_H 1
| #define HAVE_DLFCN_H 1
| #define LT_OBJDIR ".libs/"
| #define GEGL_GNUC_VARIADIC_MACROS 1
| #define GEGL_ISO_VARIADIC_MACROS 1
| #define GEGL_ISO_CXX_VARIADIC_MACROS 1
| #define restrict __restrict
| #define ARCH_X86 1
| #define ARCH_X86_64 1
| #define SHREXT ".so"
| #define USE_MMX 1
| #define USE_SSE 1
| #define HAVE_FSYNC 1
| #define ENABLE_NLS 1
| #define HAVE_GETTEXT 1
| #define HAVE_DCGETTEXT 1
| #define GETTEXT_PACKAGE "gegl-0.3"
| #define HAVE_BIND_TEXTDOMAIN_CODESET 1
| /* end confdefs.h.  */
| 
| /* Override any GCC internal prototype to avoid an error.
|    Use char because int might match the return type of a GCC
|    builtin and then its argument prototype would still apply.  */
| #ifdef __cplusplus
| extern "C"
| #endif
| char umfpack_dl_solve ();
| int
| main ()
| {
| return umfpack_dl_solve ();
|   ;
|   return 0;
| }
configure:24458: result: no
configure:24514: checking for TIFF
configure:24521: $PKG_CONFIG --exists --print-errors "libtiff-4 >= 4.0.0"
Package libtiff-4 was not found in the pkg-config search path.
Perhaps you should add the directory containing `libtiff-4.pc'
to the PKG_CONFIG_PATH environment variable
No package 'libtiff-4' found
configure:24524: $? = 1
configure:24538: $PKG_CONFIG --exists --print-errors "libtiff-4 >= 4.0.0"
Package libtiff-4 was not found in the pkg-config search path.
Perhaps you should add the directory containing `libtiff-4.pc'
to the PKG_CONFIG_PATH environment variable
No package 'libtiff-4' found
configure:24541: $? = 1
configure:24555: result: no
No package 'libtiff-4' found
configure:24613: checking for WEBP
configure:24620: $PKG_CONFIG --exists --print-errors "libwebp >= 0.5.0"
Package libwebp was not found in the pkg-config search path.
Perhaps you should add the directory containing `libwebp.pc'
to the PKG_CONFIG_PATH environment variable
No package 'libwebp' found
configure:24623: $? = 1
configure:24637: $PKG_CONFIG --exists --print-errors "libwebp >= 0.5.0"
Package libwebp was not found in the pkg-config search path.
Perhaps you should add the directory containing `libwebp.pc'
to the PKG_CONFIG_PATH environment variable
No package 'libwebp' found
configure:24640: $? = 1
configure:24654: result: no
No package 'libwebp' found
configure:24703: checking for P2TC
configure:24710: $PKG_CONFIG --exists --print-errors "poly2tri-c >= poly2tri-c_required_version"
Package poly2tri-c was not found in the pkg-config search path.
Perhaps you should add the directory containing `poly2tri-c.pc'
to the PKG_CONFIG_PATH environment variable
No package 'poly2tri-c' found
configure:24713: $? = 1
configure:24727: $PKG_CONFIG --exists --print-errors "poly2tri-c >= poly2tri-c_required_version"
Package poly2tri-c was not found in the pkg-config search path.
Perhaps you should add the directory containing `poly2tri-c.pc'
to the PKG_CONFIG_PATH environment variable
No package 'poly2tri-c' found
configure:24730: $? = 1
configure:24744: result: no
No package 'poly2tri-c' found
configure:24815: checking execinfo.h usability
configure:24815: gcc -c -g -O3 -mmmx -msse -ftree-vectorize -ffast-math  conftest.c >&5
configure:24815: $? = 0
configure:24815: result: yes
configure:24815: checking execinfo.h presence
configure:24815: gcc -E  conftest.c
configure:24815: $? = 0
configure:24815: result: yes
configure:24815: checking for execinfo.h
configure:24815: result: yes
configure:24829: checking for w3m
configure:24860: result: no
configure:24895: checking for rint
configure:24895: gcc -o conftest -g -O3 -mmmx -msse -ftree-vectorize -ffast-math   conftest.c  >&5
conftest.c:62:6: warning: conflicting types for built-in function 'rint'
 char rint ();
      ^
/tmp/ccZ1DYqJ.o: In function `main':
/home/gaston/Downloads/gimp-2.8.16/gegl-0.3.28/conftest.c:73: undefined reference to `rint'
collect2: error: ld returned 1 exit status
configure:24895: $? = 1
configure: failed program was:
| /* confdefs.h */
| #define PACKAGE_NAME "gegl"
| #define PACKAGE_TARNAME "gegl"
| #define PACKAGE_VERSION "0.3.28"
| #define PACKAGE_STRING "gegl 0.3.28"
| #define PACKAGE_BUGREPORT ""
| #define PACKAGE_URL ""
| #define GEGL_LIBRARY "gegl-0.3"
| #define GEGL_UNSTABLE 1
| #define STDC_HEADERS 1
| #define HAVE_SYS_TYPES_H 1
| #define HAVE_SYS_STAT_H 1
| #define HAVE_STDLIB_H 1
| #define HAVE_STRING_H 1
| #define HAVE_MEMORY_H 1
| #define HAVE_STRINGS_H 1
| #define HAVE_INTTYPES_H 1
| #define HAVE_STDINT_H 1
| #define HAVE_UNISTD_H 1
| #define HAVE_DLFCN_H 1
| #define LT_OBJDIR ".libs/"
| #define GEGL_GNUC_VARIADIC_MACROS 1
| #define GEGL_ISO_VARIADIC_MACROS 1
| #define GEGL_ISO_CXX_VARIADIC_MACROS 1
| #define restrict __restrict
| #define ARCH_X86 1
| #define ARCH_X86_64 1
| #define SHREXT ".so"
| #define USE_MMX 1
| #define USE_SSE 1
| #define HAVE_FSYNC 1
| #define ENABLE_NLS 1
| #define HAVE_GETTEXT 1
| #define HAVE_DCGETTEXT 1
| #define GETTEXT_PACKAGE "gegl-0.3"
| #define HAVE_BIND_TEXTDOMAIN_CODESET 1
| #define HAVE_EXECINFO_H 1
| /* end confdefs.h.  */
| /* Define rint to an innocuous variant, in case <limits.h> declares rint.
|    For example, HP-UX 11i <limits.h> declares gettimeofday.  */
| #define rint innocuous_rint
| 
| /* System header to define __stub macros and hopefully few prototypes,
|     which can conflict with char rint (); below.
|     Prefer <limits.h> to <assert.h> if __STDC__ is defined, since
|     <limits.h> exists even on freestanding compilers.  */
| 
| #ifdef __STDC__
| # include <limits.h>
| #else
| # include <assert.h>
| #endif
| 
| #undef rint
| 
| /* Override any GCC internal prototype to avoid an error.
|    Use char because int might match the return type of a GCC
|    builtin and then its argument prototype would still apply.  */
| #ifdef __cplusplus
| extern "C"
| #endif
| char rint ();
| /* The GNU C library defines this for functions which it implements
|     to always fail with ENOSYS.  Some functions are actually named
|     something starting with __ and the normal name is an alias.  */
| #if defined __stub_rint || defined __stub___rint
| choke me
| #endif
| 
| int
| main ()
| {
| return rint ();
|   ;
|   return 0;
| }
configure:24895: result: no
configure:24902: checking for rint in -lm
configure:24927: gcc -o conftest -g -O3 -mmmx -msse -ftree-vectorize -ffast-math   conftest.c -lm   >&5
conftest.c:46:6: warning: conflicting types for built-in function 'rint'
 char rint ();
      ^
configure:24927: $? = 0
configure:24936: result: yes
configure:24966: checking to see if compiler understands -Wall
configure:24983: gcc -c -g -O3 -mmmx -msse -ftree-vectorize -ffast-math -Wall  conftest.c >&5
configure:24983: $? = 0
configure:24998: result: yes
configure:24966: checking to see if compiler understands -Wdeclaration-after-statement
configure:24983: gcc -c -g -O3 -mmmx -msse -ftree-vectorize -ffast-math -Wall -Wdeclaration-after-statement  conftest.c >&5
configure:24983: $? = 0
configure:24998: result: yes
configure:24966: checking to see if compiler understands -Wmissing-prototypes
configure:24983: gcc -c -g -O3 -mmmx -msse -ftree-vectorize -ffast-math -Wall -Wdeclaration-after-statement -Wmissing-prototypes  conftest.c >&5
configure:24983: $? = 0
configure:24998: result: yes
configure:24966: checking to see if compiler understands -Wmissing-declarations
configure:24983: gcc -c -g -O3 -mmmx -msse -ftree-vectorize -ffast-math -Wall -Wdeclaration-after-statement -Wmissing-prototypes -Wmissing-declarations  conftest.c >&5
configure:24983: $? = 0
configure:24998: result: yes
configure:24966: checking to see if compiler understands -Winit-self
configure:24983: gcc -c -g -O3 -mmmx -msse -ftree-vectorize -ffast-math -Wall -Wdeclaration-after-statement -Wmissing-prototypes -Wmissing-declarations -Winit-self  conftest.c >&5
configure:24983: $? = 0
configure:24998: result: yes
configure:24966: checking to see if compiler understands -Wpointer-arith
configure:24983: gcc -c -g -O3 -mmmx -msse -ftree-vectorize -ffast-math -Wall -Wdeclaration-after-statement -Wmissing-prototypes -Wmissing-declarations -Winit-self -Wpointer-arith  conftest.c >&5
configure:24983: $? = 0
configure:24998: result: yes
configure:24966: checking to see if compiler understands -Wold-style-definition
configure:24983: gcc -c -g -O3 -mmmx -msse -ftree-vectorize -ffast-math -Wall -Wdeclaration-after-statement -Wmissing-prototypes -Wmissing-declarations -Winit-self -Wpointer-arith -Wold-style-definition  conftest.c >&5
conftest.c: In function 'main':
conftest.c:42:1: warning: old-style function definition [-Wold-style-definition]
 main ()
 ^
configure:24983: $? = 0
configure:24998: result: yes
configure:25126: checking that generated files are newer than configure
configure:25132: result: done
configure:25351: creating ./config.status

## ---------------------- ##
## Running config.status. ##
## ---------------------- ##

This file was extended by gegl config.status 0.3.28, which was
generated by GNU Autoconf 2.69.  Invocation command line was

  CONFIG_FILES    = 
  CONFIG_HEADERS  = 
  CONFIG_LINKS    = 
  CONFIG_COMMANDS = 
  $ ./config.status 

on gaston-Inspiron-11-3162

config.status:1478: creating Makefile
config.status:1478: creating bin/Makefile
config.status:1478: creating gcut/Makefile
config.status:1478: creating gegl/Makefile
config.status:1478: creating gegl/gegl-version.h
config.status:1478: creating gegl/buffer/Makefile
config.status:1478: creating gegl/graph/Makefile
config.status:1478: creating gegl/module/Makefile
config.status:1478: creating gegl/operation/Makefile
config.status:1478: creating gegl/process/Makefile
config.status:1478: creating gegl/property-types/Makefile
config.status:1478: creating gegl/opencl/Makefile
config.status:1478: creating libs/Makefile
config.status:1478: creating libs/rgbe/Makefile
config.status:1478: creating libs/npd/Makefile
config.status:1478: creating libs/poly2tri-c/Makefile
config.status:1478: creating libs/poly2tri-c/poly2tri-c/Makefile
config.status:1478: creating libs/poly2tri-c/poly2tri-c/render/Makefile
config.status:1478: creating libs/poly2tri-c/poly2tri-c/p2t/sweep/Makefile
config.status:1478: creating libs/poly2tri-c/poly2tri-c/p2t/common/Makefile
config.status:1478: creating libs/poly2tri-c/poly2tri-c/p2t/Makefile
config.status:1478: creating libs/poly2tri-c/poly2tri-c/refine/Makefile
config.status:1478: creating seamless-clone/Makefile
config.status:1478: creating operations/Makefile
config.status:1478: creating operations/core/Makefile
config.status:1478: creating operations/json/Makefile
config.status:1478: creating operations/common/Makefile
config.status:1478: creating operations/common/perlin/Makefile
config.status:1478: creating operations/common-gpl3+/Makefile
config.status:1478: creating operations/seamless-clone/Makefile
config.status:1478: creating operations/external/Makefile
config.status:1478: creating operations/generated/Makefile
config.status:1478: creating operations/transform/Makefile
config.status:1478: creating operations/workshop/Makefile
config.status:1478: creating operations/workshop/external/Makefile
config.status:1478: creating operations/workshop/generated/Makefile
config.status:1478: creating tools/Makefile
config.status:1478: creating docs/Makefile
config.status:1478: creating docs/index.txt
config.status:1478: creating docs/hello-world.txt
config.status:1478: creating docs/copyright.txt
config.status:1478: creating examples/Makefile
config.status:1478: creating examples/data/Makefile
config.status:1478: creating tests/Makefile
config.status:1478: creating tests/buffer/Makefile
config.status:1478: creating tests/buffer/reference/Makefile
config.status:1478: creating tests/buffer/tests/Makefile
config.status:1478: creating tests/compositions/Makefile
config.status:1478: creating tests/compositions/data/Makefile
config.status:1478: creating tests/ff-load-save/Makefile
config.status:1478: creating tests/python/Makefile
config.status:1478: creating tests/simple/Makefile
config.status:1478: creating tests/mipmap/Makefile
config.status:1478: creating tests/xml/Makefile
config.status:1478: creating tests/xml/data/Makefile
config.status:1478: creating perf/Makefile
config.status:1478: creating po/Makefile.in
config.status:1478: creating gegl-uninstalled.pc
config.status:1478: creating opencl/Makefile
config.status:1478: creating gegl-0.3.pc
config.status:1478: creating gegl/gegl-0.3.deps
config.status:1478: creating gegl/Gegl-0.3.metadata
config.status:1478: creating seamless-clone/gegl-sc-0.3.pc
config.status:1478: creating config.h
config.status:1659: config.h is unchanged
config.status:1707: executing depfiles commands
config.status:1707: executing libtool commands
config.status:1707: executing po-directories commands
configure:27986: result:
Building GEGL with prefix=/usr/local

Optional features:
  GEGL docs:       yes
  Build workshop:  no
  Build website:   no  (asciidoc not found)
  SIMD:            sse:yes mmx:yes
  Vala support:    no  (vapigen not found)

Optional dependencies:
  asciidoc:        no  (asciidoc not found)
  enscript:        no  (enscript not found)
  mrg:             no  (mrg not found)
  Ruby:            no
  Lua:             no  (usable lua not found)
  Cairo:           yes
  Pango:           yes
  pangocairo:      yes
  GDKPixbuf:       yes
  JPEG:            yes
  PNG:             yes
  OpenEXR:         no  (OpenEXR library not found)
  rsvg:            no  (usable librsvg not found)
  SDL:             no  (SDL library not found)
  libraw:          no  (libraw library not found)
  Jasper:          no  (jasper library not found)
  graphviz:        no  (graphviz not found)
  avformat:        no  (sufficiently new libavformat / libavcodec or libswcale not found)
  V4L:             no   (v4l library not found)
  V4L2:            no  (usable libv4l2 not found)
  spiro:           no  (usable SPIRO library not found)
  EXIV:            no  (exiv2 library not found)
  gexiv2:          no  (gexiv2 not found)
  umfpack:         no  (usable umfpack library not found)
  TIFF             no  (libtiff library not found)
  webp:            no  (webp library not found)
  poly2tri-c:      yes (internal)


## ---------------- ##
## Cache variables. ##
## ---------------- ##

ac_cv_build=x86_64-pc-linux-gnu
ac_cv_c_compiler_gnu=yes
ac_cv_c_restrict=__restrict
ac_cv_cxx_compiler_gnu=yes
ac_cv_env_AVFORMAT_CFLAGS_set=
ac_cv_env_AVFORMAT_CFLAGS_value=
ac_cv_env_AVFORMAT_LIBS_set=
ac_cv_env_AVFORMAT_LIBS_value=
ac_cv_env_BABL_CFLAGS_set=
ac_cv_env_BABL_CFLAGS_value=
ac_cv_env_BABL_LIBS_set=
ac_cv_env_BABL_LIBS_value=
ac_cv_env_CAIRO_CFLAGS_set=
ac_cv_env_CAIRO_CFLAGS_value=
ac_cv_env_CAIRO_LIBS_set=
ac_cv_env_CAIRO_LIBS_value=
ac_cv_env_CCC_set=
ac_cv_env_CCC_value=
ac_cv_env_CC_set=
ac_cv_env_CC_value=
ac_cv_env_CFLAGS_set=
ac_cv_env_CFLAGS_value=
ac_cv_env_CPPFLAGS_set=
ac_cv_env_CPPFLAGS_value=
ac_cv_env_CPP_set=
ac_cv_env_CPP_value=
ac_cv_env_CXXCPP_set=
ac_cv_env_CXXCPP_value=
ac_cv_env_CXXFLAGS_set=
ac_cv_env_CXXFLAGS_value=
ac_cv_env_CXX_set=
ac_cv_env_CXX_value=
ac_cv_env_DEP_CFLAGS_set=
ac_cv_env_DEP_CFLAGS_value=
ac_cv_env_DEP_LIBS_set=
ac_cv_env_DEP_LIBS_value=
ac_cv_env_EXIV2_CFLAGS_set=
ac_cv_env_EXIV2_CFLAGS_value=
ac_cv_env_EXIV2_LIBS_set=
ac_cv_env_EXIV2_LIBS_value=
ac_cv_env_GDK_PIXBUF_CFLAGS_set=
ac_cv_env_GDK_PIXBUF_CFLAGS_value=
ac_cv_env_GDK_PIXBUF_LIBS_set=
ac_cv_env_GDK_PIXBUF_LIBS_value=
ac_cv_env_GEXIV2_CFLAGS_set=
ac_cv_env_GEXIV2_CFLAGS_value=
ac_cv_env_GEXIV2_LIBS_set=
ac_cv_env_GEXIV2_LIBS_value=
ac_cv_env_JASPER_CFLAGS_set=
ac_cv_env_JASPER_CFLAGS_value=
ac_cv_env_JASPER_LIBS_set=
ac_cv_env_JASPER_LIBS_value=
ac_cv_env_LCMS_CFLAGS_set=
ac_cv_env_LCMS_CFLAGS_value=
ac_cv_env_LCMS_LIBS_set=
ac_cv_env_LCMS_LIBS_value=
ac_cv_env_LDFLAGS_set=
ac_cv_env_LDFLAGS_value=
ac_cv_env_LENSFUN_CFLAGS_set=
ac_cv_env_LENSFUN_CFLAGS_value=
ac_cv_env_LENSFUN_LIBS_set=
ac_cv_env_LENSFUN_LIBS_value=
ac_cv_env_LIBRAW_CFLAGS_set=
ac_cv_env_LIBRAW_CFLAGS_value=
ac_cv_env_LIBRAW_LIBS_set=
ac_cv_env_LIBRAW_LIBS_value=
ac_cv_env_LIBS_set=
ac_cv_env_LIBS_value=
ac_cv_env_LT_SYS_LIBRARY_PATH_set=
ac_cv_env_LT_SYS_LIBRARY_PATH_value=
ac_cv_env_LUA_CFLAGS_set=
ac_cv_env_LUA_CFLAGS_value=
ac_cv_env_LUA_LIBS_set=
ac_cv_env_LUA_LIBS_value=
ac_cv_env_MRG_CFLAGS_set=
ac_cv_env_MRG_CFLAGS_value=
ac_cv_env_MRG_LIBS_set=
ac_cv_env_MRG_LIBS_value=
ac_cv_env_OPENEXR_CFLAGS_set=
ac_cv_env_OPENEXR_CFLAGS_value=
ac_cv_env_OPENEXR_LIBS_set=
ac_cv_env_OPENEXR_LIBS_value=
ac_cv_env_P2TC_CFLAGS_set=
ac_cv_env_P2TC_CFLAGS_value=
ac_cv_env_P2TC_LIBS_set=
ac_cv_env_P2TC_LIBS_value=
ac_cv_env_PANGOCAIRO_CFLAGS_set=
ac_cv_env_PANGOCAIRO_CFLAGS_value=
ac_cv_env_PANGOCAIRO_LIBS_set=
ac_cv_env_PANGOCAIRO_LIBS_value=
ac_cv_env_PANGO_CFLAGS_set=
ac_cv_env_PANGO_CFLAGS_value=
ac_cv_env_PANGO_LIBS_set=
ac_cv_env_PANGO_LIBS_value=
ac_cv_env_PKG_CONFIG_LIBDIR_set=
ac_cv_env_PKG_CONFIG_LIBDIR_value=
ac_cv_env_PKG_CONFIG_PATH_set=
ac_cv_env_PKG_CONFIG_PATH_value=
ac_cv_env_PKG_CONFIG_set=
ac_cv_env_PKG_CONFIG_value=
ac_cv_env_PNG_CFLAGS_set=
ac_cv_env_PNG_CFLAGS_value=
ac_cv_env_PNG_LIBS_set=
ac_cv_env_PNG_LIBS_value=
ac_cv_env_PYTHON_set=
ac_cv_env_PYTHON_value=
ac_cv_env_RSVG_CFLAGS_set=
ac_cv_env_RSVG_CFLAGS_value=
ac_cv_env_RSVG_LIBS_set=
ac_cv_env_RSVG_LIBS_value=
ac_cv_env_TIFF_CFLAGS_set=
ac_cv_env_TIFF_CFLAGS_value=
ac_cv_env_TIFF_LIBS_set=
ac_cv_env_TIFF_LIBS_value=
ac_cv_env_V4L2_CFLAGS_set=
ac_cv_env_V4L2_CFLAGS_value=
ac_cv_env_V4L2_LIBS_set=
ac_cv_env_V4L2_LIBS_value=
ac_cv_env_V4l_CFLAGS_set=
ac_cv_env_V4l_CFLAGS_value=
ac_cv_env_V4l_LIBS_set=
ac_cv_env_V4l_LIBS_value=
ac_cv_env_WEBP_CFLAGS_set=
ac_cv_env_WEBP_CFLAGS_value=
ac_cv_env_WEBP_LIBS_set=
ac_cv_env_WEBP_LIBS_value=
ac_cv_env_build_alias_set=
ac_cv_env_build_alias_value=
ac_cv_env_host_alias_set=
ac_cv_env_host_alias_value=
ac_cv_env_target_alias_set=
ac_cv_env_target_alias_value=
ac_cv_func_bind_textdomain_codeset=yes
ac_cv_func_dlopen=no
ac_cv_func_fsync=yes
ac_cv_func_rint=no
ac_cv_func_shl_load=no
ac_cv_gegl_aclocal_flags=
ac_cv_header_dlfcn_h=yes
ac_cv_header_execinfo_h=yes
ac_cv_header_inttypes_h=yes
ac_cv_header_linux_videodev2_h=yes
ac_cv_header_memory_h=yes
ac_cv_header_stdc=yes
ac_cv_header_stdint_h=yes
ac_cv_header_stdlib_h=yes
ac_cv_header_string_h=yes
ac_cv_header_strings_h=yes
ac_cv_header_sys_stat_h=yes
ac_cv_header_sys_types_h=yes
ac_cv_header_unistd_h=yes
ac_cv_host=x86_64-pc-linux-gnu
ac_cv_lib_dl_dlopen=yes
ac_cv_lib_dld_shl_load=no
ac_cv_lib_jasper_jas_stream_freopen=no
ac_cv_lib_jpeg_jpeg_destroy_decompress=yes
ac_cv_lib_jpeg_jpeg_save_markers=yes
ac_cv_lib_m_rint=yes
ac_cv_lib_spiro_run_spiro=no
ac_cv_lib_umfpack_umfpack_dl_solve=no
ac_cv_objext=o
ac_cv_path_ASCIIDOC=no
ac_cv_path_DOT=no
ac_cv_path_EGREP='/bin/grep -E'
ac_cv_path_ENSCRIPT=no
ac_cv_path_FGREP='/bin/grep -F'
ac_cv_path_GMSGFMT=/usr/bin/msgfmt
ac_cv_path_GRAPHVIZ=no
ac_cv_path_GREP=/bin/grep
ac_cv_path_MSGFMT=/usr/bin/msgfmt
ac_cv_path_MSGMERGE=/usr/bin/msgmerge
ac_cv_path_PERL=/usr/bin/perl
ac_cv_path_PYTHON=/usr/bin/python
ac_cv_path_SDL_CONFIG=no
ac_cv_path_SED=/bin/sed
ac_cv_path_W3M=no
ac_cv_path_XGETTEXT=/usr/bin/xgettext
ac_cv_path_ac_pt_PKG_CONFIG=/usr/bin/pkg-config
ac_cv_path_install='/usr/bin/install -c'
ac_cv_path_lt_DD=/bin/dd
ac_cv_path_mkdir=/bin/mkdir
ac_cv_prog_AWK=mawk
ac_cv_prog_CPP='gcc -E'
ac_cv_prog_CXXCPP='g++ -E'
ac_cv_prog_PERL=/usr/bin/perl
ac_cv_prog_RUBY=no
ac_cv_prog_ac_ct_AR=ar
ac_cv_prog_ac_ct_CC=gcc
ac_cv_prog_ac_ct_CXX=g++
ac_cv_prog_ac_ct_MANIFEST_TOOL=mt
ac_cv_prog_ac_ct_OBJDUMP=objdump
ac_cv_prog_ac_ct_RANLIB=ranlib
ac_cv_prog_ac_ct_STRIP=strip
ac_cv_prog_cc_c89=
ac_cv_prog_cc_c99=
ac_cv_prog_cc_g=yes
ac_cv_prog_cxx_g=yes
ac_cv_prog_make_make_set=yes
ac_cv_sys_file_offset_bits=no
ac_cv_sys_largefile_CC=no
ac_cv_target=x86_64-pc-linux-gnu
acl_cv_hardcode_direct=no
acl_cv_hardcode_libdir_flag_spec='${wl}-rpath ${wl}$libdir'
acl_cv_hardcode_libdir_separator=
acl_cv_hardcode_minus_L=no
acl_cv_libext=a
acl_cv_libname_spec='lib$name'
acl_cv_library_names_spec='$libname$shrext'
acl_cv_path_LD='/usr/bin/ld -m elf_x86_64'
acl_cv_prog_gnu_ld=yes
acl_cv_rpath=done
acl_cv_shlibext=so
acl_cv_wl=-Wl,
am_cv_CC_dependencies_compiler_type=gcc3
am_cv_CXX_dependencies_compiler_type=gcc3
am_cv_make_support_nested_variables=yes
am_cv_pathless_PYTHON=python
am_cv_prog_cc_c_o=yes
am_cv_python_platform=linux2
am_cv_python_pyexecdir='${exec_prefix}/lib/python2.7/dist-packages'
am_cv_python_pythondir='${prefix}/lib/python2.7/dist-packages'
am_cv_python_version=2.7
gegl_cv_prog_c_variadic_macros=yes
gegl_cv_prog_cxx_variadic_macros=yes
gegl_cv_prog_gnuc_variadic_macros=yes
gt_cv_func_CFLocaleCopyCurrent=no
gt_cv_func_CFPreferencesCopyAppValue=no
gt_cv_func_gnugettext1_libc=yes
lt_cv_ar_at_file=@
lt_cv_archive_cmds_need_lc=no
lt_cv_deplibs_check_method=pass_all
lt_cv_dlopen=dlopen
lt_cv_dlopen_libs=-ldl
lt_cv_dlopen_self=yes
lt_cv_dlopen_self_static=no
lt_cv_file_magic_cmd='$MAGIC_CMD'
lt_cv_file_magic_test_file=
lt_cv_ld_reload_flag=-r
lt_cv_nm_interface='BSD nm'
lt_cv_objdir=.libs
lt_cv_path_LD=/usr/bin/ld
lt_cv_path_LDCXX='/usr/bin/ld -m elf_x86_64'
lt_cv_path_NM='/usr/bin/nm -B'
lt_cv_path_mainfest_tool=no
lt_cv_prog_compiler_c_o=yes
lt_cv_prog_compiler_c_o_CXX=yes
lt_cv_prog_compiler_pic='-fPIC -DPIC'
lt_cv_prog_compiler_pic_CXX='-fPIC -DPIC'
lt_cv_prog_compiler_pic_works=yes
lt_cv_prog_compiler_pic_works_CXX=yes
lt_cv_prog_compiler_rtti_exceptions=no
lt_cv_prog_compiler_static_works=yes
lt_cv_prog_compiler_static_works_CXX=yes
lt_cv_prog_gnu_ld=yes
lt_cv_prog_gnu_ldcxx=yes
lt_cv_sharedlib_from_linklib_cmd='printf %s\n'
lt_cv_shlibpath_overrides_runpath=no
lt_cv_sys_global_symbol_pipe='sed -n -e '\''s/^.*[	 ]\([ABCDGIRSTW][ABCDGIRSTW]*\)[	 ][	 ]*\([_A-Za-z][_A-Za-z0-9]*\)$/\1 \2 \2/p'\'' | sed '\''/ __gnu_lto/d'\'''
lt_cv_sys_global_symbol_to_c_name_address='sed -n -e '\''s/^: \(.*\) .*$/  {"\1", (void *) 0},/p'\'' -e '\''s/^[ABCDGIRSTW][ABCDGIRSTW]* .* \(.*\)$/  {"\1", (void *) \&\1},/p'\'''
lt_cv_sys_global_symbol_to_c_name_address_lib_prefix='sed -n -e '\''s/^: \(.*\) .*$/  {"\1", (void *) 0},/p'\'' -e '\''s/^[ABCDGIRSTW][ABCDGIRSTW]* .* \(lib.*\)$/  {"\1", (void *) \&\1},/p'\'' -e '\''s/^[ABCDGIRSTW][ABCDGIRSTW]* .* \(.*\)$/  {"lib\1", (void *) \&\1},/p'\'''
lt_cv_sys_global_symbol_to_cdecl='sed -n -e '\''s/^T .* \(.*\)$/extern int \1();/p'\'' -e '\''s/^[ABCDGIRSTW][ABCDGIRSTW]* .* \(.*\)$/extern char \1;/p'\'''
lt_cv_sys_global_symbol_to_import=
lt_cv_sys_max_cmd_len=1572864
lt_cv_to_host_file_cmd=func_convert_file_noop
lt_cv_to_tool_file_cmd=func_convert_file_noop
lt_cv_truncate_bin='/bin/dd bs=4096 count=1'
pkg_cv_BABL_CFLAGS=-I/usr/local/include/babl-0.1
pkg_cv_BABL_LIBS='-L/usr/local/lib -lbabl-0.1'
pkg_cv_CAIRO_CFLAGS='-I/usr/include/cairo -I/usr/include/glib-2.0 -I/usr/lib/x86_64-linux-gnu/glib-2.0/include -I/usr/include/pixman-1 -I/usr/include/freetype2 -I/usr/include/libpng12'
pkg_cv_CAIRO_LIBS=-lcairo
pkg_cv_DEP_CFLAGS='-pthread -I/usr/include/json-glib-1.0 -I/usr/include/gio-unix-2.0/ -I/usr/include/glib-2.0 -I/usr/lib/x86_64-linux-gnu/glib-2.0/include'
pkg_cv_DEP_LIBS='-Wl,--export-dynamic -lgmodule-2.0 -pthread -ljson-glib-1.0 -lgio-2.0 -lgobject-2.0 -lglib-2.0'
pkg_cv_GDK_PIXBUF_CFLAGS='-pthread -I/usr/include/gdk-pixbuf-2.0 -I/usr/include/libpng12 -I/usr/include/glib-2.0 -I/usr/lib/x86_64-linux-gnu/glib-2.0/include'
pkg_cv_GDK_PIXBUF_LIBS='-lgdk_pixbuf-2.0 -lgobject-2.0 -lglib-2.0'
pkg_cv_PANGOCAIRO_CFLAGS='-I/usr/include/pango-1.0 -I/usr/include/harfbuzz -I/usr/include/pango-1.0 -I/usr/include/cairo -I/usr/include/glib-2.0 -I/usr/lib/x86_64-linux-gnu/glib-2.0/include -I/usr/include/pixman-1 -I/usr/include/freetype2 -I/usr/include/libpng12'
pkg_cv_PANGOCAIRO_LIBS='-lpangocairo-1.0 -lpango-1.0 -lgobject-2.0 -lglib-2.0 -lcairo'
pkg_cv_PANGO_CFLAGS='-I/usr/include/pango-1.0 -I/usr/include/glib-2.0 -I/usr/lib/x86_64-linux-gnu/glib-2.0/include'
pkg_cv_PANGO_LIBS='-lpango-1.0 -lgobject-2.0 -lglib-2.0'
pkg_cv_PNG_CFLAGS=-I/usr/include/libpng12
pkg_cv_PNG_LIBS=-lpng12

## ----------------- ##
## Output variables. ##
## ----------------- ##

ACLOCAL='${SHELL} /home/gaston/Downloads/gimp-2.8.16/gegl-0.3.28/missing aclocal-1.15 '
AMDEPBACKSLASH='\'
AMDEP_FALSE='#'
AMDEP_TRUE=''
AMTAR='$${TAR-tar}'
AM_BACKSLASH='\'
AM_DEFAULT_V='$(AM_DEFAULT_VERBOSITY)'
AM_DEFAULT_VERBOSITY='0'
AM_V='$(V)'
AR='ar'
AS='as'
ASCIIDOC='no'
AUTOCONF='${SHELL} /home/gaston/Downloads/gimp-2.8.16/gegl-0.3.28/missing autoconf'
AUTOHEADER='${SHELL} /home/gaston/Downloads/gimp-2.8.16/gegl-0.3.28/missing autoheader'
AUTOMAKE='${SHELL} /home/gaston/Downloads/gimp-2.8.16/gegl-0.3.28/missing automake-1.15'
AVFORMAT_CFLAGS=''
AVFORMAT_LIBS=''
AWK='mawk'
BABL_CFLAGS='-I/usr/local/include/babl-0.1'
BABL_LIBS='-L/usr/local/lib -lbabl-0.1'
CAIRO_CFLAGS='-I/usr/include/cairo -I/usr/include/glib-2.0 -I/usr/lib/x86_64-linux-gnu/glib-2.0/include -I/usr/include/pixman-1 -I/usr/include/freetype2 -I/usr/include/libpng12'
CAIRO_LIBS='-lcairo'
CC='gcc'
CCDEPMODE='depmode=gcc3'
CFLAGS='-g -O3 -mmmx -msse -ftree-vectorize -ffast-math -Wall -Wdeclaration-after-statement -Wmissing-prototypes -Wmissing-declarations -Winit-self -Wpointer-arith -Wold-style-definition'
CPP='gcc -E'
CPPFLAGS=''
CXX='g++'
CXXCPP='g++ -E'
CXXDEPMODE='depmode=gcc3'
CXXFLAGS='-g -O3'
CYGPATH_W='echo'
DEFS='-DHAVE_CONFIG_H'
DEPDIR='.deps'
DEP_CFLAGS='-pthread -I/usr/include/json-glib-1.0 -I/usr/include/gio-unix-2.0/ -I/usr/include/glib-2.0 -I/usr/lib/x86_64-linux-gnu/glib-2.0/include'
DEP_LIBS='-Wl,--export-dynamic -lgmodule-2.0 -pthread -ljson-glib-1.0 -lgio-2.0 -lgobject-2.0 -lgthread-2.0 -pthread -lglib-2.0'
DLLTOOL='false'
DOT='no'
DSYMUTIL=''
DUMPBIN=''
ECHO_C=''
ECHO_N='-n'
ECHO_T=''
EGREP='/bin/grep -E'
ENABLE_DOCS_FALSE='#'
ENABLE_DOCS_TRUE=''
ENABLE_GTK_DOC_FALSE=''
ENABLE_GTK_DOC_TRUE='#'
ENABLE_WORKSHOP_FALSE=''
ENABLE_WORKSHOP_TRUE='#'
ENSCRIPT='no'
EXEEXT=''
EXIV2_CFLAGS=''
EXIV2_CXXFLAGS=''
EXIV2_LIBS=''
FGREP='/bin/grep -F'
GDK_PIXBUF_CFLAGS='-pthread -I/usr/include/gdk-pixbuf-2.0 -I/usr/include/libpng12 -I/usr/include/glib-2.0 -I/usr/lib/x86_64-linux-gnu/glib-2.0/include'
GDK_PIXBUF_LIBS='-lgdk_pixbuf-2.0 -lgobject-2.0 -lglib-2.0'
GEGL_API_VERSION='0.3'
GEGL_BINARY_AGE='328'
GEGL_CURRENT_MINUS_AGE='0'
GEGL_INTERFACE_AGE='0'
GEGL_LIBRARY_VERSION='328:0:328'
GEGL_LOCALEDIR='${datarootdir}/locale'
GEGL_MAJOR_VERSION='0'
GEGL_MICRO_VERSION='28'
GEGL_MINOR_VERSION='3'
GEGL_REAL_VERSION='0.3.28'
GEGL_RELEASE='0.3'
GEGL_UNSTABLE_FALSE='#'
GEGL_UNSTABLE_TRUE=''
GEGL_VERSION='0.3.28'
GETTEXT_MACRO_VERSION='0.19'
GETTEXT_PACKAGE='gegl-0.3'
GEXIV2_CFLAGS=''
GEXIV2_LIBS=''
GLIB_CFLAGS='-pthread -I/usr/include/glib-2.0 -I/usr/lib/x86_64-linux-gnu/glib-2.0/include'
GLIB_COMPILE_RESOURCES='/usr/lib/x86_64-linux-gnu/glib-2.0/glib-compile-resources'
GLIB_GENMARSHAL='glib-genmarshal'
GLIB_LIBS='-lgobject-2.0 -Wl,--export-dynamic -lgmodule-2.0 -pthread -lglib-2.0'
GLIB_MKENUMS='glib-mkenums'
GLIB_PACKAGES='gobject-2.0 gmodule-2.0 gio-2.0 json-glib-1.0 gio-unix-2.0'
GLIB_REQUIRED_VERSION='2.44.0'
GMSGFMT='/usr/bin/msgfmt'
GMSGFMT_015='/usr/bin/msgfmt'
GOBJECT_QUERY='gobject-query'
GRAPHVIZ='no'
GREP='/bin/grep'
GTKDOC_CHECK=''
GTKDOC_MKPDF=''
GTKDOC_REBASE='true'
GTK_DOC_BUILD_HTML_FALSE='#'
GTK_DOC_BUILD_HTML_TRUE=''
GTK_DOC_BUILD_PDF_FALSE=''
GTK_DOC_BUILD_PDF_TRUE='#'
GTK_DOC_USE_LIBTOOL_FALSE='#'
GTK_DOC_USE_LIBTOOL_TRUE=''
GTK_DOC_USE_REBASE_FALSE='#'
GTK_DOC_USE_REBASE_TRUE=''
HAVE_ASCIIDOC_FALSE=''
HAVE_ASCIIDOC_TRUE='#'
HAVE_AVFORMAT_FALSE=''
HAVE_AVFORMAT_TRUE='#'
HAVE_CAIRO_FALSE='#'
HAVE_CAIRO_TRUE=''
HAVE_DOT_FALSE=''
HAVE_DOT_TRUE='#'
HAVE_ENSCRIPT_FALSE=''
HAVE_ENSCRIPT_TRUE='#'
HAVE_EXIV2_FALSE=''
HAVE_EXIV2_TRUE='#'
HAVE_GDK_PIXBUF_FALSE='#'
HAVE_GDK_PIXBUF_TRUE=''
HAVE_GEXIV2_FALSE=''
HAVE_GEXIV2_TRUE='#'
HAVE_GRAPHVIZ_FALSE=''
HAVE_GRAPHVIZ_TRUE='#'
HAVE_INTROSPECTION_FALSE=''
HAVE_INTROSPECTION_TRUE='#'
HAVE_JASPER_FALSE=''
HAVE_JASPER_TRUE='#'
HAVE_JPEG_FALSE='#'
HAVE_JPEG_TRUE=''
HAVE_LCMS_FALSE=''
HAVE_LCMS_TRUE='#'
HAVE_LENSFUN_FALSE=''
HAVE_LENSFUN_TRUE='#'
HAVE_LIBRAW_FALSE=''
HAVE_LIBRAW_TRUE='#'
HAVE_LUA_FALSE=''
HAVE_LUA_TRUE='#'
HAVE_MRG_FALSE=''
HAVE_MRG_TRUE='#'
HAVE_OPENEXR_FALSE=''
HAVE_OPENEXR_TRUE='#'
HAVE_P2TC_FALSE=''
HAVE_P2TC_TRUE='#'
HAVE_PANGOCAIRO_FALSE='#'
HAVE_PANGOCAIRO_TRUE=''
HAVE_PANGO_FALSE='#'
HAVE_PANGO_TRUE=''
HAVE_PNG_FALSE='#'
HAVE_PNG_TRUE=''
HAVE_PYGOBJECT_FALSE=''
HAVE_PYGOBJECT_TRUE='#'
HAVE_PYTHON_FALSE='#'
HAVE_PYTHON_TRUE=''
HAVE_RSVG_FALSE=''
HAVE_RSVG_TRUE='#'
HAVE_RUBY_FALSE=''
HAVE_RUBY_TRUE='#'
HAVE_SDL_FALSE=''
HAVE_SDL_TRUE='#'
HAVE_SPIRO_FALSE=''
HAVE_SPIRO_TRUE='#'
HAVE_TIFF_FALSE=''
HAVE_TIFF_TRUE='#'
HAVE_UMFPACK_FALSE=''
HAVE_UMFPACK_TRUE='#'
HAVE_V4L2_FALSE=''
HAVE_V4L2_TRUE='#'
HAVE_V4L_FALSE=''
HAVE_V4L_TRUE='#'
HAVE_VALA_FALSE=''
HAVE_VALA_TRUE='#'
HAVE_W3M_FALSE=''
HAVE_W3M_TRUE='#'
HAVE_WEBP_FALSE=''
HAVE_WEBP_TRUE='#'
HTML_DIR='${datadir}/gtk-doc/html'
INSTALL_DATA='${INSTALL} -m 644'
INSTALL_PROGRAM='${INSTALL}'
INSTALL_SCRIPT='${INSTALL}'
INSTALL_STRIP_PROGRAM='$(install_sh) -c -s'
INTLLIBS=''
INTL_MACOSX_LIBS=''
INTROSPECTION_CFLAGS=''
INTROSPECTION_COMPILER=''
INTROSPECTION_GENERATE=''
INTROSPECTION_GIRDIR=''
INTROSPECTION_LIBS=''
INTROSPECTION_MAKEFILE=''
INTROSPECTION_SCANNER=''
INTROSPECTION_TYPELIBDIR=''
JASPER_CFLAGS=''
JASPER_LIBS=''
LCMS=''
LCMS_CFLAGS=''
LCMS_LIBS=''
LD='/usr/bin/ld -m elf_x86_64'
LDFLAGS=''
LENSFUN_CFLAGS=''
LENSFUN_LIBS=''
LIBICONV='-liconv'
LIBINTL=''
LIBJPEG='-ljpeg'
LIBOBJS=''
LIBRAW_CFLAGS=''
LIBRAW_LIBS=''
LIBS=''
LIBSPIRO=''
LIBTOOL='$(SHELL) $(top_builddir)/libtool'
LIPO=''
LN_S='ln -s'
LTLIBICONV='-liconv'
LTLIBINTL=''
LTLIBOBJS=''
LT_SYS_LIBRARY_PATH=''
LUA_CFLAGS=''
LUA_LIBS=''
LUA_REQUIRED_VERSION='5.1.0'
MAINT=''
MAINTAINER_MODE_FALSE='#'
MAINTAINER_MODE_TRUE=''
MAKEINFO='${SHELL} /home/gaston/Downloads/gimp-2.8.16/gegl-0.3.28/missing makeinfo'
MANIFEST_TOOL=':'
MATH_LIB='-lm'
MKDIR_P='/bin/mkdir -p'
MMX_EXTRA_CFLAGS='-mmmx'
MRG_CFLAGS=''
MRG_LIBS=''
MSGFMT='/usr/bin/msgfmt'
MSGFMT_015='/usr/bin/msgfmt'
MSGMERGE='/usr/bin/msgmerge'
NM='/usr/bin/nm -B'
NMEDIT=''
NPD_CFLAGS='-I$(top_srcdir)/libs'
NPD_LIBS='-L$(top_builddir)/libs/npd -lgegl-npd-$(GEGL_API_VERSION)'
OBJDUMP='objdump'
OBJEXT='o'
OPENEXR_CFLAGS=''
OPENEXR_LIBS=''
OPENRAW_CFLAGS=''
OPENRAW_LIBS=''
OS_UNIX_FALSE='#'
OS_UNIX_TRUE=''
OS_WIN32_FALSE=''
OS_WIN32_TRUE='#'
OTOOL64=''
OTOOL=''
P2TC_CFLAGS='-I$(top_srcdir)/libs/poly2tri-c'
P2TC_LIBS='-L$(top_builddir)/libs/poly2tri-c/poly2tri-c -lpoly2tri-c'
P2TC_PACKAGES=''
PACKAGE='gegl'
PACKAGE_BUGREPORT=''
PACKAGE_NAME='gegl'
PACKAGE_STRING='gegl 0.3.28'
PACKAGE_TARNAME='gegl'
PACKAGE_URL=''
PACKAGE_VERSION='0.3.28'
PANGOCAIRO_CFLAGS='-I/usr/include/pango-1.0 -I/usr/include/harfbuzz -I/usr/include/pango-1.0 -I/usr/include/cairo -I/usr/include/glib-2.0 -I/usr/lib/x86_64-linux-gnu/glib-2.0/include -I/usr/include/pixman-1 -I/usr/include/freetype2 -I/usr/include/libpng12'
PANGOCAIRO_LIBS='-lpangocairo-1.0 -lpango-1.0 -lgobject-2.0 -lglib-2.0 -lcairo'
PANGO_CFLAGS='-I/usr/include/pango-1.0 -I/usr/include/glib-2.0 -I/usr/lib/x86_64-linux-gnu/glib-2.0/include'
PANGO_LIBS='-lpango-1.0 -lgobject-2.0 -lglib-2.0'
PATH_SEP=''
PATH_SEPARATOR=':'
PERL='/usr/bin/perl'
PKG_CONFIG='/usr/bin/pkg-config'
PKG_CONFIG_LIBDIR=''
PKG_CONFIG_PATH=''
PLATFORM_DARWIN_FALSE=''
PLATFORM_DARWIN_TRUE='#'
PLATFORM_WIN32_FALSE=''
PLATFORM_WIN32_TRUE='#'
PNG_CFLAGS='-I/usr/include/libpng12'
PNG_LIBS='-lpng12'
POSUB='po'
PYTHON='/usr/bin/python'
PYTHON_EXEC_PREFIX='${exec_prefix}'
PYTHON_PLATFORM='linux2'
PYTHON_PREFIX='${prefix}'
PYTHON_VERSION='2.7'
RANLIB='ranlib'
RSVG_CFLAGS=''
RSVG_LIBS=''
RUBY='no'
RUBY_BIN=''
SDL_CFLAGS=''
SDL_CONFIG='no'
SDL_LIBS=''
SED='/bin/sed'
SET_MAKE=''
SHELL='/bin/bash'
SHREXT='.so'
SSE_EXTRA_CFLAGS='-msse -ftree-vectorize -ffast-math'
STRIP='strip'
TIFF_CFLAGS=''
TIFF_LIBS=''
UMFPACK_CFLAGS=''
UMFPACK_LIBS=''
USE_NLS='yes'
V4L2_CFLAGS=''
V4L2_LIBS=''
V4l_CFLAGS=''
V4l_LIBS=''
VAPIGEN=''
VERSION='0.3.28'
W3M='no'
WEBP_CFLAGS=''
WEBP_LIBS=''
XGETTEXT='/usr/bin/xgettext'
XGETTEXT_015='/usr/bin/xgettext'
XGETTEXT_EXTRA_OPTIONS=''
ac_ct_AR='ar'
ac_ct_CC='gcc'
ac_ct_CXX='g++'
ac_ct_DUMPBIN=''
am__EXEEXT_FALSE=''
am__EXEEXT_TRUE='#'
am__fastdepCC_FALSE='#'
am__fastdepCC_TRUE=''
am__fastdepCXX_FALSE='#'
am__fastdepCXX_TRUE=''
am__include='include'
am__isrc=''
am__leading_dot='.'
am__nodep='_no'
am__quote=''
am__tar='$${TAR-tar} chof - "$$tardir"'
am__untar='$${TAR-tar} xf -'
bindir='${exec_prefix}/bin'
build='x86_64-pc-linux-gnu'
build_alias=''
build_cpu='x86_64'
build_os='linux-gnu'
build_vendor='pc'
datadir='${datarootdir}'
datarootdir='${prefix}/share'
docdir='${datarootdir}/doc/${PACKAGE_TARNAME}'
dvidir='${docdir}'
exec_prefix='${prefix}'
gegltargetlib='libgegl-0.3.la'
host='x86_64-pc-linux-gnu'
host_alias=''
host_cpu='x86_64'
host_os='linux-gnu'
host_vendor='pc'
htmldir='${docdir}'
includedir='${prefix}/include'
infodir='${datarootdir}/info'
install_sh='${SHELL} /home/gaston/Downloads/gimp-2.8.16/gegl-0.3.28/install-sh'
libdir='${exec_prefix}/lib'
libexecdir='${exec_prefix}/libexec'
localedir='${datarootdir}/locale'
localstatedir='${prefix}/var'
mandir='${datarootdir}/man'
mkdir_p='$(MKDIR_P)'
oldincludedir='/usr/include'
pdfdir='${docdir}'
pkgpyexecdir='${pyexecdir}/gegl'
pkgpythondir='${pythondir}/gegl'
prefix='/usr/local'
program_transform_name='s,x,x,'
psdir='${docdir}'
pyexecdir='${exec_prefix}/lib/python2.7/dist-packages'
pythondir='${prefix}/lib/python2.7/dist-packages'
runstatedir='${localstatedir}/run'
sbindir='${exec_prefix}/sbin'
sharedstatedir='${prefix}/com'
sysconfdir='${prefix}/etc'
target='x86_64-pc-linux-gnu'
target_alias=''
target_cpu='x86_64'
target_os='linux-gnu'
target_vendor='pc'

## ----------- ##
## confdefs.h. ##
## ----------- ##

/* confdefs.h */
#define PACKAGE_NAME "gegl"
#define PACKAGE_TARNAME "gegl"
#define PACKAGE_VERSION "0.3.28"
#define PACKAGE_STRING "gegl 0.3.28"
#define PACKAGE_BUGREPORT ""
#define PACKAGE_URL ""
#define GEGL_LIBRARY "gegl-0.3"
#define GEGL_UNSTABLE 1
#define STDC_HEADERS 1
#define HAVE_SYS_TYPES_H 1
#define HAVE_SYS_STAT_H 1
#define HAVE_STDLIB_H 1
#define HAVE_STRING_H 1
#define HAVE_MEMORY_H 1
#define HAVE_STRINGS_H 1
#define HAVE_INTTYPES_H 1
#define HAVE_STDINT_H 1
#define HAVE_UNISTD_H 1
#define HAVE_DLFCN_H 1
#define LT_OBJDIR ".libs/"
#define GEGL_GNUC_VARIADIC_MACROS 1
#define GEGL_ISO_VARIADIC_MACROS 1
#define GEGL_ISO_CXX_VARIADIC_MACROS 1
#define restrict __restrict
#define ARCH_X86 1
#define ARCH_X86_64 1
#define SHREXT ".so"
#define USE_MMX 1
#define USE_SSE 1
#define HAVE_FSYNC 1
#define ENABLE_NLS 1
#define HAVE_GETTEXT 1
#define HAVE_DCGETTEXT 1
#define GETTEXT_PACKAGE "gegl-0.3"
#define HAVE_BIND_TEXTDOMAIN_CODESET 1
#define HAVE_EXECINFO_H 1
#define HAVE_RINT 1

configure: exit 0
