This file contains any messages produced by compilers while
running configure, to aid debugging if configure makes a mistake.

It was created by gegl configure 0.2.0, which was
generated by GNU Autoconf 2.68.  Invocation command line was

  $ ./configure 

## --------- ##
## Platform. ##
## --------- ##

hostname = gaston-Inspiron-11-3162
uname -m = x86_64
uname -r = 4.13.0-36-generic
uname -s = Linux
uname -v = #40~16.04.1-Ubuntu SMP Fri Feb 16 23:25:58 UTC 2018

/usr/bin/uname -p = unknown
/bin/uname -X     = unknown

/bin/arch              = unknown
/usr/bin/arch -k       = unknown
/usr/convex/getsysinfo = unknown
/usr/bin/hostinfo      = unknown
/bin/machine           = unknown
/usr/bin/oslevel       = unknown
/bin/universe          = unknown

PATH: /home/gaston/bin
PATH: /home/gaston/.local/bin
PATH: /usr/local/sbin
PATH: /usr/local/bin
PATH: /usr/sbin
PATH: /usr/bin
PATH: /sbin
PATH: /bin
PATH: /usr/games
PATH: /usr/local/games
PATH: /snap/bin


## ----------- ##
## Core tests. ##
## ----------- ##

configure:2720: checking whether make supports nested variables
configure:2737: result: yes
configure:2858: checking for a BSD-compatible install
configure:2926: result: /usr/bin/install -c
configure:2937: checking whether build environment is sane
configure:2987: result: yes
configure:3128: checking for a thread-safe mkdir -p
configure:3167: result: /bin/mkdir -p
configure:3180: checking for gawk
configure:3210: result: no
configure:3180: checking for mawk
configure:3196: found /usr/bin/mawk
configure:3207: result: mawk
configure:3218: checking whether make sets $(MAKE)
configure:3240: result: yes
configure:3312: checking whether to enable maintainer-specific portions of Makefiles
configure:3321: result: yes
configure:3388: checking for gcc
configure:3404: found /usr/bin/gcc
configure:3415: result: gcc
configure:3644: checking for C compiler version
configure:3653: gcc --version >&5
gcc (Ubuntu 5.4.0-6ubuntu1~16.04.10) 5.4.0 20160609
Copyright (C) 2015 Free Software Foundation, Inc.
This is free software; see the source for copying conditions.  There is NO
warranty; not even for MERCHANTABILITY or FITNESS FOR A PARTICULAR PURPOSE.

configure:3664: $? = 0
configure:3653: gcc -v >&5
Using built-in specs.
COLLECT_GCC=gcc
COLLECT_LTO_WRAPPER=/usr/lib/gcc/x86_64-linux-gnu/5/lto-wrapper
Target: x86_64-linux-gnu
Configured with: ../src/configure -v --with-pkgversion='Ubuntu 5.4.0-6ubuntu1~16.04.10' --with-bugurl=file:///usr/share/doc/gcc-5/README.Bugs --enable-languages=c,ada,c++,java,go,d,fortran,objc,obj-c++ --prefix=/usr --program-suffix=-5 --enable-shared --enable-linker-build-id --libexecdir=/usr/lib --without-included-gettext --enable-threads=posix --libdir=/usr/lib --enable-nls --with-sysroot=/ --enable-clocale=gnu --enable-libstdcxx-debug --enable-libstdcxx-time=yes --with-default-libstdcxx-abi=new --enable-gnu-unique-object --disable-vtable-verify --enable-libmpx --enable-plugin --with-system-zlib --disable-browser-plugin --enable-java-awt=gtk --enable-gtk-cairo --with-java-home=/usr/lib/jvm/java-1.5.0-gcj-5-amd64/jre --enable-java-home --with-jvm-root-dir=/usr/lib/jvm/java-1.5.0-gcj-5-amd64 --with-jvm-jar-dir=/usr/lib/jvm-exports/java-1.5.0-gcj-5-amd64 --with-arch-directory=amd64 --with-ecj-jar=/usr/share/java/eclipse-ecj.jar --enable-objc-gc --enable-multiarch --disable-werror --with-arch-32=i686 --with-abi=m64 --with-multilib-list=m32,m64,mx32 --enable-multilib --with-tune=generic --enable-checking=release --build=x86_64-linux-gnu --host=x86_64-linux-gnu --target=x86_64-linux-gnu
Thread model: posix
gcc version 5.4.0 20160609 (Ubuntu 5.4.0-6ubuntu1~16.04.10) 
configure:3664: $? = 0
configure:3653: gcc -V >&5
gcc: error: unrecognized command line option '-V'
gcc: fatal error: no input files
compilation terminated.
configure:3664: $? = 1
configure:3653: gcc -qversion >&5
gcc: error: unrecognized command line option '-qversion'
gcc: fatal error: no input files
compilation terminated.
configure:3664: $? = 1
configure:3684: checking whether the C compiler works
configure:3706: gcc    conftest.c  >&5
configure:3710: $? = 0
configure:3758: result: yes
configure:3761: checking for C compiler default output file name
configure:3763: result: a.out
configure:3769: checking for suffix of executables
configure:3776: gcc -o conftest    conftest.c  >&5
configure:3780: $? = 0
configure:3802: result: 
configure:3824: checking whether we are cross compiling
configure:3832: gcc -o conftest    conftest.c  >&5
configure:3836: $? = 0
configure:3843: ./conftest
configure:3847: $? = 0
configure:3862: result: no
configure:3867: checking for suffix of object files
configure:3889: gcc -c   conftest.c >&5
configure:3893: $? = 0
configure:3914: result: o
configure:3918: checking whether we are using the GNU C compiler
configure:3937: gcc -c   conftest.c >&5
configure:3937: $? = 0
configure:3946: result: yes
configure:3955: checking whether gcc accepts -g
configure:3975: gcc -c -g  conftest.c >&5
configure:3975: $? = 0
configure:4016: result: yes
configure:4033: checking for gcc option to accept ISO C89
configure:4097: gcc  -c -g -O2  conftest.c >&5
configure:4097: $? = 0
configure:4110: result: none needed
configure:4141: checking for style of include used by make
configure:4169: result: GNU
configure:4195: checking dependency style of gcc
configure:4306: result: gcc3
configure:4379: checking for g++
configure:4395: found /usr/bin/g++
configure:4406: result: g++
configure:4433: checking for C++ compiler version
configure:4442: g++ --version >&5
g++ (Ubuntu 5.4.0-6ubuntu1~16.04.10) 5.4.0 20160609
Copyright (C) 2015 Free Software Foundation, Inc.
This is free software; see the source for copying conditions.  There is NO
warranty; not even for MERCHANTABILITY or FITNESS FOR A PARTICULAR PURPOSE.

configure:4453: $? = 0
configure:4442: g++ -v >&5
Using built-in specs.
COLLECT_GCC=g++
COLLECT_LTO_WRAPPER=/usr/lib/gcc/x86_64-linux-gnu/5/lto-wrapper
Target: x86_64-linux-gnu
Configured with: ../src/configure -v --with-pkgversion='Ubuntu 5.4.0-6ubuntu1~16.04.10' --with-bugurl=file:///usr/share/doc/gcc-5/README.Bugs --enable-languages=c,ada,c++,java,go,d,fortran,objc,obj-c++ --prefix=/usr --program-suffix=-5 --enable-shared --enable-linker-build-id --libexecdir=/usr/lib --without-included-gettext --enable-threads=posix --libdir=/usr/lib --enable-nls --with-sysroot=/ --enable-clocale=gnu --enable-libstdcxx-debug --enable-libstdcxx-time=yes --with-default-libstdcxx-abi=new --enable-gnu-unique-object --disable-vtable-verify --enable-libmpx --enable-plugin --with-system-zlib --disable-browser-plugin --enable-java-awt=gtk --enable-gtk-cairo --with-java-home=/usr/lib/jvm/java-1.5.0-gcj-5-amd64/jre --enable-java-home --with-jvm-root-dir=/usr/lib/jvm/java-1.5.0-gcj-5-amd64 --with-jvm-jar-dir=/usr/lib/jvm-exports/java-1.5.0-gcj-5-amd64 --with-arch-directory=amd64 --with-ecj-jar=/usr/share/java/eclipse-ecj.jar --enable-objc-gc --enable-multiarch --disable-werror --with-arch-32=i686 --with-abi=m64 --with-multilib-list=m32,m64,mx32 --enable-multilib --with-tune=generic --enable-checking=release --build=x86_64-linux-gnu --host=x86_64-linux-gnu --target=x86_64-linux-gnu
Thread model: posix
gcc version 5.4.0 20160609 (Ubuntu 5.4.0-6ubuntu1~16.04.10) 
configure:4453: $? = 0
configure:4442: g++ -V >&5
g++: error: unrecognized command line option '-V'
g++: fatal error: no input files
compilation terminated.
configure:4453: $? = 1
configure:4442: g++ -qversion >&5
g++: error: unrecognized command line option '-qversion'
g++: fatal error: no input files
compilation terminated.
configure:4453: $? = 1
configure:4457: checking whether we are using the GNU C++ compiler
configure:4476: g++ -c   conftest.cpp >&5
configure:4476: $? = 0
configure:4485: result: yes
configure:4494: checking whether g++ accepts -g
configure:4514: g++ -c -g  conftest.cpp >&5
configure:4514: $? = 0
configure:4555: result: yes
configure:4580: checking dependency style of g++
configure:4691: result: gcc3
configure:4707: checking whether make sets $(MAKE)
configure:4729: result: yes
configure:4747: checking for special C compiler options needed for large files
configure:4792: result: no
configure:4798: checking for _FILE_OFFSET_BITS value needed for large files
configure:4823: gcc -c -g -O2  conftest.c >&5
configure:4823: $? = 0
configure:4855: result: no
configure:4969: checking build system type
configure:4983: result: x86_64-unknown-linux-gnu
configure:5003: checking host system type
configure:5016: result: x86_64-unknown-linux-gnu
configure:5057: checking how to print strings
configure:5084: result: printf
configure:5105: checking for a sed that does not truncate output
configure:5169: result: /bin/sed
configure:5187: checking for grep that handles long lines and -e
configure:5245: result: /bin/grep
configure:5250: checking for egrep
configure:5312: result: /bin/grep -E
configure:5317: checking for fgrep
configure:5379: result: /bin/grep -F
configure:5414: checking for ld used by gcc
configure:5481: result: /usr/bin/ld
configure:5488: checking if the linker (/usr/bin/ld) is GNU ld
configure:5503: result: yes
configure:5515: checking for BSD- or MS-compatible name lister (nm)
configure:5564: result: /usr/bin/nm -B
configure:5694: checking the name lister (/usr/bin/nm -B) interface
configure:5701: gcc -c -g -O2  conftest.c >&5
configure:5704: /usr/bin/nm -B "conftest.o"
configure:5707: output
0000000000000000 B some_variable
configure:5714: result: BSD nm
configure:5717: checking whether ln -s works
configure:5721: result: yes
configure:5729: checking the maximum length of command line arguments
configure:5859: result: 1572864
configure:5876: checking whether the shell understands some XSI constructs
configure:5886: result: yes
configure:5890: checking whether the shell understands "+="
configure:5896: result: yes
configure:5931: checking how to convert x86_64-unknown-linux-gnu file names to x86_64-unknown-linux-gnu format
configure:5971: result: func_convert_file_noop
configure:5978: checking how to convert x86_64-unknown-linux-gnu file names to toolchain format
configure:5998: result: func_convert_file_noop
configure:6005: checking for /usr/bin/ld option to reload object files
configure:6012: result: -r
configure:6086: checking for objdump
configure:6102: found /usr/bin/objdump
configure:6113: result: objdump
configure:6142: checking how to recognize dependent libraries
configure:6344: result: pass_all
configure:6429: checking for dlltool
configure:6459: result: no
configure:6486: checking how to associate runtime and link libraries
configure:6513: result: printf %s\n
configure:6573: checking for ar
configure:6589: found /usr/bin/ar
configure:6600: result: ar
configure:6637: checking for archiver @FILE support
configure:6654: gcc -c -g -O2  conftest.c >&5
configure:6654: $? = 0
configure:6657: ar cru libconftest.a @conftest.lst >&5
ar: `u' modifier ignored since `D' is the default (see `U')
configure:6660: $? = 0
configure:6665: ar cru libconftest.a @conftest.lst >&5
ar: `u' modifier ignored since `D' is the default (see `U')
ar: conftest.o: No such file or directory
configure:6668: $? = 1
configure:6680: result: @
configure:6738: checking for strip
configure:6754: found /usr/bin/strip
configure:6765: result: strip
configure:6837: checking for ranlib
configure:6853: found /usr/bin/ranlib
configure:6864: result: ranlib
configure:6966: checking command to parse /usr/bin/nm -B output from gcc object
configure:7086: gcc -c -g -O2  conftest.c >&5
configure:7089: $? = 0
configure:7093: /usr/bin/nm -B conftest.o \| sed -n -e 's/^.*[ ]\([ABCDGIRSTW][ABCDGIRSTW]*\)[ ][ ]*\([_A-Za-z][_A-Za-z0-9]*\)$/\1 \2 \2/p' | sed '/ __gnu_lto/d' \> conftest.nm
configure:7096: $? = 0
configure:7162: gcc -o conftest -g -O2   conftest.c conftstm.o >&5
configure:7165: $? = 0
configure:7203: result: ok
configure:7240: checking for sysroot
configure:7270: result: no
configure:7347: gcc -c -g -O2  conftest.c >&5
configure:7350: $? = 0
configure:7526: checking for mt
configure:7542: found /bin/mt
configure:7553: result: mt
configure:7576: checking if mt is a manifest tool
configure:7582: mt '-?'
configure:7590: result: no
configure:8232: checking how to run the C preprocessor
configure:8263: gcc -E  conftest.c
configure:8263: $? = 0
configure:8277: gcc -E  conftest.c
conftest.c:10:28: fatal error: ac_nonexistent.h: No such file or directory
compilation terminated.
configure:8277: $? = 1
configure: failed program was:
| /* confdefs.h */
| #define PACKAGE_NAME "gegl"
| #define PACKAGE_TARNAME "gegl"
| #define PACKAGE_VERSION "0.2.0"
| #define PACKAGE_STRING "gegl 0.2.0"
| #define PACKAGE_BUGREPORT ""
| #define PACKAGE_URL ""
| #define GEGL_LIBRARY "gegl-0.2"
| /* end confdefs.h.  */
| #include <ac_nonexistent.h>
configure:8302: result: gcc -E
configure:8322: gcc -E  conftest.c
configure:8322: $? = 0
configure:8336: gcc -E  conftest.c
conftest.c:10:28: fatal error: ac_nonexistent.h: No such file or directory
compilation terminated.
configure:8336: $? = 1
configure: failed program was:
| /* confdefs.h */
| #define PACKAGE_NAME "gegl"
| #define PACKAGE_TARNAME "gegl"
| #define PACKAGE_VERSION "0.2.0"
| #define PACKAGE_STRING "gegl 0.2.0"
| #define PACKAGE_BUGREPORT ""
| #define PACKAGE_URL ""
| #define GEGL_LIBRARY "gegl-0.2"
| /* end confdefs.h.  */
| #include <ac_nonexistent.h>
configure:8365: checking for ANSI C header files
configure:8385: gcc -c -g -O2  conftest.c >&5
configure:8385: $? = 0
configure:8458: gcc -o conftest -g -O2   conftest.c  >&5
configure:8458: $? = 0
configure:8458: ./conftest
configure:8458: $? = 0
configure:8469: result: yes
configure:8482: checking for sys/types.h
configure:8482: gcc -c -g -O2  conftest.c >&5
configure:8482: $? = 0
configure:8482: result: yes
configure:8482: checking for sys/stat.h
configure:8482: gcc -c -g -O2  conftest.c >&5
configure:8482: $? = 0
configure:8482: result: yes
configure:8482: checking for stdlib.h
configure:8482: gcc -c -g -O2  conftest.c >&5
configure:8482: $? = 0
configure:8482: result: yes
configure:8482: checking for string.h
configure:8482: gcc -c -g -O2  conftest.c >&5
configure:8482: $? = 0
configure:8482: result: yes
configure:8482: checking for memory.h
configure:8482: gcc -c -g -O2  conftest.c >&5
configure:8482: $? = 0
configure:8482: result: yes
configure:8482: checking for strings.h
configure:8482: gcc -c -g -O2  conftest.c >&5
configure:8482: $? = 0
configure:8482: result: yes
configure:8482: checking for inttypes.h
configure:8482: gcc -c -g -O2  conftest.c >&5
configure:8482: $? = 0
configure:8482: result: yes
configure:8482: checking for stdint.h
configure:8482: gcc -c -g -O2  conftest.c >&5
configure:8482: $? = 0
configure:8482: result: yes
configure:8482: checking for unistd.h
configure:8482: gcc -c -g -O2  conftest.c >&5
configure:8482: $? = 0
configure:8482: result: yes
configure:8496: checking for dlfcn.h
configure:8496: gcc -c -g -O2  conftest.c >&5
configure:8496: $? = 0
configure:8496: result: yes
configure:9009: checking for objdir
configure:9024: result: .libs
configure:9295: checking if gcc supports -fno-rtti -fno-exceptions
configure:9313: gcc -c -g -O2  -fno-rtti -fno-exceptions conftest.c >&5
cc1: warning: command line option '-fno-rtti' is valid for C++/ObjC++ but not for C
configure:9317: $? = 0
configure:9330: result: no
configure:9657: checking for gcc option to produce PIC
configure:9664: result: -fPIC -DPIC
configure:9672: checking if gcc PIC flag -fPIC -DPIC works
configure:9690: gcc -c -g -O2  -fPIC -DPIC -DPIC conftest.c >&5
configure:9694: $? = 0
configure:9707: result: yes
configure:9736: checking if gcc static flag -static works
configure:9764: result: yes
configure:9779: checking if gcc supports -c -o file.o
configure:9800: gcc -c -g -O2  -o out/conftest2.o conftest.c >&5
configure:9804: $? = 0
configure:9826: result: yes
configure:9834: checking if gcc supports -c -o file.o
configure:9881: result: yes
configure:9914: checking whether the gcc linker (/usr/bin/ld -m elf_x86_64) supports shared libraries
configure:11071: result: yes
configure:11108: checking whether -lc should be explicitly linked in
configure:11116: gcc -c -g -O2  conftest.c >&5
configure:11119: $? = 0
configure:11134: gcc -shared  -fPIC -DPIC conftest.o  -v -Wl,-soname -Wl,conftest -o conftest 2\>\&1 \| /bin/grep  -lc  \>/dev/null 2\>\&1
configure:11137: $? = 0
configure:11151: result: no
configure:11311: checking dynamic linker characteristics
configure:11822: gcc -o conftest -g -O2   -Wl,-rpath -Wl,/foo conftest.c  >&5
configure:11822: $? = 0
configure:12056: result: GNU/Linux ld.so
configure:12163: checking how to hardcode library paths into programs
configure:12188: result: immediate
configure:12282: checking for shl_load
configure:12282: gcc -o conftest -g -O2   conftest.c  >&5
/tmp/ccLMZa0q.o: In function `main':
/home/gaston/Downloads/gimp-2.8.16/gegl-0.2.0/conftest.c:56: undefined reference to `shl_load'
collect2: error: ld returned 1 exit status
configure:12282: $? = 1
configure: failed program was:
| /* confdefs.h */
| #define PACKAGE_NAME "gegl"
| #define PACKAGE_TARNAME "gegl"
| #define PACKAGE_VERSION "0.2.0"
| #define PACKAGE_STRING "gegl 0.2.0"
| #define PACKAGE_BUGREPORT ""
| #define PACKAGE_URL ""
| #define GEGL_LIBRARY "gegl-0.2"
| #define STDC_HEADERS 1
| #define HAVE_SYS_TYPES_H 1
| #define HAVE_SYS_STAT_H 1
| #define HAVE_STDLIB_H 1
| #define HAVE_STRING_H 1
| #define HAVE_MEMORY_H 1
| #define HAVE_STRINGS_H 1
| #define HAVE_INTTYPES_H 1
| #define HAVE_STDINT_H 1
| #define HAVE_UNISTD_H 1
| #define HAVE_DLFCN_H 1
| #define LT_OBJDIR ".libs/"
| /* end confdefs.h.  */
| /* Define shl_load to an innocuous variant, in case <limits.h> declares shl_load.
|    For example, HP-UX 11i <limits.h> declares gettimeofday.  */
| #define shl_load innocuous_shl_load
| 
| /* System header to define __stub macros and hopefully few prototypes,
|     which can conflict with char shl_load (); below.
|     Prefer <limits.h> to <assert.h> if __STDC__ is defined, since
|     <limits.h> exists even on freestanding compilers.  */
| 
| #ifdef __STDC__
| # include <limits.h>
| #else
| # include <assert.h>
| #endif
| 
| #undef shl_load
| 
| /* Override any GCC internal prototype to avoid an error.
|    Use char because int might match the return type of a GCC
|    builtin and then its argument prototype would still apply.  */
| #ifdef __cplusplus
| extern "C"
| #endif
| char shl_load ();
| /* The GNU C library defines this for functions which it implements
|     to always fail with ENOSYS.  Some functions are actually named
|     something starting with __ and the normal name is an alias.  */
| #if defined __stub_shl_load || defined __stub___shl_load
| choke me
| #endif
| 
| int
| main ()
| {
| return shl_load ();
|   ;
|   return 0;
| }
configure:12282: result: no
configure:12286: checking for shl_load in -ldld
configure:12311: gcc -o conftest -g -O2   conftest.c -ldld   >&5
/usr/bin/ld: cannot find -ldld
collect2: error: ld returned 1 exit status
configure:12311: $? = 1
configure: failed program was:
| /* confdefs.h */
| #define PACKAGE_NAME "gegl"
| #define PACKAGE_TARNAME "gegl"
| #define PACKAGE_VERSION "0.2.0"
| #define PACKAGE_STRING "gegl 0.2.0"
| #define PACKAGE_BUGREPORT ""
| #define PACKAGE_URL ""
| #define GEGL_LIBRARY "gegl-0.2"
| #define STDC_HEADERS 1
| #define HAVE_SYS_TYPES_H 1
| #define HAVE_SYS_STAT_H 1
| #define HAVE_STDLIB_H 1
| #define HAVE_STRING_H 1
| #define HAVE_MEMORY_H 1
| #define HAVE_STRINGS_H 1
| #define HAVE_INTTYPES_H 1
| #define HAVE_STDINT_H 1
| #define HAVE_UNISTD_H 1
| #define HAVE_DLFCN_H 1
| #define LT_OBJDIR ".libs/"
| /* end confdefs.h.  */
| 
| /* Override any GCC internal prototype to avoid an error.
|    Use char because int might match the return type of a GCC
|    builtin and then its argument prototype would still apply.  */
| #ifdef __cplusplus
| extern "C"
| #endif
| char shl_load ();
| int
| main ()
| {
| return shl_load ();
|   ;
|   return 0;
| }
configure:12320: result: no
configure:12325: checking for dlopen
configure:12325: gcc -o conftest -g -O2   conftest.c  >&5
/tmp/ccoEZtjB.o: In function `main':
/home/gaston/Downloads/gimp-2.8.16/gegl-0.2.0/conftest.c:56: undefined reference to `dlopen'
collect2: error: ld returned 1 exit status
configure:12325: $? = 1
configure: failed program was:
| /* confdefs.h */
| #define PACKAGE_NAME "gegl"
| #define PACKAGE_TARNAME "gegl"
| #define PACKAGE_VERSION "0.2.0"
| #define PACKAGE_STRING "gegl 0.2.0"
| #define PACKAGE_BUGREPORT ""
| #define PACKAGE_URL ""
| #define GEGL_LIBRARY "gegl-0.2"
| #define STDC_HEADERS 1
| #define HAVE_SYS_TYPES_H 1
| #define HAVE_SYS_STAT_H 1
| #define HAVE_STDLIB_H 1
| #define HAVE_STRING_H 1
| #define HAVE_MEMORY_H 1
| #define HAVE_STRINGS_H 1
| #define HAVE_INTTYPES_H 1
| #define HAVE_STDINT_H 1
| #define HAVE_UNISTD_H 1
| #define HAVE_DLFCN_H 1
| #define LT_OBJDIR ".libs/"
| /* end confdefs.h.  */
| /* Define dlopen to an innocuous variant, in case <limits.h> declares dlopen.
|    For example, HP-UX 11i <limits.h> declares gettimeofday.  */
| #define dlopen innocuous_dlopen
| 
| /* System header to define __stub macros and hopefully few prototypes,
|     which can conflict with char dlopen (); below.
|     Prefer <limits.h> to <assert.h> if __STDC__ is defined, since
|     <limits.h> exists even on freestanding compilers.  */
| 
| #ifdef __STDC__
| # include <limits.h>
| #else
| # include <assert.h>
| #endif
| 
| #undef dlopen
| 
| /* Override any GCC internal prototype to avoid an error.
|    Use char because int might match the return type of a GCC
|    builtin and then its argument prototype would still apply.  */
| #ifdef __cplusplus
| extern "C"
| #endif
| char dlopen ();
| /* The GNU C library defines this for functions which it implements
|     to always fail with ENOSYS.  Some functions are actually named
|     something starting with __ and the normal name is an alias.  */
| #if defined __stub_dlopen || defined __stub___dlopen
| choke me
| #endif
| 
| int
| main ()
| {
| return dlopen ();
|   ;
|   return 0;
| }
configure:12325: result: no
configure:12329: checking for dlopen in -ldl
configure:12354: gcc -o conftest -g -O2   conftest.c -ldl   >&5
configure:12354: $? = 0
configure:12363: result: yes
configure:12482: checking whether a program can dlopen itself
configure:12562: gcc -o conftest -g -O2  -DHAVE_DLFCN_H  -Wl,--export-dynamic conftest.c -ldl  >&5
configure:12565: $? = 0
configure:12583: result: yes
configure:12588: checking whether a statically linked program can dlopen itself
configure:12668: gcc -o conftest -g -O2  -DHAVE_DLFCN_H  -Wl,--export-dynamic -static conftest.c -ldl  >&5
/tmp/ccaAsEwf.o: In function `main':
/home/gaston/Downloads/gimp-2.8.16/gegl-0.2.0/configure:12647: warning: Using 'dlopen' in statically linked applications requires at runtime the shared libraries from the glibc version used for linking
/usr/bin/ld: dynamic STT_GNU_IFUNC symbol `strcmp' with pointer equality in `/usr/lib/gcc/x86_64-linux-gnu/5/../../../x86_64-linux-gnu/libc.a(strcmp.o)' can not be used when making an executable; recompile with -fPIE and relink with -pie
collect2: error: ld returned 1 exit status
configure:12671: $? = 1
configure:12689: result: no
configure:12728: checking whether stripping libraries is possible
configure:12733: result: yes
configure:12768: checking if libtool supports shared libraries
configure:12770: result: yes
configure:12773: checking whether to build shared libraries
configure:12794: result: yes
configure:12797: checking whether to build static libraries
configure:12801: result: no
configure:12824: checking how to run the C++ preprocessor
configure:12851: g++ -E  conftest.cpp
configure:12851: $? = 0
configure:12865: g++ -E  conftest.cpp
conftest.cpp:22:28: fatal error: ac_nonexistent.h: No such file or directory
compilation terminated.
configure:12865: $? = 1
configure: failed program was:
| /* confdefs.h */
| #define PACKAGE_NAME "gegl"
| #define PACKAGE_TARNAME "gegl"
| #define PACKAGE_VERSION "0.2.0"
| #define PACKAGE_STRING "gegl 0.2.0"
| #define PACKAGE_BUGREPORT ""
| #define PACKAGE_URL ""
| #define GEGL_LIBRARY "gegl-0.2"
| #define STDC_HEADERS 1
| #define HAVE_SYS_TYPES_H 1
| #define HAVE_SYS_STAT_H 1
| #define HAVE_STDLIB_H 1
| #define HAVE_STRING_H 1
| #define HAVE_MEMORY_H 1
| #define HAVE_STRINGS_H 1
| #define HAVE_INTTYPES_H 1
| #define HAVE_STDINT_H 1
| #define HAVE_UNISTD_H 1
| #define HAVE_DLFCN_H 1
| #define LT_OBJDIR ".libs/"
| /* end confdefs.h.  */
| #include <ac_nonexistent.h>
configure:12890: result: g++ -E
configure:12910: g++ -E  conftest.cpp
configure:12910: $? = 0
configure:12924: g++ -E  conftest.cpp
conftest.cpp:22:28: fatal error: ac_nonexistent.h: No such file or directory
compilation terminated.
configure:12924: $? = 1
configure: failed program was:
| /* confdefs.h */
| #define PACKAGE_NAME "gegl"
| #define PACKAGE_TARNAME "gegl"
| #define PACKAGE_VERSION "0.2.0"
| #define PACKAGE_STRING "gegl 0.2.0"
| #define PACKAGE_BUGREPORT ""
| #define PACKAGE_URL ""
| #define GEGL_LIBRARY "gegl-0.2"
| #define STDC_HEADERS 1
| #define HAVE_SYS_TYPES_H 1
| #define HAVE_SYS_STAT_H 1
| #define HAVE_STDLIB_H 1
| #define HAVE_STRING_H 1
| #define HAVE_MEMORY_H 1
| #define HAVE_STRINGS_H 1
| #define HAVE_INTTYPES_H 1
| #define HAVE_STDINT_H 1
| #define HAVE_UNISTD_H 1
| #define HAVE_DLFCN_H 1
| #define LT_OBJDIR ".libs/"
| /* end confdefs.h.  */
| #include <ac_nonexistent.h>
configure:13093: checking for ld used by g++
configure:13160: result: /usr/bin/ld -m elf_x86_64
configure:13167: checking if the linker (/usr/bin/ld -m elf_x86_64) is GNU ld
configure:13182: result: yes
configure:13237: checking whether the g++ linker (/usr/bin/ld -m elf_x86_64) supports shared libraries
configure:14242: result: yes
configure:14278: g++ -c -g -O2  conftest.cpp >&5
configure:14281: $? = 0
configure:14801: checking for g++ option to produce PIC
configure:14808: result: -fPIC -DPIC
configure:14816: checking if g++ PIC flag -fPIC -DPIC works
configure:14834: g++ -c -g -O2  -fPIC -DPIC -DPIC conftest.cpp >&5
configure:14838: $? = 0
configure:14851: result: yes
configure:14874: checking if g++ static flag -static works
configure:14902: result: yes
configure:14914: checking if g++ supports -c -o file.o
configure:14935: g++ -c -g -O2  -o out/conftest2.o conftest.cpp >&5
configure:14939: $? = 0
configure:14961: result: yes
configure:14966: checking if g++ supports -c -o file.o
configure:15013: result: yes
configure:15043: checking whether the g++ linker (/usr/bin/ld -m elf_x86_64) supports shared libraries
configure:15082: result: yes
configure:15223: checking dynamic linker characteristics
configure:15902: result: GNU/Linux ld.so
configure:15955: checking how to hardcode library paths into programs
configure:15980: result: immediate
configure:16044: checking for GNUC variadic macros
configure:16073: gcc -c -g -O2  conftest.c >&5
configure:16073: $? = 0
configure:16081: result: yes
configure:16089: checking for ISO C99 variadic macros in C
configure:16108: gcc -c -g -O2  conftest.c >&5
configure:16108: $? = 0
configure:16116: result: yes
configure:16124: checking for ISO C99 variadic macros in C++
configure:16149: g++ -c -g -O2  conftest.cpp >&5
configure:16149: $? = 0
configure:16162: result: yes
configure:16171: checking whether to turn on debugging
configure:16186: result: no
configure:16190: checking whether to turn on profiling
configure:16205: result: no
configure:16209: checking for C/C++ restrict keyword
configure:16234: gcc -c -g -O2  conftest.c >&5
configure:16234: $? = 0
configure:16242: result: __restrict
configure:16274: checking for aclocal flags
configure:16283: result: 
configure:16292: checking for target architecture
configure:16300: result: x86_64-unknown-linux-gnu
configure:16344: checking for dynamic library filename suffix
configure:16361: result: .so
configure:16377: checking for some Darwin platform
configure:16387: result: no
configure:16403: checking for some Win32 platform
configure:16413: result: no
configure:16425: checking for native Win32
configure:16438: result: no
configure:16486: checking to see if compiler understands -mmmx
configure:16503: gcc -c -g -O2 -mmmx  conftest.c >&5
configure:16503: $? = 0
configure:16518: result: yes
configure:16523: checking whether we can compile MMX code
configure:16540: gcc -c -g -O2 -mmmx  conftest.c >&5
configure:16540: $? = 0
configure:16544: result: yes
configure:16549: checking to see if compiler understands -msse
configure:16566: gcc -c -g -O2 -mmmx -msse  conftest.c >&5
configure:16566: $? = 0
configure:16581: result: yes
configure:16585: checking to see if compiler understands -ftree-vectorize
configure:16602: gcc -c -g -O2 -mmmx -ftree-vectorize  conftest.c >&5
configure:16602: $? = 0
configure:16617: result: yes
configure:16621: checking to see if compiler understands -ffast-math
configure:16638: gcc -c -g -O2 -mmmx -ffast-math  conftest.c >&5
configure:16638: $? = 0
configure:16653: result: yes
configure:16657: checking whether we can compile SSE code
configure:16674: gcc -c -g -O2 -mmmx -msse -ftree-vectorize -ffast-math  conftest.c >&5
configure:16674: $? = 0
configure:16678: result: yes
configure:16720: checking for perl5
configure:16753: result: no
configure:16720: checking for perl
configure:16738: found /usr/bin/perl
configure:16750: result: /usr/bin/perl
configure:16820: checking for pkg-config
configure:16838: found /usr/bin/pkg-config
configure:16850: result: /usr/bin/pkg-config
configure:16875: checking pkg-config is at least version 0.9.0
configure:16878: result: yes
configure:16897: checking for gobject-introspection
configure:16942: result: no (disabled, use --enable-introspection to enable)
configure:16985: $PKG_CONFIG --exists --print-errors "pygobject-2.0 >= 2.26"
Package pygobject-2.0 was not found in the pkg-config search path.
Perhaps you should add the directory containing `pygobject-2.0.pc'
to the PKG_CONFIG_PATH environment variable
No package 'pygobject-2.0' found
configure:16988: $? = 1
configure:17017: checking for vapigen
configure:17048: result: no
configure:17058: result: *** Check for vapigen failed.
configure:17080: checking for fsync
configure:17080: gcc -o conftest -g -O2 -mmmx -msse -ftree-vectorize -ffast-math   conftest.c  >&5
configure:17080: $? = 0
configure:17080: result: yes
configure:17096: checking for BABL
configure:17103: $PKG_CONFIG --exists --print-errors "babl >= 0.1.10"
configure:17106: $? = 0
configure:17120: $PKG_CONFIG --exists --print-errors "babl >= 0.1.10"
configure:17123: $? = 0
configure:17181: result: yes
configure:17273: checking for pkg-config
configure:17303: result: /usr/bin/pkg-config
configure:17328: checking pkg-config is at least version 0.16
configure:17331: result: yes
configure:17348: checking for GLIB - version >= 2.28.0
configure:17462: gcc -o conftest -g -O2 -mmmx -msse -ftree-vectorize -ffast-math -pthread -I/usr/include/glib-2.0 -I/usr/lib/x86_64-linux-gnu/glib-2.0/include   conftest.c -lgobject-2.0 -Wl,--export-dynamic -lgmodule-2.0 -pthread -lglib-2.0  >&5
configure:17462: $? = 0
configure:17462: ./conftest
configure:17462: $? = 0
configure:17476: result: yes (version 2.48.2)
configure:17547: checking for DEP
configure:17554: $PKG_CONFIG --exists --print-errors "glib-2.0 >= $GLIB_REQUIRED_VERSION $GLIB_PACKAGES"
configure:17557: $? = 0
configure:17571: $PKG_CONFIG --exists --print-errors "glib-2.0 >= $GLIB_REQUIRED_VERSION $GLIB_PACKAGES"
configure:17574: $? = 0
configure:17618: result: yes
configure:17653: checking for bind_textdomain_codeset
configure:17653: gcc -o conftest -g -O2 -mmmx -msse -ftree-vectorize -ffast-math   conftest.c  -lgobject-2.0 -Wl,--export-dynamic -lgmodule-2.0 -pthread -lglib-2.0 >&5
configure:17653: $? = 0
configure:17653: result: yes
configure:17669: checking whether NLS is requested
configure:17678: result: yes
configure:17696: checking for intltool >= 0.40.1
configure:17698: result: 0.51.0 found
configure:17706: checking for intltool-update
configure:17724: found /usr/bin/intltool-update
configure:17736: result: /usr/bin/intltool-update
configure:17746: checking for intltool-merge
configure:17764: found /usr/bin/intltool-merge
configure:17776: result: /usr/bin/intltool-merge
configure:17786: checking for intltool-extract
configure:17804: found /usr/bin/intltool-extract
configure:17816: result: /usr/bin/intltool-extract
configure:17970: checking for xgettext
configure:17988: found /usr/bin/xgettext
configure:18000: result: /usr/bin/xgettext
configure:18010: checking for msgmerge
configure:18028: found /usr/bin/msgmerge
configure:18040: result: /usr/bin/msgmerge
configure:18050: checking for msgfmt
configure:18068: found /usr/bin/msgfmt
configure:18080: result: /usr/bin/msgfmt
configure:18090: checking for gmsgfmt
configure:18121: result: /usr/bin/msgfmt
configure:18141: checking for perl
configure:18159: found /usr/bin/perl
configure:18171: result: /usr/bin/perl
configure:18182: checking for perl >= 5.8.1
configure:18189: result: 5.22.1
configure:18193: checking for XML::Parser
configure:18196: result: ok
configure:18221: gcc -o conftest -g -O2 -mmmx -msse -ftree-vectorize -ffast-math   conftest.c  >&5
configure:18221: $? = 0
configure:18250: checking locale.h usability
configure:18250: gcc -c -g -O2 -mmmx -msse -ftree-vectorize -ffast-math  conftest.c >&5
configure:18250: $? = 0
configure:18250: result: yes
configure:18250: checking locale.h presence
configure:18250: gcc -E  conftest.c
configure:18250: $? = 0
configure:18250: result: yes
configure:18250: checking for locale.h
configure:18250: result: yes
configure:18261: checking for LC_MESSAGES
configure:18277: gcc -o conftest -g -O2 -mmmx -msse -ftree-vectorize -ffast-math   conftest.c  >&5
configure:18277: $? = 0
configure:18285: result: yes
configure:18302: checking libintl.h usability
configure:18302: gcc -c -g -O2 -mmmx -msse -ftree-vectorize -ffast-math  conftest.c >&5
configure:18302: $? = 0
configure:18302: result: yes
configure:18302: checking libintl.h presence
configure:18302: gcc -E  conftest.c
configure:18302: $? = 0
configure:18302: result: yes
configure:18302: checking for libintl.h
configure:18302: result: yes
configure:18310: checking for ngettext in libc
configure:18328: gcc -o conftest -g -O2 -mmmx -msse -ftree-vectorize -ffast-math   conftest.c  >&5
configure:18328: $? = 0
configure:18337: result: yes
configure:18341: checking for dgettext in libc
configure:18359: gcc -o conftest -g -O2 -mmmx -msse -ftree-vectorize -ffast-math   conftest.c  >&5
configure:18359: $? = 0
configure:18368: result: yes
configure:18375: checking for bind_textdomain_codeset
configure:18375: result: yes
configure:18651: checking for msgfmt
configure:18678: result: /usr/bin/msgfmt
configure:18689: checking for dcgettext
configure:18689: gcc -o conftest -g -O2 -mmmx -msse -ftree-vectorize -ffast-math   conftest.c   >&5
conftest.c:61:6: warning: conflicting types for built-in function 'dcgettext'
 char dcgettext ();
      ^
configure:18689: $? = 0
configure:18689: result: yes
configure:18699: checking if msgfmt accepts -c
configure:18714: $MSGFMT -c -o /dev/null conftest.foo
conftest.foo:3: warning: header field 'Language' missing in header
configure:18717: $? = 0
configure:18719: result: yes
configure:18729: checking for gmsgfmt
configure:18760: result: /usr/bin/msgfmt
configure:18770: checking for xgettext
configure:18797: result: /usr/bin/xgettext
configure:18816: gcc -o conftest -g -O2 -mmmx -msse -ftree-vectorize -ffast-math   conftest.c   >&5
configure:18816: $? = 0
configure:18960: checking if GLib is version 2.21.0 or newer
configure:18967: result: yes
configure:18979: checking for gtkdoc-check
configure:19012: result: no
configure:19021: checking for gtkdoc-rebase
configure:19054: result: no
configure:19065: checking for gtkdoc-mkpdf
configure:19098: result: no
configure:19136: checking whether to build gtk-doc documentation
configure:19138: result: no
configure:19216: checking for perl5
configure:19243: result: /usr/bin/perl
configure:19262: checking for ruby
configure:19290: result: no
configure:19302: WARNING:
*** Could not find Ruby interpreter. The HTML API reference
will not be updated.

configure:19330: checking for enscript
configure:19361: result: no
configure:19390: checking for asciidoc
configure:19421: result: no
configure:19431: result: *** Check for asciidoc failed.
configure:19452: checking for dot
configure:19483: result: no
configure:19493: result: *** Check for dot command failed.
configure:19543: checking for a Python interpreter with version >= 2.5.0
configure:19560: python -c import sys # split strings by '.' and convert to numeric. Append some zeros # because we need at least 4 digits for the hex conversion. # map returns an iterator in Python 3.0 and a list in 2.x minver = list(map(int, '2.5.0'.split('.'))) + [0, 0, 0] minverhex = 0 # xrange is not present in Python 3.0 and range returns an iterator for i in list(range(0, 4)): minverhex = (minverhex << 8) + minver[i] sys.exit(sys.hexversion < minverhex)
configure:19563: $? = 0
configure:19569: result: python
configure:19577: checking for python
configure:19595: found /usr/bin/python
configure:19607: result: /usr/bin/python
configure:19625: checking for python version
configure:19632: result: 2.7
configure:19644: checking for python platform
configure:19651: result: linux2
configure:19658: checking for python script directory
configure:19686: result: ${prefix}/lib/python2.7/dist-packages
configure:19695: checking for python extension module directory
configure:19723: result: ${exec_prefix}/lib/python2.7/dist-packages
configure:19760: checking for CAIRO
configure:19767: $PKG_CONFIG --exists --print-errors "cairo"
configure:19770: $? = 0
configure:19784: $PKG_CONFIG --exists --print-errors "cairo"
configure:19787: $? = 0
configure:19825: result: yes
configure:19865: checking for PANGO
configure:19872: $PKG_CONFIG --exists --print-errors "pango"
configure:19875: $? = 0
configure:19889: $PKG_CONFIG --exists --print-errors "pango"
configure:19892: $? = 0
configure:19930: result: yes
configure:19940: checking for PANGOCAIRO
configure:19947: $PKG_CONFIG --exists --print-errors "pangocairo"
configure:19950: $? = 0
configure:19964: $PKG_CONFIG --exists --print-errors "pangocairo"
configure:19967: $? = 0
configure:20005: result: yes
configure:20049: checking for GDK_PIXBUF
configure:20056: $PKG_CONFIG --exists --print-errors "gdk-pixbuf-2.0 >= 2.18.0"
configure:20059: $? = 0
configure:20073: $PKG_CONFIG --exists --print-errors "gdk-pixbuf-2.0 >= 2.18.0"
configure:20076: $? = 0
configure:20114: result: yes
configure:20145: checking for LENSFUN
configure:20152: $PKG_CONFIG --exists --print-errors "lensfun"
Package lensfun was not found in the pkg-config search path.
Perhaps you should add the directory containing `lensfun.pc'
to the PKG_CONFIG_PATH environment variable
No package 'lensfun' found
configure:20155: $? = 1
configure:20169: $PKG_CONFIG --exists --print-errors "lensfun"
Package lensfun was not found in the pkg-config search path.
Perhaps you should add the directory containing `lensfun.pc'
to the PKG_CONFIG_PATH environment variable
No package 'lensfun' found
configure:20172: $? = 1
configure:20186: result: no
No package 'lensfun' found
configure:20242: checking for jpeg_destroy_decompress in -ljpeg
configure:20267: gcc -o conftest -g -O2 -mmmx -msse -ftree-vectorize -ffast-math   conftest.c -ljpeg   >&5
configure:20267: $? = 0
configure:20276: result: yes
configure:20285: checking for jpeglib.h
configure:20297: gcc -E  conftest.c
configure:20297: $? = 0
configure:20303: result: yes
configure:20306: checking for jpeg_save_markers in -ljpeg
configure:20331: gcc -o conftest -g -O2 -mmmx -msse -ftree-vectorize -ffast-math   conftest.c -ljpeg   >&5
configure:20331: $? = 0
configure:20340: result: yes
configure:20381: checking for PNG
configure:20388: $PKG_CONFIG --exists --print-errors "libpng"
configure:20391: $? = 0
configure:20405: $PKG_CONFIG --exists --print-errors "libpng"
configure:20408: $? = 0
configure:20446: result: yes
configure:20480: checking for RSVG
configure:20487: $PKG_CONFIG --exists --print-errors "librsvg-2.0 >= 2.14.0"
Package librsvg-2.0 was not found in the pkg-config search path.
Perhaps you should add the directory containing `librsvg-2.0.pc'
to the PKG_CONFIG_PATH environment variable
No package 'librsvg-2.0' found
configure:20490: $? = 1
configure:20504: $PKG_CONFIG --exists --print-errors "librsvg-2.0 >= 2.14.0"
Package librsvg-2.0 was not found in the pkg-config search path.
Perhaps you should add the directory containing `librsvg-2.0.pc'
to the PKG_CONFIG_PATH environment variable
No package 'librsvg-2.0' found
configure:20507: $? = 1
configure:20521: result: no
No package 'librsvg-2.0' found
configure:20579: checking for OPENEXR
configure:20586: $PKG_CONFIG --exists --print-errors "OpenEXR"
Package OpenEXR was not found in the pkg-config search path.
Perhaps you should add the directory containing `OpenEXR.pc'
to the PKG_CONFIG_PATH environment variable
No package 'OpenEXR' found
configure:20589: $? = 1
configure:20603: $PKG_CONFIG --exists --print-errors "OpenEXR"
Package OpenEXR was not found in the pkg-config search path.
Perhaps you should add the directory containing `OpenEXR.pc'
to the PKG_CONFIG_PATH environment variable
No package 'OpenEXR' found
configure:20606: $? = 1
configure:20620: result: no
No package 'OpenEXR' found
configure:20678: checking for sdl-config
configure:20709: result: no
configure:20719: result: *** Check for SDL library failed.
configure:20756: checking for OPENRAW
configure:20763: $PKG_CONFIG --exists --print-errors "libopenraw-1.0 >= 0.0.5"
Package libopenraw-1.0 was not found in the pkg-config search path.
Perhaps you should add the directory containing `libopenraw-1.0.pc'
to the PKG_CONFIG_PATH environment variable
No package 'libopenraw-1.0' found
configure:20766: $? = 1
configure:20780: $PKG_CONFIG --exists --print-errors "libopenraw-1.0 >= 0.0.5"
Package libopenraw-1.0 was not found in the pkg-config search path.
Perhaps you should add the directory containing `libopenraw-1.0.pc'
to the PKG_CONFIG_PATH environment variable
No package 'libopenraw-1.0' found
configure:20783: $? = 1
configure:20797: result: no
No package 'libopenraw-1.0' found
configure:20857: checking for JASPER
configure:20864: $PKG_CONFIG --exists --print-errors "jasper >= 1.900.1"
Package jasper was not found in the pkg-config search path.
Perhaps you should add the directory containing `jasper.pc'
to the PKG_CONFIG_PATH environment variable
No package 'jasper' found
configure:20867: $? = 1
configure:20881: $PKG_CONFIG --exists --print-errors "jasper >= 1.900.1"
Package jasper was not found in the pkg-config search path.
Perhaps you should add the directory containing `jasper.pc'
to the PKG_CONFIG_PATH environment variable
No package 'jasper' found
configure:20884: $? = 1
configure:20898: result: no
No package 'jasper' found
configure:20917: checking for jas_stream_freopen in -ljasper
configure:20942: gcc -o conftest -g -O2 -mmmx -msse -ftree-vectorize -ffast-math   conftest.c -ljasper   >&5
/usr/bin/ld: cannot find -ljasper
collect2: error: ld returned 1 exit status
configure:20942: $? = 1
configure: failed program was:
| /* confdefs.h */
| #define PACKAGE_NAME "gegl"
| #define PACKAGE_TARNAME "gegl"
| #define PACKAGE_VERSION "0.2.0"
| #define PACKAGE_STRING "gegl 0.2.0"
| #define PACKAGE_BUGREPORT ""
| #define PACKAGE_URL ""
| #define GEGL_LIBRARY "gegl-0.2"
| #define STDC_HEADERS 1
| #define HAVE_SYS_TYPES_H 1
| #define HAVE_SYS_STAT_H 1
| #define HAVE_STDLIB_H 1
| #define HAVE_STRING_H 1
| #define HAVE_MEMORY_H 1
| #define HAVE_STRINGS_H 1
| #define HAVE_INTTYPES_H 1
| #define HAVE_STDINT_H 1
| #define HAVE_UNISTD_H 1
| #define HAVE_DLFCN_H 1
| #define LT_OBJDIR ".libs/"
| #define GEGL_GNUC_VARIADIC_MACROS 1
| #define GEGL_ISO_VARIADIC_MACROS 1
| #define GEGL_ISO_CXX_VARIADIC_MACROS 1
| #define restrict __restrict
| #define ARCH_X86 1
| #define ARCH_X86_64 1
| #define SHREXT ".so"
| #define USE_MMX 1
| #define USE_SSE 1
| #define HAVE_FSYNC 1
| #define GETTEXT_PACKAGE "gegl-0.2"
| #define HAVE_BIND_TEXTDOMAIN_CODESET 1
| #define HAVE_LOCALE_H 1
| #define HAVE_LC_MESSAGES 1
| #define HAVE_BIND_TEXTDOMAIN_CODESET 1
| #define HAVE_GETTEXT 1
| #define HAVE_DCGETTEXT 1
| #define ENABLE_NLS 1
| /* end confdefs.h.  */
| 
| /* Override any GCC internal prototype to avoid an error.
|    Use char because int might match the return type of a GCC
|    builtin and then its argument prototype would still apply.  */
| #ifdef __cplusplus
| extern "C"
| #endif
| char jas_stream_freopen ();
| int
| main ()
| {
| return jas_stream_freopen ();
|   ;
|   return 0;
| }
configure:20951: result: no
configure:21060: checking for dot
configure:21091: result: no
configure:21102: result: *** Check for dot command from graphviz failed.
configure:21134: checking for LUA
configure:21141: $PKG_CONFIG --exists --print-errors "lua >= $LUA_REQUIRED_VERSION"
Package lua was not found in the pkg-config search path.
Perhaps you should add the directory containing `lua.pc'
to the PKG_CONFIG_PATH environment variable
No package 'lua' found
configure:21144: $? = 1
configure:21158: $PKG_CONFIG --exists --print-errors "lua >= $LUA_REQUIRED_VERSION"
Package lua was not found in the pkg-config search path.
Perhaps you should add the directory containing `lua.pc'
to the PKG_CONFIG_PATH environment variable
No package 'lua' found
configure:21161: $? = 1
configure:21175: result: no
No package 'lua' found
configure:21193: checking for LUA
configure:21200: $PKG_CONFIG --exists --print-errors "lua5.1 >= $LUA_REQUIRED_VERSION"
Package lua5.1 was not found in the pkg-config search path.
Perhaps you should add the directory containing `lua5.1.pc'
to the PKG_CONFIG_PATH environment variable
No package 'lua5.1' found
configure:21203: $? = 1
configure:21217: $PKG_CONFIG --exists --print-errors "lua5.1 >= $LUA_REQUIRED_VERSION"
Package lua5.1 was not found in the pkg-config search path.
Perhaps you should add the directory containing `lua5.1.pc'
to the PKG_CONFIG_PATH environment variable
No package 'lua5.1' found
configure:21220: $? = 1
configure:21234: result: no
No package 'lua5.1' found
configure:21372: checking for AVFORMAT
configure:21379: $PKG_CONFIG --exists --print-errors "libavformat libavcodec"
Package libavformat was not found in the pkg-config search path.
Perhaps you should add the directory containing `libavformat.pc'
to the PKG_CONFIG_PATH environment variable
No package 'libavformat' found
Package libavcodec was not found in the pkg-config search path.
Perhaps you should add the directory containing `libavcodec.pc'
to the PKG_CONFIG_PATH environment variable
No package 'libavcodec' found
configure:21382: $? = 1
configure:21396: $PKG_CONFIG --exists --print-errors "libavformat libavcodec"
Package libavformat was not found in the pkg-config search path.
Perhaps you should add the directory containing `libavformat.pc'
to the PKG_CONFIG_PATH environment variable
No package 'libavformat' found
Package libavcodec was not found in the pkg-config search path.
Perhaps you should add the directory containing `libavcodec.pc'
to the PKG_CONFIG_PATH environment variable
No package 'libavcodec' found
configure:21399: $? = 1
configure:21413: result: no
No package 'libavformat' found
No package 'libavcodec' found
configure:21492: checking linux/videodev.h usability
configure:21492: gcc -c -g -O2 -mmmx -msse -ftree-vectorize -ffast-math  conftest.c >&5
conftest.c:73:28: fatal error: linux/videodev.h: No such file or directory
compilation terminated.
configure:21492: $? = 1
configure: failed program was:
| /* confdefs.h */
| #define PACKAGE_NAME "gegl"
| #define PACKAGE_TARNAME "gegl"
| #define PACKAGE_VERSION "0.2.0"
| #define PACKAGE_STRING "gegl 0.2.0"
| #define PACKAGE_BUGREPORT ""
| #define PACKAGE_URL ""
| #define GEGL_LIBRARY "gegl-0.2"
| #define STDC_HEADERS 1
| #define HAVE_SYS_TYPES_H 1
| #define HAVE_SYS_STAT_H 1
| #define HAVE_STDLIB_H 1
| #define HAVE_STRING_H 1
| #define HAVE_MEMORY_H 1
| #define HAVE_STRINGS_H 1
| #define HAVE_INTTYPES_H 1
| #define HAVE_STDINT_H 1
| #define HAVE_UNISTD_H 1
| #define HAVE_DLFCN_H 1
| #define LT_OBJDIR ".libs/"
| #define GEGL_GNUC_VARIADIC_MACROS 1
| #define GEGL_ISO_VARIADIC_MACROS 1
| #define GEGL_ISO_CXX_VARIADIC_MACROS 1
| #define restrict __restrict
| #define ARCH_X86 1
| #define ARCH_X86_64 1
| #define SHREXT ".so"
| #define USE_MMX 1
| #define USE_SSE 1
| #define HAVE_FSYNC 1
| #define GETTEXT_PACKAGE "gegl-0.2"
| #define HAVE_BIND_TEXTDOMAIN_CODESET 1
| #define HAVE_LOCALE_H 1
| #define HAVE_LC_MESSAGES 1
| #define HAVE_BIND_TEXTDOMAIN_CODESET 1
| #define HAVE_GETTEXT 1
| #define HAVE_DCGETTEXT 1
| #define ENABLE_NLS 1
| /* end confdefs.h.  */
| #include <stdio.h>
| #ifdef HAVE_SYS_TYPES_H
| # include <sys/types.h>
| #endif
| #ifdef HAVE_SYS_STAT_H
| # include <sys/stat.h>
| #endif
| #ifdef STDC_HEADERS
| # include <stdlib.h>
| # include <stddef.h>
| #else
| # ifdef HAVE_STDLIB_H
| #  include <stdlib.h>
| # endif
| #endif
| #ifdef HAVE_STRING_H
| # if !defined STDC_HEADERS && defined HAVE_MEMORY_H
| #  include <memory.h>
| # endif
| # include <string.h>
| #endif
| #ifdef HAVE_STRINGS_H
| # include <strings.h>
| #endif
| #ifdef HAVE_INTTYPES_H
| # include <inttypes.h>
| #endif
| #ifdef HAVE_STDINT_H
| # include <stdint.h>
| #endif
| #ifdef HAVE_UNISTD_H
| # include <unistd.h>
| #endif
| #include <linux/videodev.h>
configure:21492: result: no
configure:21492: checking linux/videodev.h presence
configure:21492: gcc -E  conftest.c
conftest.c:40:28: fatal error: linux/videodev.h: No such file or directory
compilation terminated.
configure:21492: $? = 1
configure: failed program was:
| /* confdefs.h */
| #define PACKAGE_NAME "gegl"
| #define PACKAGE_TARNAME "gegl"
| #define PACKAGE_VERSION "0.2.0"
| #define PACKAGE_STRING "gegl 0.2.0"
| #define PACKAGE_BUGREPORT ""
| #define PACKAGE_URL ""
| #define GEGL_LIBRARY "gegl-0.2"
| #define STDC_HEADERS 1
| #define HAVE_SYS_TYPES_H 1
| #define HAVE_SYS_STAT_H 1
| #define HAVE_STDLIB_H 1
| #define HAVE_STRING_H 1
| #define HAVE_MEMORY_H 1
| #define HAVE_STRINGS_H 1
| #define HAVE_INTTYPES_H 1
| #define HAVE_STDINT_H 1
| #define HAVE_UNISTD_H 1
| #define HAVE_DLFCN_H 1
| #define LT_OBJDIR ".libs/"
| #define GEGL_GNUC_VARIADIC_MACROS 1
| #define GEGL_ISO_VARIADIC_MACROS 1
| #define GEGL_ISO_CXX_VARIADIC_MACROS 1
| #define restrict __restrict
| #define ARCH_X86 1
| #define ARCH_X86_64 1
| #define SHREXT ".so"
| #define USE_MMX 1
| #define USE_SSE 1
| #define HAVE_FSYNC 1
| #define GETTEXT_PACKAGE "gegl-0.2"
| #define HAVE_BIND_TEXTDOMAIN_CODESET 1
| #define HAVE_LOCALE_H 1
| #define HAVE_LC_MESSAGES 1
| #define HAVE_BIND_TEXTDOMAIN_CODESET 1
| #define HAVE_GETTEXT 1
| #define HAVE_DCGETTEXT 1
| #define ENABLE_NLS 1
| /* end confdefs.h.  */
| #include <linux/videodev.h>
configure:21492: result: no
configure:21492: checking for linux/videodev.h
configure:21492: result: no
configure:21548: checking for run_spiro in -lspiro
configure:21573: gcc -o conftest -g -O2 -mmmx -msse -ftree-vectorize -ffast-math   conftest.c -lspiro   >&5
/usr/bin/ld: cannot find -lspiro
collect2: error: ld returned 1 exit status
configure:21573: $? = 1
configure: failed program was:
| /* confdefs.h */
| #define PACKAGE_NAME "gegl"
| #define PACKAGE_TARNAME "gegl"
| #define PACKAGE_VERSION "0.2.0"
| #define PACKAGE_STRING "gegl 0.2.0"
| #define PACKAGE_BUGREPORT ""
| #define PACKAGE_URL ""
| #define GEGL_LIBRARY "gegl-0.2"
| #define STDC_HEADERS 1
| #define HAVE_SYS_TYPES_H 1
| #define HAVE_SYS_STAT_H 1
| #define HAVE_STDLIB_H 1
| #define HAVE_STRING_H 1
| #define HAVE_MEMORY_H 1
| #define HAVE_STRINGS_H 1
| #define HAVE_INTTYPES_H 1
| #define HAVE_STDINT_H 1
| #define HAVE_UNISTD_H 1
| #define HAVE_DLFCN_H 1
| #define LT_OBJDIR ".libs/"
| #define GEGL_GNUC_VARIADIC_MACROS 1
| #define GEGL_ISO_VARIADIC_MACROS 1
| #define GEGL_ISO_CXX_VARIADIC_MACROS 1
| #define restrict __restrict
| #define ARCH_X86 1
| #define ARCH_X86_64 1
| #define SHREXT ".so"
| #define USE_MMX 1
| #define USE_SSE 1
| #define HAVE_FSYNC 1
| #define GETTEXT_PACKAGE "gegl-0.2"
| #define HAVE_BIND_TEXTDOMAIN_CODESET 1
| #define HAVE_LOCALE_H 1
| #define HAVE_LC_MESSAGES 1
| #define HAVE_BIND_TEXTDOMAIN_CODESET 1
| #define HAVE_GETTEXT 1
| #define HAVE_DCGETTEXT 1
| #define ENABLE_NLS 1
| /* end confdefs.h.  */
| 
| /* Override any GCC internal prototype to avoid an error.
|    Use char because int might match the return type of a GCC
|    builtin and then its argument prototype would still apply.  */
| #ifdef __cplusplus
| extern "C"
| #endif
| char run_spiro ();
| int
| main ()
| {
| return run_spiro ();
|   ;
|   return 0;
| }
configure:21582: result: no
configure:21637: checking for EXIV2
configure:21644: $PKG_CONFIG --exists --print-errors "exiv2"
Package exiv2 was not found in the pkg-config search path.
Perhaps you should add the directory containing `exiv2.pc'
to the PKG_CONFIG_PATH environment variable
No package 'exiv2' found
configure:21647: $? = 1
configure:21661: $PKG_CONFIG --exists --print-errors "exiv2"
Package exiv2 was not found in the pkg-config search path.
Perhaps you should add the directory containing `exiv2.pc'
to the PKG_CONFIG_PATH environment variable
No package 'exiv2' found
configure:21664: $? = 1
configure:21678: result: no
No package 'exiv2' found
configure:21739: checking for umfpack_dl_solve in -lumfpack
configure:21764: gcc -o conftest -g -O2 -mmmx -msse -ftree-vectorize -ffast-math   conftest.c -lumfpack   >&5
/usr/bin/ld: cannot find -lumfpack
collect2: error: ld returned 1 exit status
configure:21764: $? = 1
configure: failed program was:
| /* confdefs.h */
| #define PACKAGE_NAME "gegl"
| #define PACKAGE_TARNAME "gegl"
| #define PACKAGE_VERSION "0.2.0"
| #define PACKAGE_STRING "gegl 0.2.0"
| #define PACKAGE_BUGREPORT ""
| #define PACKAGE_URL ""
| #define GEGL_LIBRARY "gegl-0.2"
| #define STDC_HEADERS 1
| #define HAVE_SYS_TYPES_H 1
| #define HAVE_SYS_STAT_H 1
| #define HAVE_STDLIB_H 1
| #define HAVE_STRING_H 1
| #define HAVE_MEMORY_H 1
| #define HAVE_STRINGS_H 1
| #define HAVE_INTTYPES_H 1
| #define HAVE_STDINT_H 1
| #define HAVE_UNISTD_H 1
| #define HAVE_DLFCN_H 1
| #define LT_OBJDIR ".libs/"
| #define GEGL_GNUC_VARIADIC_MACROS 1
| #define GEGL_ISO_VARIADIC_MACROS 1
| #define GEGL_ISO_CXX_VARIADIC_MACROS 1
| #define restrict __restrict
| #define ARCH_X86 1
| #define ARCH_X86_64 1
| #define SHREXT ".so"
| #define USE_MMX 1
| #define USE_SSE 1
| #define HAVE_FSYNC 1
| #define GETTEXT_PACKAGE "gegl-0.2"
| #define HAVE_BIND_TEXTDOMAIN_CODESET 1
| #define HAVE_LOCALE_H 1
| #define HAVE_LC_MESSAGES 1
| #define HAVE_BIND_TEXTDOMAIN_CODESET 1
| #define HAVE_GETTEXT 1
| #define HAVE_DCGETTEXT 1
| #define ENABLE_NLS 1
| /* end confdefs.h.  */
| 
| /* Override any GCC internal prototype to avoid an error.
|    Use char because int might match the return type of a GCC
|    builtin and then its argument prototype would still apply.  */
| #ifdef __cplusplus
| extern "C"
| #endif
| char umfpack_dl_solve ();
| int
| main ()
| {
| return umfpack_dl_solve ();
|   ;
|   return 0;
| }
configure:21773: result: no
configure:21821: checking execinfo.h usability
configure:21821: gcc -c -g -O2 -mmmx -msse -ftree-vectorize -ffast-math  conftest.c >&5
configure:21821: $? = 0
configure:21821: result: yes
configure:21821: checking execinfo.h presence
configure:21821: gcc -E  conftest.c
configure:21821: $? = 0
configure:21821: result: yes
configure:21821: checking for execinfo.h
configure:21821: result: yes
configure:21835: checking for w3m
configure:21866: result: no
configure:21901: checking for rint
configure:21901: gcc -o conftest -g -O2 -mmmx -msse -ftree-vectorize -ffast-math   conftest.c  >&5
conftest.c:64:6: warning: conflicting types for built-in function 'rint'
 char rint ();
      ^
/tmp/ccTo8BzO.o: In function `main':
/home/gaston/Downloads/gimp-2.8.16/gegl-0.2.0/conftest.c:75: undefined reference to `rint'
collect2: error: ld returned 1 exit status
configure:21901: $? = 1
configure: failed program was:
| /* confdefs.h */
| #define PACKAGE_NAME "gegl"
| #define PACKAGE_TARNAME "gegl"
| #define PACKAGE_VERSION "0.2.0"
| #define PACKAGE_STRING "gegl 0.2.0"
| #define PACKAGE_BUGREPORT ""
| #define PACKAGE_URL ""
| #define GEGL_LIBRARY "gegl-0.2"
| #define STDC_HEADERS 1
| #define HAVE_SYS_TYPES_H 1
| #define HAVE_SYS_STAT_H 1
| #define HAVE_STDLIB_H 1
| #define HAVE_STRING_H 1
| #define HAVE_MEMORY_H 1
| #define HAVE_STRINGS_H 1
| #define HAVE_INTTYPES_H 1
| #define HAVE_STDINT_H 1
| #define HAVE_UNISTD_H 1
| #define HAVE_DLFCN_H 1
| #define LT_OBJDIR ".libs/"
| #define GEGL_GNUC_VARIADIC_MACROS 1
| #define GEGL_ISO_VARIADIC_MACROS 1
| #define GEGL_ISO_CXX_VARIADIC_MACROS 1
| #define restrict __restrict
| #define ARCH_X86 1
| #define ARCH_X86_64 1
| #define SHREXT ".so"
| #define USE_MMX 1
| #define USE_SSE 1
| #define HAVE_FSYNC 1
| #define GETTEXT_PACKAGE "gegl-0.2"
| #define HAVE_BIND_TEXTDOMAIN_CODESET 1
| #define HAVE_LOCALE_H 1
| #define HAVE_LC_MESSAGES 1
| #define HAVE_BIND_TEXTDOMAIN_CODESET 1
| #define HAVE_GETTEXT 1
| #define HAVE_DCGETTEXT 1
| #define ENABLE_NLS 1
| #define HAVE_EXECINFO_H 1
| /* end confdefs.h.  */
| /* Define rint to an innocuous variant, in case <limits.h> declares rint.
|    For example, HP-UX 11i <limits.h> declares gettimeofday.  */
| #define rint innocuous_rint
| 
| /* System header to define __stub macros and hopefully few prototypes,
|     which can conflict with char rint (); below.
|     Prefer <limits.h> to <assert.h> if __STDC__ is defined, since
|     <limits.h> exists even on freestanding compilers.  */
| 
| #ifdef __STDC__
| # include <limits.h>
| #else
| # include <assert.h>
| #endif
| 
| #undef rint
| 
| /* Override any GCC internal prototype to avoid an error.
|    Use char because int might match the return type of a GCC
|    builtin and then its argument prototype would still apply.  */
| #ifdef __cplusplus
| extern "C"
| #endif
| char rint ();
| /* The GNU C library defines this for functions which it implements
|     to always fail with ENOSYS.  Some functions are actually named
|     something starting with __ and the normal name is an alias.  */
| #if defined __stub_rint || defined __stub___rint
| choke me
| #endif
| 
| int
| main ()
| {
| return rint ();
|   ;
|   return 0;
| }
configure:21901: result: no
configure:21908: checking for rint in -lm
configure:21933: gcc -o conftest -g -O2 -mmmx -msse -ftree-vectorize -ffast-math   conftest.c -lm   >&5
conftest.c:48:6: warning: conflicting types for built-in function 'rint'
 char rint ();
      ^
configure:21933: $? = 0
configure:21942: result: yes
configure:21972: checking to see if compiler understands -Wall
configure:21989: gcc -c -g -O2 -mmmx -msse -ftree-vectorize -ffast-math -Wall  conftest.c >&5
configure:21989: $? = 0
configure:22004: result: yes
configure:21972: checking to see if compiler understands -Wdeclaration-after-statement
configure:21989: gcc -c -g -O2 -mmmx -msse -ftree-vectorize -ffast-math -Wall -Wdeclaration-after-statement  conftest.c >&5
configure:21989: $? = 0
configure:22004: result: yes
configure:21972: checking to see if compiler understands -Wmissing-prototypes
configure:21989: gcc -c -g -O2 -mmmx -msse -ftree-vectorize -ffast-math -Wall -Wdeclaration-after-statement -Wmissing-prototypes  conftest.c >&5
configure:21989: $? = 0
configure:22004: result: yes
configure:21972: checking to see if compiler understands -Wmissing-declarations
configure:21989: gcc -c -g -O2 -mmmx -msse -ftree-vectorize -ffast-math -Wall -Wdeclaration-after-statement -Wmissing-prototypes -Wmissing-declarations  conftest.c >&5
configure:21989: $? = 0
configure:22004: result: yes
configure:21972: checking to see if compiler understands -Winit-self
configure:21989: gcc -c -g -O2 -mmmx -msse -ftree-vectorize -ffast-math -Wall -Wdeclaration-after-statement -Wmissing-prototypes -Wmissing-declarations -Winit-self  conftest.c >&5
configure:21989: $? = 0
configure:22004: result: yes
configure:21972: checking to see if compiler understands -Wpointer-arith
configure:21989: gcc -c -g -O2 -mmmx -msse -ftree-vectorize -ffast-math -Wall -Wdeclaration-after-statement -Wmissing-prototypes -Wmissing-declarations -Winit-self -Wpointer-arith  conftest.c >&5
configure:21989: $? = 0
configure:22004: result: yes
configure:21972: checking to see if compiler understands -Wold-style-definition
configure:21989: gcc -c -g -O2 -mmmx -msse -ftree-vectorize -ffast-math -Wall -Wdeclaration-after-statement -Wmissing-prototypes -Wmissing-declarations -Winit-self -Wpointer-arith -Wold-style-definition  conftest.c >&5
conftest.c: In function 'main':
conftest.c:44:1: warning: old-style function definition [-Wold-style-definition]
 main ()
 ^
configure:21989: $? = 0
configure:22004: result: yes
configure:22327: creating ./config.status

## ---------------------- ##
## Running config.status. ##
## ---------------------- ##

This file was extended by gegl config.status 0.2.0, which was
generated by GNU Autoconf 2.68.  Invocation command line was

  CONFIG_FILES    = 
  CONFIG_HEADERS  = 
  CONFIG_LINKS    = 
  CONFIG_COMMANDS = 
  $ ./config.status 

on gaston-Inspiron-11-3162

config.status:1471: creating Makefile
config.status:1471: creating bin/Makefile
config.status:1471: creating gegl/Makefile
config.status:1471: creating gegl/gegl-version.h
config.status:1471: creating gegl/buffer/Makefile
config.status:1471: creating gegl/graph/Makefile
config.status:1471: creating gegl/module/Makefile
config.status:1471: creating gegl/operation/Makefile
config.status:1471: creating gegl/process/Makefile
config.status:1471: creating gegl/property-types/Makefile
config.status:1471: creating gegl/opencl/Makefile
config.status:1471: creating libs/Makefile
config.status:1471: creating libs/rgbe/Makefile
config.status:1471: creating operations/Makefile
config.status:1471: creating operations/core/Makefile
config.status:1471: creating operations/common/Makefile
config.status:1471: creating operations/common/perlin/Makefile
config.status:1471: creating operations/external/Makefile
config.status:1471: creating operations/generated/Makefile
config.status:1471: creating operations/transform/Makefile
config.status:1471: creating operations/workshop/Makefile
config.status:1471: creating operations/workshop/external/Makefile
config.status:1471: creating operations/workshop/generated/Makefile
config.status:1471: creating tools/Makefile
config.status:1471: creating docs/Makefile
config.status:1471: creating docs/index-static.txt
config.status:1471: creating docs/gallery/Makefile
config.status:1471: creating docs/gallery/data/Makefile
config.status:1471: creating examples/Makefile
config.status:1471: creating examples/data/Makefile
config.status:1471: creating tests/Makefile
config.status:1471: creating tests/buffer/Makefile
config.status:1471: creating tests/buffer/reference/Makefile
config.status:1471: creating tests/buffer/tests/Makefile
config.status:1471: creating tests/compositions/Makefile
config.status:1471: creating tests/compositions/data/Makefile
config.status:1471: creating tests/python/Makefile
config.status:1471: creating tests/simple/Makefile
config.status:1471: creating tests/xml/Makefile
config.status:1471: creating tests/xml/data/Makefile
config.status:1471: creating po/Makefile.in
config.status:1471: creating gegl-uninstalled.pc
config.status:1471: creating gegl-0.2.pc
config.status:1471: creating config.h
config.status:1700: executing depfiles commands
config.status:1700: executing libtool commands
config.status:1700: executing default-1 commands
config.status:1700: executing po/stamp-it commands
configure:24936: result:
Building GEGL with prefix=/usr/local

Optional features:
  GEGL docs:       yes
  Build workshop:  no
  Build website:   no  (asciidoc not found)
  SIMD:            sse:yes mmx:yes
  Vala support:    no  (vapigen executable not found)

Optional dependencies:
  asciidoc:        no  (asciidoc not found)
  enscript:        no  (enscript not found)
  Ruby:            no
  Lua:             no  (usable lua not found)
  Cairo:           yes
  Pango:           yes
  pangocairo:      yes
  GDKPixbuf:       yes
  JPEG:            yes
  PNG:             yes
  OpenEXR:         no  (OpenEXR library not found)
  rsvg:            no  (usable librsvg not found)
  SDL:             no  (SDL library not found)
  openraw:         no  (openraw library not found)
  Jasper:          no  (jasper library not found)
  graphviz:        no  (graphviz not found)
  avformat:        no  (libavformat not found)
  V4L:             no
  spiro:           no  (usable SPIRO library not found)
  EXIV:            no  (exiv2 library not found)
  umfpack:         no  (usable umfpack library not found)


## ---------------- ##
## Cache variables. ##
## ---------------- ##

ac_cv_build=x86_64-unknown-linux-gnu
ac_cv_c_compiler_gnu=yes
ac_cv_c_restrict=__restrict
ac_cv_cxx_compiler_gnu=yes
ac_cv_env_AVFORMAT_CFLAGS_set=
ac_cv_env_AVFORMAT_CFLAGS_value=
ac_cv_env_AVFORMAT_LIBS_set=
ac_cv_env_AVFORMAT_LIBS_value=
ac_cv_env_BABL_CFLAGS_set=
ac_cv_env_BABL_CFLAGS_value=
ac_cv_env_BABL_LIBS_set=
ac_cv_env_BABL_LIBS_value=
ac_cv_env_CAIRO_CFLAGS_set=
ac_cv_env_CAIRO_CFLAGS_value=
ac_cv_env_CAIRO_LIBS_set=
ac_cv_env_CAIRO_LIBS_value=
ac_cv_env_CCC_set=
ac_cv_env_CCC_value=
ac_cv_env_CC_set=
ac_cv_env_CC_value=
ac_cv_env_CFLAGS_set=
ac_cv_env_CFLAGS_value=
ac_cv_env_CPPFLAGS_set=
ac_cv_env_CPPFLAGS_value=
ac_cv_env_CPP_set=
ac_cv_env_CPP_value=
ac_cv_env_CXXCPP_set=
ac_cv_env_CXXCPP_value=
ac_cv_env_CXXFLAGS_set=
ac_cv_env_CXXFLAGS_value=
ac_cv_env_CXX_set=
ac_cv_env_CXX_value=
ac_cv_env_DEP_CFLAGS_set=
ac_cv_env_DEP_CFLAGS_value=
ac_cv_env_DEP_LIBS_set=
ac_cv_env_DEP_LIBS_value=
ac_cv_env_EXIV2_CFLAGS_set=
ac_cv_env_EXIV2_CFLAGS_value=
ac_cv_env_EXIV2_LIBS_set=
ac_cv_env_EXIV2_LIBS_value=
ac_cv_env_GDK_PIXBUF_CFLAGS_set=
ac_cv_env_GDK_PIXBUF_CFLAGS_value=
ac_cv_env_GDK_PIXBUF_LIBS_set=
ac_cv_env_GDK_PIXBUF_LIBS_value=
ac_cv_env_JASPER_CFLAGS_set=
ac_cv_env_JASPER_CFLAGS_value=
ac_cv_env_JASPER_LIBS_set=
ac_cv_env_JASPER_LIBS_value=
ac_cv_env_LDFLAGS_set=
ac_cv_env_LDFLAGS_value=
ac_cv_env_LENSFUN_CFLAGS_set=
ac_cv_env_LENSFUN_CFLAGS_value=
ac_cv_env_LENSFUN_LIBS_set=
ac_cv_env_LENSFUN_LIBS_value=
ac_cv_env_LIBS_set=
ac_cv_env_LIBS_value=
ac_cv_env_LUA_CFLAGS_set=
ac_cv_env_LUA_CFLAGS_value=
ac_cv_env_LUA_LIBS_set=
ac_cv_env_LUA_LIBS_value=
ac_cv_env_OPENEXR_CFLAGS_set=
ac_cv_env_OPENEXR_CFLAGS_value=
ac_cv_env_OPENEXR_LIBS_set=
ac_cv_env_OPENEXR_LIBS_value=
ac_cv_env_OPENRAW_CFLAGS_set=
ac_cv_env_OPENRAW_CFLAGS_value=
ac_cv_env_OPENRAW_LIBS_set=
ac_cv_env_OPENRAW_LIBS_value=
ac_cv_env_PANGOCAIRO_CFLAGS_set=
ac_cv_env_PANGOCAIRO_CFLAGS_value=
ac_cv_env_PANGOCAIRO_LIBS_set=
ac_cv_env_PANGOCAIRO_LIBS_value=
ac_cv_env_PANGO_CFLAGS_set=
ac_cv_env_PANGO_CFLAGS_value=
ac_cv_env_PANGO_LIBS_set=
ac_cv_env_PANGO_LIBS_value=
ac_cv_env_PKG_CONFIG_LIBDIR_set=
ac_cv_env_PKG_CONFIG_LIBDIR_value=
ac_cv_env_PKG_CONFIG_PATH_set=
ac_cv_env_PKG_CONFIG_PATH_value=
ac_cv_env_PKG_CONFIG_set=
ac_cv_env_PKG_CONFIG_value=
ac_cv_env_PNG_CFLAGS_set=
ac_cv_env_PNG_CFLAGS_value=
ac_cv_env_PNG_LIBS_set=
ac_cv_env_PNG_LIBS_value=
ac_cv_env_PYTHON_set=
ac_cv_env_PYTHON_value=
ac_cv_env_RSVG_CFLAGS_set=
ac_cv_env_RSVG_CFLAGS_value=
ac_cv_env_RSVG_LIBS_set=
ac_cv_env_RSVG_LIBS_value=
ac_cv_env_build_alias_set=
ac_cv_env_build_alias_value=
ac_cv_env_host_alias_set=
ac_cv_env_host_alias_value=
ac_cv_env_target_alias_set=
ac_cv_env_target_alias_value=
ac_cv_func_bind_textdomain_codeset=yes
ac_cv_func_dcgettext=yes
ac_cv_func_dlopen=no
ac_cv_func_fsync=yes
ac_cv_func_rint=no
ac_cv_func_shl_load=no
ac_cv_gegl_aclocal_flags=
ac_cv_header_dlfcn_h=yes
ac_cv_header_execinfo_h=yes
ac_cv_header_inttypes_h=yes
ac_cv_header_libintl_h=yes
ac_cv_header_linux_videodev_h=no
ac_cv_header_locale_h=yes
ac_cv_header_memory_h=yes
ac_cv_header_stdc=yes
ac_cv_header_stdint_h=yes
ac_cv_header_stdlib_h=yes
ac_cv_header_string_h=yes
ac_cv_header_strings_h=yes
ac_cv_header_sys_stat_h=yes
ac_cv_header_sys_types_h=yes
ac_cv_header_unistd_h=yes
ac_cv_host=x86_64-unknown-linux-gnu
ac_cv_lib_dl_dlopen=yes
ac_cv_lib_dld_shl_load=no
ac_cv_lib_jasper_jas_stream_freopen=no
ac_cv_lib_jpeg_jpeg_destroy_decompress=yes
ac_cv_lib_jpeg_jpeg_save_markers=yes
ac_cv_lib_m_rint=yes
ac_cv_lib_spiro_run_spiro=no
ac_cv_lib_umfpack_umfpack_dl_solve=no
ac_cv_objext=o
ac_cv_path_ASCIIDOC=no
ac_cv_path_DOT=no
ac_cv_path_EGREP='/bin/grep -E'
ac_cv_path_ENSCRIPT=no
ac_cv_path_FGREP='/bin/grep -F'
ac_cv_path_GMSGFMT=/usr/bin/msgfmt
ac_cv_path_GRAPHVIZ=no
ac_cv_path_GREP=/bin/grep
ac_cv_path_INTLTOOL_EXTRACT=/usr/bin/intltool-extract
ac_cv_path_INTLTOOL_MERGE=/usr/bin/intltool-merge
ac_cv_path_INTLTOOL_PERL=/usr/bin/perl
ac_cv_path_INTLTOOL_UPDATE=/usr/bin/intltool-update
ac_cv_path_MSGFMT=/usr/bin/msgfmt
ac_cv_path_MSGMERGE=/usr/bin/msgmerge
ac_cv_path_PERL=/usr/bin/perl
ac_cv_path_PYTHON=/usr/bin/python
ac_cv_path_SDL_CONFIG=no
ac_cv_path_SED=/bin/sed
ac_cv_path_VAPIGEN=no
ac_cv_path_W3M=no
ac_cv_path_XGETTEXT=/usr/bin/xgettext
ac_cv_path_ac_pt_PKG_CONFIG=/usr/bin/pkg-config
ac_cv_path_install='/usr/bin/install -c'
ac_cv_path_mkdir=/bin/mkdir
ac_cv_prog_AWK=mawk
ac_cv_prog_CPP='gcc -E'
ac_cv_prog_CXXCPP='g++ -E'
ac_cv_prog_PERL=/usr/bin/perl
ac_cv_prog_RUBY=no
ac_cv_prog_ac_ct_AR=ar
ac_cv_prog_ac_ct_CC=gcc
ac_cv_prog_ac_ct_CXX=g++
ac_cv_prog_ac_ct_MANIFEST_TOOL=mt
ac_cv_prog_ac_ct_OBJDUMP=objdump
ac_cv_prog_ac_ct_RANLIB=ranlib
ac_cv_prog_ac_ct_STRIP=strip
ac_cv_prog_cc_c89=
ac_cv_prog_cc_g=yes
ac_cv_prog_cxx_g=yes
ac_cv_prog_make_make_set=yes
ac_cv_sys_file_offset_bits=no
ac_cv_sys_largefile_CC=no
am_cv_CC_dependencies_compiler_type=gcc3
am_cv_CXX_dependencies_compiler_type=gcc3
am_cv_make_support_nested_variables=yes
am_cv_pathless_PYTHON=python
am_cv_python_platform=linux2
am_cv_python_pyexecdir='${exec_prefix}/lib/python2.7/dist-packages'
am_cv_python_pythondir='${prefix}/lib/python2.7/dist-packages'
am_cv_python_version=2.7
am_cv_val_LC_MESSAGES=yes
gegl_cv_prog_c_variadic_macros=yes
gegl_cv_prog_cxx_variadic_macros=yes
gegl_cv_prog_gnuc_variadic_macros=yes
gt_cv_func_dgettext_libc=yes
gt_cv_func_dgettext_libintl=no
gt_cv_func_ngettext_libc=yes
gt_cv_have_gettext=yes
lt_cv_ar_at_file=@
lt_cv_archive_cmds_need_lc=no
lt_cv_deplibs_check_method=pass_all
lt_cv_dlopen=dlopen
lt_cv_dlopen_libs=-ldl
lt_cv_dlopen_self=yes
lt_cv_dlopen_self_static=no
lt_cv_file_magic_cmd='$MAGIC_CMD'
lt_cv_file_magic_test_file=
lt_cv_ld_reload_flag=-r
lt_cv_nm_interface='BSD nm'
lt_cv_objdir=.libs
lt_cv_path_LD=/usr/bin/ld
lt_cv_path_LDCXX='/usr/bin/ld -m elf_x86_64'
lt_cv_path_NM='/usr/bin/nm -B'
lt_cv_path_mainfest_tool=no
lt_cv_prog_compiler_c_o=yes
lt_cv_prog_compiler_c_o_CXX=yes
lt_cv_prog_compiler_pic='-fPIC -DPIC'
lt_cv_prog_compiler_pic_CXX='-fPIC -DPIC'
lt_cv_prog_compiler_pic_works=yes
lt_cv_prog_compiler_pic_works_CXX=yes
lt_cv_prog_compiler_rtti_exceptions=no
lt_cv_prog_compiler_static_works=yes
lt_cv_prog_compiler_static_works_CXX=yes
lt_cv_prog_gnu_ld=yes
lt_cv_prog_gnu_ldcxx=yes
lt_cv_sharedlib_from_linklib_cmd='printf %s\n'
lt_cv_shlibpath_overrides_runpath=no
lt_cv_sys_global_symbol_pipe='sed -n -e '\''s/^.*[	 ]\([ABCDGIRSTW][ABCDGIRSTW]*\)[	 ][	 ]*\([_A-Za-z][_A-Za-z0-9]*\)$/\1 \2 \2/p'\'' | sed '\''/ __gnu_lto/d'\'''
lt_cv_sys_global_symbol_to_c_name_address='sed -n -e '\''s/^: \([^ ]*\)[ ]*$/  {\"\1\", (void *) 0},/p'\'' -e '\''s/^[ABCDGIRSTW]* \([^ ]*\) \([^ ]*\)$/  {"\2", (void *) \&\2},/p'\'''
lt_cv_sys_global_symbol_to_c_name_address_lib_prefix='sed -n -e '\''s/^: \([^ ]*\)[ ]*$/  {\"\1\", (void *) 0},/p'\'' -e '\''s/^[ABCDGIRSTW]* \([^ ]*\) \(lib[^ ]*\)$/  {"\2", (void *) \&\2},/p'\'' -e '\''s/^[ABCDGIRSTW]* \([^ ]*\) \([^ ]*\)$/  {"lib\2", (void *) \&\2},/p'\'''
lt_cv_sys_global_symbol_to_cdecl='sed -n -e '\''s/^T .* \(.*\)$/extern int \1();/p'\'' -e '\''s/^[ABCDGIRSTW]* .* \(.*\)$/extern char \1;/p'\'''
lt_cv_sys_max_cmd_len=1572864
lt_cv_to_host_file_cmd=func_convert_file_noop
lt_cv_to_tool_file_cmd=func_convert_file_noop
pkg_cv_BABL_CFLAGS=-I/usr/local/include/babl-0.1
pkg_cv_BABL_LIBS='-L/usr/local/lib -lbabl-0.1'
pkg_cv_CAIRO_CFLAGS='-I/usr/include/cairo -I/usr/include/glib-2.0 -I/usr/lib/x86_64-linux-gnu/glib-2.0/include -I/usr/include/pixman-1 -I/usr/include/freetype2 -I/usr/include/libpng12'
pkg_cv_CAIRO_LIBS=-lcairo
pkg_cv_DEP_CFLAGS='-pthread -I/usr/include/glib-2.0 -I/usr/lib/x86_64-linux-gnu/glib-2.0/include'
pkg_cv_DEP_LIBS='-Wl,--export-dynamic -lgmodule-2.0 -pthread -lgio-2.0 -lgobject-2.0 -lglib-2.0'
pkg_cv_GDK_PIXBUF_CFLAGS='-pthread -I/usr/include/gdk-pixbuf-2.0 -I/usr/include/libpng12 -I/usr/include/glib-2.0 -I/usr/lib/x86_64-linux-gnu/glib-2.0/include'
pkg_cv_GDK_PIXBUF_LIBS='-lgdk_pixbuf-2.0 -lgobject-2.0 -lglib-2.0'
pkg_cv_PANGOCAIRO_CFLAGS='-I/usr/include/pango-1.0 -I/usr/include/harfbuzz -I/usr/include/pango-1.0 -I/usr/include/cairo -I/usr/include/glib-2.0 -I/usr/lib/x86_64-linux-gnu/glib-2.0/include -I/usr/include/pixman-1 -I/usr/include/freetype2 -I/usr/include/libpng12'
pkg_cv_PANGOCAIRO_LIBS='-lpangocairo-1.0 -lpango-1.0 -lgobject-2.0 -lglib-2.0 -lcairo'
pkg_cv_PANGO_CFLAGS='-I/usr/include/pango-1.0 -I/usr/include/glib-2.0 -I/usr/lib/x86_64-linux-gnu/glib-2.0/include'
pkg_cv_PANGO_LIBS='-lpango-1.0 -lgobject-2.0 -lglib-2.0'
pkg_cv_PNG_CFLAGS=-I/usr/include/libpng12
pkg_cv_PNG_LIBS=-lpng12

## ----------------- ##
## Output variables. ##
## ----------------- ##

ACLOCAL='${SHELL} /home/gaston/Downloads/gimp-2.8.16/gegl-0.2.0/missing --run aclocal-1.11 '
ALL_LINGUAS=''
AMDEPBACKSLASH='\'
AMDEP_FALSE='#'
AMDEP_TRUE=''
AMTAR='$${TAR-tar}'
AM_BACKSLASH='\'
AM_DEFAULT_V='$(AM_DEFAULT_VERBOSITY)'
AM_DEFAULT_VERBOSITY='0'
AM_V='$(V)'
AR='ar'
AS='as'
ASCIIDOC='no'
AUTOCONF='${SHELL} /home/gaston/Downloads/gimp-2.8.16/gegl-0.2.0/missing --run autoconf'
AUTOHEADER='${SHELL} /home/gaston/Downloads/gimp-2.8.16/gegl-0.2.0/missing --run autoheader'
AUTOMAKE='${SHELL} /home/gaston/Downloads/gimp-2.8.16/gegl-0.2.0/missing --run automake-1.11'
AVFORMAT_CFLAGS=''
AVFORMAT_LIBS=''
AWK='mawk'
BABL_CFLAGS='-I/usr/local/include/babl-0.1'
BABL_LIBS='-L/usr/local/lib -lbabl-0.1'
CAIRO_CFLAGS='-I/usr/include/cairo -I/usr/include/glib-2.0 -I/usr/lib/x86_64-linux-gnu/glib-2.0/include -I/usr/include/pixman-1 -I/usr/include/freetype2 -I/usr/include/libpng12'
CAIRO_LIBS='-lcairo'
CATALOGS=''
CATOBJEXT='.gmo'
CC='gcc'
CCDEPMODE='depmode=gcc3'
CFLAGS='-g -O2 -mmmx -msse -ftree-vectorize -ffast-math -Wall -Wdeclaration-after-statement -Wmissing-prototypes -Wmissing-declarations -Winit-self -Wpointer-arith -Wold-style-definition -DG_LOG_DOMAIN=\"GEGL-\"__FILE__'
CPP='gcc -E'
CPPFLAGS=''
CXX='g++'
CXXCPP='g++ -E'
CXXDEPMODE='depmode=gcc3'
CXXFLAGS='-g -O2'
CYGPATH_W='echo'
DATADIRNAME='share'
DEFS='-DHAVE_CONFIG_H'
DEPDIR='.deps'
DEP_CFLAGS='-pthread -I/usr/include/glib-2.0 -I/usr/lib/x86_64-linux-gnu/glib-2.0/include'
DEP_LIBS='-Wl,--export-dynamic -lgmodule-2.0 -pthread -lgio-2.0 -lgobject-2.0 -lgthread-2.0 -pthread -lglib-2.0'
DLLTOOL='false'
DOT='no'
DSYMUTIL=''
DUMPBIN=''
ECHO_C=''
ECHO_N='-n'
ECHO_T=''
EGREP='/bin/grep -E'
ENABLE_DOCS_FALSE='#'
ENABLE_DOCS_TRUE=''
ENABLE_GTK_DOC_FALSE=''
ENABLE_GTK_DOC_TRUE='#'
ENABLE_WORKSHOP_FALSE=''
ENABLE_WORKSHOP_TRUE='#'
ENSCRIPT='no'
EXEEXT=''
EXIV2_CFLAGS=''
EXIV2_CXXFLAGS=''
EXIV2_LIBS=''
FGREP='/bin/grep -F'
GDK_PIXBUF_CFLAGS='-pthread -I/usr/include/gdk-pixbuf-2.0 -I/usr/include/libpng12 -I/usr/include/glib-2.0 -I/usr/lib/x86_64-linux-gnu/glib-2.0/include'
GDK_PIXBUF_LIBS='-lgdk_pixbuf-2.0 -lgobject-2.0 -lglib-2.0'
GEGL_API_VERSION='0.2'
GEGL_BINARY_AGE='200'
GEGL_CURRENT_MINUS_AGE='0'
GEGL_INTERFACE_AGE='1'
GEGL_LIBRARY_VERSION='199:1:199'
GEGL_LOCALEDIR='${datarootdir}/locale'
GEGL_MAJOR_VERSION='0'
GEGL_MICRO_VERSION='0'
GEGL_MINOR_VERSION='2'
GEGL_REAL_VERSION='0.2.0'
GEGL_RELEASE='0.2'
GEGL_UNSTABLE_FALSE=''
GEGL_UNSTABLE_TRUE='#'
GEGL_VERSION='0.2.0'
GETTEXT_PACKAGE='gegl-0.2'
GLIB_CFLAGS='-pthread -I/usr/include/glib-2.0 -I/usr/lib/x86_64-linux-gnu/glib-2.0/include'
GLIB_GENMARSHAL='glib-genmarshal'
GLIB_LIBS='-lgobject-2.0 -Wl,--export-dynamic -lgmodule-2.0 -pthread -lglib-2.0'
GLIB_MKENUMS='glib-mkenums'
GLIB_PACKAGES='gobject-2.0 gmodule-2.0 gio-2.0'
GLIB_REQUIRED_VERSION='2.28.0'
GMOFILES=''
GMSGFMT='/usr/bin/msgfmt'
GOBJECT_QUERY='gobject-query'
GRAPHVIZ='no'
GREP='/bin/grep'
GTKDOC_CHECK=''
GTKDOC_MKPDF=''
GTKDOC_REBASE='true'
GTK_DOC_BUILD_HTML_FALSE='#'
GTK_DOC_BUILD_HTML_TRUE=''
GTK_DOC_BUILD_PDF_FALSE=''
GTK_DOC_BUILD_PDF_TRUE='#'
GTK_DOC_USE_LIBTOOL_FALSE='#'
GTK_DOC_USE_LIBTOOL_TRUE=''
GTK_DOC_USE_REBASE_FALSE='#'
GTK_DOC_USE_REBASE_TRUE=''
HAVE_ASCIIDOC_FALSE=''
HAVE_ASCIIDOC_TRUE='#'
HAVE_AVFORMAT_FALSE=''
HAVE_AVFORMAT_TRUE='#'
HAVE_CAIRO_FALSE='#'
HAVE_CAIRO_TRUE=''
HAVE_DOT_FALSE=''
HAVE_DOT_TRUE='#'
HAVE_ENSCRIPT_FALSE=''
HAVE_ENSCRIPT_TRUE='#'
HAVE_EXIV2_FALSE=''
HAVE_EXIV2_TRUE='#'
HAVE_GDK_PIXBUF_FALSE='#'
HAVE_GDK_PIXBUF_TRUE=''
HAVE_GRAPHVIZ_FALSE=''
HAVE_GRAPHVIZ_TRUE='#'
HAVE_INTROSPECTION_FALSE=''
HAVE_INTROSPECTION_TRUE='#'
HAVE_JASPER_FALSE=''
HAVE_JASPER_TRUE='#'
HAVE_JPEG_FALSE='#'
HAVE_JPEG_TRUE=''
HAVE_LENSFUN_FALSE=''
HAVE_LENSFUN_TRUE='#'
HAVE_LUA_FALSE=''
HAVE_LUA_TRUE='#'
HAVE_OPENEXR_FALSE=''
HAVE_OPENEXR_TRUE='#'
HAVE_OPENRAW_FALSE=''
HAVE_OPENRAW_TRUE='#'
HAVE_PANGOCAIRO_FALSE='#'
HAVE_PANGOCAIRO_TRUE=''
HAVE_PANGO_FALSE='#'
HAVE_PANGO_TRUE=''
HAVE_PNG_FALSE='#'
HAVE_PNG_TRUE=''
HAVE_PYGOBJECT_FALSE=''
HAVE_PYGOBJECT_TRUE='#'
HAVE_PYTHON_FALSE='#'
HAVE_PYTHON_TRUE=''
HAVE_RSVG_FALSE=''
HAVE_RSVG_TRUE='#'
HAVE_RUBY_FALSE=''
HAVE_RUBY_TRUE='#'
HAVE_SDL_FALSE=''
HAVE_SDL_TRUE='#'
HAVE_SPIRO_FALSE=''
HAVE_SPIRO_TRUE='#'
HAVE_UMFPACK_FALSE=''
HAVE_UMFPACK_TRUE='#'
HAVE_V4L_FALSE=''
HAVE_V4L_TRUE='#'
HAVE_VALA_FALSE=''
HAVE_VALA_TRUE='#'
HAVE_W3M_FALSE=''
HAVE_W3M_TRUE='#'
HTML_DIR='${datadir}/gtk-doc/html'
INSTALL_DATA='${INSTALL} -m 644'
INSTALL_PROGRAM='${INSTALL}'
INSTALL_SCRIPT='${INSTALL}'
INSTALL_STRIP_PROGRAM='$(install_sh) -c -s'
INSTOBJEXT='.mo'
INTLLIBS=''
INTLTOOL_CAVES_RULE='%.caves:     %.caves.in     $(INTLTOOL_MERGE) $(wildcard $(top_srcdir)/po/*.po) ; $(INTLTOOL_V_MERGE)LC_ALL=C $(INTLTOOL_MERGE) $(INTLTOOL_V_MERGE_OPTIONS) -d -u -c $(top_builddir)/po/.intltool-merge-cache $(top_srcdir)/po $< $@'
INTLTOOL_DESKTOP_RULE='%.desktop:   %.desktop.in   $(INTLTOOL_MERGE) $(wildcard $(top_srcdir)/po/*.po) ; $(INTLTOOL_V_MERGE)LC_ALL=C $(INTLTOOL_MERGE) $(INTLTOOL_V_MERGE_OPTIONS) -d -u -c $(top_builddir)/po/.intltool-merge-cache $(top_srcdir)/po $< $@'
INTLTOOL_DIRECTORY_RULE='%.directory: %.directory.in $(INTLTOOL_MERGE) $(wildcard $(top_srcdir)/po/*.po) ; $(INTLTOOL_V_MERGE)LC_ALL=C $(INTLTOOL_MERGE) $(INTLTOOL_V_MERGE_OPTIONS) -d -u -c $(top_builddir)/po/.intltool-merge-cache $(top_srcdir)/po $< $@'
INTLTOOL_EXTRACT='/usr/bin/intltool-extract'
INTLTOOL_KBD_RULE='%.kbd:       %.kbd.in       $(INTLTOOL_MERGE) $(wildcard $(top_srcdir)/po/*.po) ; $(INTLTOOL_V_MERGE)LC_ALL=C $(INTLTOOL_MERGE) $(INTLTOOL_V_MERGE_OPTIONS) -x -u -m -c $(top_builddir)/po/.intltool-merge-cache $(top_srcdir)/po $< $@'
INTLTOOL_KEYS_RULE='%.keys:      %.keys.in      $(INTLTOOL_MERGE) $(wildcard $(top_srcdir)/po/*.po) ; $(INTLTOOL_V_MERGE)LC_ALL=C $(INTLTOOL_MERGE) $(INTLTOOL_V_MERGE_OPTIONS) -k -u -c $(top_builddir)/po/.intltool-merge-cache $(top_srcdir)/po $< $@'
INTLTOOL_MERGE='/usr/bin/intltool-merge'
INTLTOOL_OAF_RULE='%.oaf:       %.oaf.in       $(INTLTOOL_MERGE) $(wildcard $(top_srcdir)/po/*.po) ; $(INTLTOOL_V_MERGE)LC_ALL=C $(INTLTOOL_MERGE) $(INTLTOOL_V_MERGE_OPTIONS) -o -p $(top_srcdir)/po $< $@'
INTLTOOL_PERL='/usr/bin/perl'
INTLTOOL_POLICY_RULE='%.policy:    %.policy.in    $(INTLTOOL_MERGE) $(wildcard $(top_srcdir)/po/*.po) ; $(INTLTOOL_V_MERGE)LC_ALL=C $(INTLTOOL_MERGE) $(INTLTOOL_V_MERGE_OPTIONS) -x -u -c $(top_builddir)/po/.intltool-merge-cache $(top_srcdir)/po $< $@'
INTLTOOL_PONG_RULE='%.pong:      %.pong.in      $(INTLTOOL_MERGE) $(wildcard $(top_srcdir)/po/*.po) ; $(INTLTOOL_V_MERGE)LC_ALL=C $(INTLTOOL_MERGE) $(INTLTOOL_V_MERGE_OPTIONS) -x -u -c $(top_builddir)/po/.intltool-merge-cache $(top_srcdir)/po $< $@'
INTLTOOL_PROP_RULE='%.prop:      %.prop.in      $(INTLTOOL_MERGE) $(wildcard $(top_srcdir)/po/*.po) ; $(INTLTOOL_V_MERGE)LC_ALL=C $(INTLTOOL_MERGE) $(INTLTOOL_V_MERGE_OPTIONS) -d -u -c $(top_builddir)/po/.intltool-merge-cache $(top_srcdir)/po $< $@'
INTLTOOL_SCHEMAS_RULE='%.schemas:   %.schemas.in   $(INTLTOOL_MERGE) $(wildcard $(top_srcdir)/po/*.po) ; $(INTLTOOL_V_MERGE)LC_ALL=C $(INTLTOOL_MERGE) $(INTLTOOL_V_MERGE_OPTIONS) -s -u -c $(top_builddir)/po/.intltool-merge-cache $(top_srcdir)/po $< $@'
INTLTOOL_SERVER_RULE='%.server:    %.server.in    $(INTLTOOL_MERGE) $(wildcard $(top_srcdir)/po/*.po) ; $(INTLTOOL_V_MERGE)LC_ALL=C $(INTLTOOL_MERGE) $(INTLTOOL_V_MERGE_OPTIONS) -o -u -c $(top_builddir)/po/.intltool-merge-cache $(top_srcdir)/po $< $@'
INTLTOOL_SERVICE_RULE='%.service: %.service.in   $(INTLTOOL_MERGE) $(wildcard $(top_srcdir)/po/*.po) ; $(INTLTOOL_V_MERGE)LC_ALL=C $(INTLTOOL_MERGE) $(INTLTOOL_V_MERGE_OPTIONS) -d -u -c $(top_builddir)/po/.intltool-merge-cache $(top_srcdir)/po $< $@'
INTLTOOL_SHEET_RULE='%.sheet:     %.sheet.in     $(INTLTOOL_MERGE) $(wildcard $(top_srcdir)/po/*.po) ; $(INTLTOOL_V_MERGE)LC_ALL=C $(INTLTOOL_MERGE) $(INTLTOOL_V_MERGE_OPTIONS) -x -u -c $(top_builddir)/po/.intltool-merge-cache $(top_srcdir)/po $< $@'
INTLTOOL_SOUNDLIST_RULE='%.soundlist: %.soundlist.in $(INTLTOOL_MERGE) $(wildcard $(top_srcdir)/po/*.po) ; $(INTLTOOL_V_MERGE)LC_ALL=C $(INTLTOOL_MERGE) $(INTLTOOL_V_MERGE_OPTIONS) -d -u -c $(top_builddir)/po/.intltool-merge-cache $(top_srcdir)/po $< $@'
INTLTOOL_THEME_RULE='%.theme:     %.theme.in     $(INTLTOOL_MERGE) $(wildcard $(top_srcdir)/po/*.po) ; $(INTLTOOL_V_MERGE)LC_ALL=C $(INTLTOOL_MERGE) $(INTLTOOL_V_MERGE_OPTIONS) -d -u -c $(top_builddir)/po/.intltool-merge-cache $(top_srcdir)/po $< $@'
INTLTOOL_UI_RULE='%.ui:        %.ui.in        $(INTLTOOL_MERGE) $(wildcard $(top_srcdir)/po/*.po) ; $(INTLTOOL_V_MERGE)LC_ALL=C $(INTLTOOL_MERGE) $(INTLTOOL_V_MERGE_OPTIONS) -x -u -c $(top_builddir)/po/.intltool-merge-cache $(top_srcdir)/po $< $@'
INTLTOOL_UPDATE='/usr/bin/intltool-update'
INTLTOOL_V_MERGE='$(INTLTOOL__v_MERGE_$(V))'
INTLTOOL_V_MERGE_OPTIONS='$(intltool__v_merge_options_$(V))'
INTLTOOL_XAM_RULE='%.xam:       %.xml.in       $(INTLTOOL_MERGE) $(wildcard $(top_srcdir)/po/*.po) ; $(INTLTOOL_V_MERGE)LC_ALL=C $(INTLTOOL_MERGE) $(INTLTOOL_V_MERGE_OPTIONS) -x -u -c $(top_builddir)/po/.intltool-merge-cache $(top_srcdir)/po $< $@'
INTLTOOL_XML_NOMERGE_RULE='%.xml:       %.xml.in       $(INTLTOOL_MERGE) ; $(INTLTOOL_V_MERGE)LC_ALL=C $(INTLTOOL_MERGE) $(INTLTOOL_V_MERGE_OPTIONS) -x -u --no-translations $< $@'
INTLTOOL_XML_RULE='%.xml:       %.xml.in       $(INTLTOOL_MERGE) $(wildcard $(top_srcdir)/po/*.po) ; $(INTLTOOL_V_MERGE)LC_ALL=C $(INTLTOOL_MERGE) $(INTLTOOL_V_MERGE_OPTIONS) -x -u -c $(top_builddir)/po/.intltool-merge-cache $(top_srcdir)/po $< $@'
INTLTOOL__v_MERGE_0='@echo "  ITMRG " $@;'
INTLTOOL__v_MERGE_='$(INTLTOOL__v_MERGE_$(AM_DEFAULT_VERBOSITY))'
INTROSPECTION_CFLAGS=''
INTROSPECTION_COMPILER=''
INTROSPECTION_GENERATE=''
INTROSPECTION_GIRDIR=''
INTROSPECTION_LIBS=''
INTROSPECTION_MAKEFILE=''
INTROSPECTION_SCANNER=''
INTROSPECTION_TYPELIBDIR=''
JASPER_CFLAGS=''
JASPER_LIBS=''
LD='/usr/bin/ld -m elf_x86_64'
LDFLAGS=''
LENSFUN_CFLAGS=''
LENSFUN_LIBS=''
LIBJPEG='-ljpeg'
LIBOBJS=''
LIBS=''
LIBSPIRO=''
LIBTOOL='$(SHELL) $(top_builddir)/libtool'
LIPO=''
LN_S='ln -s'
LTLIBOBJS=''
LUA_CFLAGS=''
LUA_LIBS=''
LUA_REQUIRED_VERSION='5.1.0'
MAINT=''
MAINTAINER_MODE_FALSE='#'
MAINTAINER_MODE_TRUE=''
MAKEINFO='${SHELL} /home/gaston/Downloads/gimp-2.8.16/gegl-0.2.0/missing --run makeinfo'
MANIFEST_TOOL=':'
MATH_LIB='-lm'
MKDIR_P='/bin/mkdir -p'
MKINSTALLDIRS='./mkinstalldirs'
MMX_EXTRA_CFLAGS='-mmmx'
MSGFMT='/usr/bin/msgfmt'
MSGFMT_OPTS='-c'
MSGMERGE='/usr/bin/msgmerge'
NM='/usr/bin/nm -B'
NMEDIT=''
OBJDUMP='objdump'
OBJEXT='o'
OPENEXR_CFLAGS=''
OPENEXR_LIBS=''
OPENRAW_CFLAGS=''
OPENRAW_LIBS=''
OS_UNIX_FALSE='#'
OS_UNIX_TRUE=''
OS_WIN32_FALSE=''
OS_WIN32_TRUE='#'
OTOOL64=''
OTOOL=''
PACKAGE='gegl'
PACKAGE_BUGREPORT=''
PACKAGE_NAME='gegl'
PACKAGE_STRING='gegl 0.2.0'
PACKAGE_TARNAME='gegl'
PACKAGE_URL=''
PACKAGE_VERSION='0.2.0'
PANGOCAIRO_CFLAGS='-I/usr/include/pango-1.0 -I/usr/include/harfbuzz -I/usr/include/pango-1.0 -I/usr/include/cairo -I/usr/include/glib-2.0 -I/usr/lib/x86_64-linux-gnu/glib-2.0/include -I/usr/include/pixman-1 -I/usr/include/freetype2 -I/usr/include/libpng12'
PANGOCAIRO_LIBS='-lpangocairo-1.0 -lpango-1.0 -lgobject-2.0 -lglib-2.0 -lcairo'
PANGO_CFLAGS='-I/usr/include/pango-1.0 -I/usr/include/glib-2.0 -I/usr/lib/x86_64-linux-gnu/glib-2.0/include'
PANGO_LIBS='-lpango-1.0 -lgobject-2.0 -lglib-2.0'
PATH_SEP=''
PATH_SEPARATOR=':'
PERL='/usr/bin/perl'
PKG_CONFIG='/usr/bin/pkg-config'
PKG_CONFIG_LIBDIR=''
PKG_CONFIG_PATH=''
PLATFORM_DARWIN_FALSE=''
PLATFORM_DARWIN_TRUE='#'
PLATFORM_WIN32_FALSE=''
PLATFORM_WIN32_TRUE='#'
PNG_CFLAGS='-I/usr/include/libpng12'
PNG_LIBS='-lpng12'
POFILES=''
POSUB='po'
PO_IN_DATADIR_FALSE=''
PO_IN_DATADIR_TRUE=''
PYTHON='/usr/bin/python'
PYTHON_EXEC_PREFIX='${exec_prefix}'
PYTHON_PLATFORM='linux2'
PYTHON_PREFIX='${prefix}'
PYTHON_VERSION='2.7'
RANLIB='ranlib'
RSVG_CFLAGS=''
RSVG_LIBS=''
RUBY='no'
RUBY_BIN=''
SDL_CFLAGS=''
SDL_CONFIG='no'
SDL_LIBS=''
SED='/bin/sed'
SET_MAKE=''
SHELL='/bin/bash'
SHREXT='.so'
SSE_EXTRA_CFLAGS='-msse -ftree-vectorize -ffast-math'
STRIP='strip'
UMFPACK_CFLAGS=''
UMFPACK_LIBS=''
USE_NLS='yes'
VAPIGEN='no'
VERSION='0.2.0'
W3M='no'
XGETTEXT='/usr/bin/xgettext'
ac_ct_AR='ar'
ac_ct_CC='gcc'
ac_ct_CXX='g++'
ac_ct_DUMPBIN=''
am__EXEEXT_FALSE=''
am__EXEEXT_TRUE='#'
am__fastdepCC_FALSE='#'
am__fastdepCC_TRUE=''
am__fastdepCXX_FALSE='#'
am__fastdepCXX_TRUE=''
am__include='include'
am__isrc=''
am__leading_dot='.'
am__nodep='_no'
am__quote=''
am__tar='$${TAR-tar} chof - "$$tardir"'
am__untar='$${TAR-tar} xf -'
bindir='${exec_prefix}/bin'
build='x86_64-unknown-linux-gnu'
build_alias=''
build_cpu='x86_64'
build_os='linux-gnu'
build_vendor='unknown'
datadir='${datarootdir}'
datarootdir='${prefix}/share'
docdir='${datarootdir}/doc/${PACKAGE_TARNAME}'
dvidir='${docdir}'
exec_prefix='${prefix}'
gegltargetlib='libgegl-0.2.la'
host='x86_64-unknown-linux-gnu'
host_alias=''
host_cpu='x86_64'
host_os='linux-gnu'
host_vendor='unknown'
htmldir='${docdir}'
includedir='${prefix}/include'
infodir='${datarootdir}/info'
install_sh='${SHELL} /home/gaston/Downloads/gimp-2.8.16/gegl-0.2.0/install-sh'
intltool__v_merge_options_0='-q'
intltool__v_merge_options_='$(intltool__v_merge_options_$(AM_DEFAULT_VERBOSITY))'
libdir='${exec_prefix}/lib'
libexecdir='${exec_prefix}/libexec'
localedir='${datarootdir}/locale'
localstatedir='${prefix}/var'
mandir='${datarootdir}/man'
mkdir_p='/bin/mkdir -p'
oldincludedir='/usr/include'
pdfdir='${docdir}'
pkgpyexecdir='${pyexecdir}/gegl'
pkgpythondir='${pythondir}/gegl'
prefix='/usr/local'
program_transform_name='s,x,x,'
psdir='${docdir}'
pyexecdir='${exec_prefix}/lib/python2.7/dist-packages'
pythondir='${prefix}/lib/python2.7/dist-packages'
sbindir='${exec_prefix}/sbin'
sharedstatedir='${prefix}/com'
sysconfdir='${prefix}/etc'
target_alias=''

## ----------- ##
## confdefs.h. ##
## ----------- ##

/* confdefs.h */
#define PACKAGE_NAME "gegl"
#define PACKAGE_TARNAME "gegl"
#define PACKAGE_VERSION "0.2.0"
#define PACKAGE_STRING "gegl 0.2.0"
#define PACKAGE_BUGREPORT ""
#define PACKAGE_URL ""
#define GEGL_LIBRARY "gegl-0.2"
#define STDC_HEADERS 1
#define HAVE_SYS_TYPES_H 1
#define HAVE_SYS_STAT_H 1
#define HAVE_STDLIB_H 1
#define HAVE_STRING_H 1
#define HAVE_MEMORY_H 1
#define HAVE_STRINGS_H 1
#define HAVE_INTTYPES_H 1
#define HAVE_STDINT_H 1
#define HAVE_UNISTD_H 1
#define HAVE_DLFCN_H 1
#define LT_OBJDIR ".libs/"
#define GEGL_GNUC_VARIADIC_MACROS 1
#define GEGL_ISO_VARIADIC_MACROS 1
#define GEGL_ISO_CXX_VARIADIC_MACROS 1
#define restrict __restrict
#define ARCH_X86 1
#define ARCH_X86_64 1
#define SHREXT ".so"
#define USE_MMX 1
#define USE_SSE 1
#define HAVE_FSYNC 1
#define GETTEXT_PACKAGE "gegl-0.2"
#define HAVE_BIND_TEXTDOMAIN_CODESET 1
#define HAVE_LOCALE_H 1
#define HAVE_LC_MESSAGES 1
#define HAVE_BIND_TEXTDOMAIN_CODESET 1
#define HAVE_GETTEXT 1
#define HAVE_DCGETTEXT 1
#define ENABLE_NLS 1
#define HAVE_EXECINFO_H 1
#define HAVE_RINT 1

configure: exit 0
