This file contains any messages produced by compilers while
running configure, to aid debugging if configure makes a mistake.

It was created by babl configure 0.1.58, which was
generated by GNU Autoconf 2.69.  Invocation command line was

  $ ./configure 

## --------- ##
## Platform. ##
## --------- ##

hostname = gaston-Inspiron-11-3162
uname -m = x86_64
uname -r = 4.13.0-36-generic
uname -s = Linux
uname -v = #40~16.04.1-Ubuntu SMP Fri Feb 16 23:25:58 UTC 2018

/usr/bin/uname -p = unknown
/bin/uname -X     = unknown

/bin/arch              = unknown
/usr/bin/arch -k       = unknown
/usr/convex/getsysinfo = unknown
/usr/bin/hostinfo      = unknown
/bin/machine           = unknown
/usr/bin/oslevel       = unknown
/bin/universe          = unknown

PATH: /home/gaston/bin
PATH: /home/gaston/.local/bin
PATH: /usr/local/sbin
PATH: /usr/local/bin
PATH: /usr/sbin
PATH: /usr/bin
PATH: /sbin
PATH: /bin
PATH: /usr/games
PATH: /usr/local/games
PATH: /snap/bin


## ----------- ##
## Core tests. ##
## ----------- ##

configure:2378: checking build system type
configure:2392: result: x86_64-pc-linux-gnu
configure:2412: checking host system type
configure:2425: result: x86_64-pc-linux-gnu
configure:2445: checking target system type
configure:2458: result: x86_64-pc-linux-gnu
configure:2501: checking for a BSD-compatible install
configure:2569: result: /usr/bin/install -c
configure:2580: checking whether build environment is sane
configure:2635: result: yes
configure:2786: checking for a thread-safe mkdir -p
configure:2825: result: /bin/mkdir -p
configure:2832: checking for gawk
configure:2862: result: no
configure:2832: checking for mawk
configure:2848: found /usr/bin/mawk
configure:2859: result: mawk
configure:2870: checking whether make sets $(MAKE)
configure:2892: result: yes
configure:2921: checking whether make supports nested variables
configure:2938: result: yes
configure:3070: checking whether make supports nested variables
configure:3087: result: yes
configure:3173: checking for gcc
configure:3189: found /usr/bin/gcc
configure:3200: result: gcc
configure:3429: checking for C compiler version
configure:3438: gcc --version >&5
gcc (Ubuntu 5.4.0-6ubuntu1~16.04.10) 5.4.0 20160609
Copyright (C) 2015 Free Software Foundation, Inc.
This is free software; see the source for copying conditions.  There is NO
warranty; not even for MERCHANTABILITY or FITNESS FOR A PARTICULAR PURPOSE.

configure:3449: $? = 0
configure:3438: gcc -v >&5
Using built-in specs.
COLLECT_GCC=gcc
COLLECT_LTO_WRAPPER=/usr/lib/gcc/x86_64-linux-gnu/5/lto-wrapper
Target: x86_64-linux-gnu
Configured with: ../src/configure -v --with-pkgversion='Ubuntu 5.4.0-6ubuntu1~16.04.10' --with-bugurl=file:///usr/share/doc/gcc-5/README.Bugs --enable-languages=c,ada,c++,java,go,d,fortran,objc,obj-c++ --prefix=/usr --program-suffix=-5 --enable-shared --enable-linker-build-id --libexecdir=/usr/lib --without-included-gettext --enable-threads=posix --libdir=/usr/lib --enable-nls --with-sysroot=/ --enable-clocale=gnu --enable-libstdcxx-debug --enable-libstdcxx-time=yes --with-default-libstdcxx-abi=new --enable-gnu-unique-object --disable-vtable-verify --enable-libmpx --enable-plugin --with-system-zlib --disable-browser-plugin --enable-java-awt=gtk --enable-gtk-cairo --with-java-home=/usr/lib/jvm/java-1.5.0-gcj-5-amd64/jre --enable-java-home --with-jvm-root-dir=/usr/lib/jvm/java-1.5.0-gcj-5-amd64 --with-jvm-jar-dir=/usr/lib/jvm-exports/java-1.5.0-gcj-5-amd64 --with-arch-directory=amd64 --with-ecj-jar=/usr/share/java/eclipse-ecj.jar --enable-objc-gc --enable-multiarch --disable-werror --with-arch-32=i686 --with-abi=m64 --with-multilib-list=m32,m64,mx32 --enable-multilib --with-tune=generic --enable-checking=release --build=x86_64-linux-gnu --host=x86_64-linux-gnu --target=x86_64-linux-gnu
Thread model: posix
gcc version 5.4.0 20160609 (Ubuntu 5.4.0-6ubuntu1~16.04.10) 
configure:3449: $? = 0
configure:3438: gcc -V >&5
gcc: error: unrecognized command line option '-V'
gcc: fatal error: no input files
compilation terminated.
configure:3449: $? = 1
configure:3438: gcc -qversion >&5
gcc: error: unrecognized command line option '-qversion'
gcc: fatal error: no input files
compilation terminated.
configure:3449: $? = 1
configure:3469: checking whether the C compiler works
configure:3491: gcc    conftest.c  >&5
configure:3495: $? = 0
configure:3543: result: yes
configure:3546: checking for C compiler default output file name
configure:3548: result: a.out
configure:3554: checking for suffix of executables
configure:3561: gcc -o conftest    conftest.c  >&5
configure:3565: $? = 0
configure:3587: result: 
configure:3609: checking whether we are cross compiling
configure:3617: gcc -o conftest    conftest.c  >&5
configure:3621: $? = 0
configure:3628: ./conftest
configure:3632: $? = 0
configure:3647: result: no
configure:3652: checking for suffix of object files
configure:3674: gcc -c   conftest.c >&5
configure:3678: $? = 0
configure:3699: result: o
configure:3703: checking whether we are using the GNU C compiler
configure:3722: gcc -c   conftest.c >&5
configure:3722: $? = 0
configure:3731: result: yes
configure:3740: checking whether gcc accepts -g
configure:3760: gcc -c -g  conftest.c >&5
configure:3760: $? = 0
configure:3801: result: yes
configure:3818: checking for gcc option to accept ISO C89
configure:3881: gcc  -c -g -O2  conftest.c >&5
configure:3881: $? = 0
configure:3894: result: none needed
configure:3919: checking whether gcc understands -c and -o together
configure:3941: gcc -c conftest.c -o conftest2.o
configure:3944: $? = 0
configure:3941: gcc -c conftest.c -o conftest2.o
configure:3944: $? = 0
configure:3956: result: yes
configure:3976: checking whether make supports the include directive
configure:3991: make -f confmf.GNU && cat confinc.out
this is the am__doit target
configure:3994: $? = 0
configure:4013: result: yes (GNU style)
configure:4038: checking dependency style of gcc
configure:4149: result: gcc3
configure:4164: checking for gcc option to accept ISO C99
configure:4313: gcc  -c -g -O2  conftest.c >&5
configure:4313: $? = 0
configure:4326: result: none needed
configure:4390: checking how to print strings
configure:4417: result: printf
configure:4438: checking for a sed that does not truncate output
configure:4502: result: /bin/sed
configure:4520: checking for grep that handles long lines and -e
configure:4578: result: /bin/grep
configure:4583: checking for egrep
configure:4645: result: /bin/grep -E
configure:4650: checking for fgrep
configure:4712: result: /bin/grep -F
configure:4747: checking for ld used by gcc
configure:4814: result: /usr/bin/ld
configure:4821: checking if the linker (/usr/bin/ld) is GNU ld
configure:4836: result: yes
configure:4848: checking for BSD- or MS-compatible name lister (nm)
configure:4902: result: /usr/bin/nm -B
configure:5032: checking the name lister (/usr/bin/nm -B) interface
configure:5039: gcc -c -g -O2  conftest.c >&5
configure:5042: /usr/bin/nm -B "conftest.o"
configure:5045: output
0000000000000000 B some_variable
configure:5052: result: BSD nm
configure:5055: checking whether ln -s works
configure:5059: result: yes
configure:5067: checking the maximum length of command line arguments
configure:5198: result: 1572864
configure:5246: checking how to convert x86_64-pc-linux-gnu file names to x86_64-pc-linux-gnu format
configure:5286: result: func_convert_file_noop
configure:5293: checking how to convert x86_64-pc-linux-gnu file names to toolchain format
configure:5313: result: func_convert_file_noop
configure:5320: checking for /usr/bin/ld option to reload object files
configure:5327: result: -r
configure:5401: checking for objdump
configure:5417: found /usr/bin/objdump
configure:5428: result: objdump
configure:5457: checking how to recognize dependent libraries
configure:5657: result: pass_all
configure:5742: checking for dlltool
configure:5772: result: no
configure:5799: checking how to associate runtime and link libraries
configure:5826: result: printf %s\n
configure:5887: checking for ar
configure:5903: found /usr/bin/ar
configure:5914: result: ar
configure:5951: checking for archiver @FILE support
configure:5968: gcc -c -g -O2  conftest.c >&5
configure:5968: $? = 0
configure:5971: ar cru libconftest.a @conftest.lst >&5
ar: `u' modifier ignored since `D' is the default (see `U')
configure:5974: $? = 0
configure:5979: ar cru libconftest.a @conftest.lst >&5
ar: `u' modifier ignored since `D' is the default (see `U')
ar: conftest.o: No such file or directory
configure:5982: $? = 1
configure:5994: result: @
configure:6052: checking for strip
configure:6068: found /usr/bin/strip
configure:6079: result: strip
configure:6151: checking for ranlib
configure:6167: found /usr/bin/ranlib
configure:6178: result: ranlib
configure:6280: checking command to parse /usr/bin/nm -B output from gcc object
configure:6433: gcc -c -g -O2  conftest.c >&5
configure:6436: $? = 0
configure:6440: /usr/bin/nm -B conftest.o \| sed -n -e 's/^.*[ ]\([ABCDGIRSTW][ABCDGIRSTW]*\)[ ][ ]*\([_A-Za-z][_A-Za-z0-9]*\)$/\1 \2 \2/p' | sed '/ __gnu_lto/d' \> conftest.nm
configure:6443: $? = 0
configure:6509: gcc -o conftest -g -O2   conftest.c conftstm.o >&5
configure:6512: $? = 0
configure:6550: result: ok
configure:6597: checking for sysroot
configure:6627: result: no
configure:6634: checking for a working dd
configure:6672: result: /bin/dd
configure:6676: checking how to truncate binary pipes
configure:6691: result: /bin/dd bs=4096 count=1
configure:6827: gcc -c -g -O2  conftest.c >&5
configure:6830: $? = 0
configure:7020: checking for mt
configure:7036: found /bin/mt
configure:7047: result: mt
configure:7070: checking if mt is a manifest tool
configure:7076: mt '-?'
configure:7084: result: no
configure:7761: checking how to run the C preprocessor
configure:7792: gcc -E  conftest.c
configure:7792: $? = 0
configure:7806: gcc -E  conftest.c
conftest.c:10:28: fatal error: ac_nonexistent.h: No such file or directory
compilation terminated.
configure:7806: $? = 1
configure: failed program was:
| /* confdefs.h */
| #define PACKAGE_NAME "babl"
| #define PACKAGE_TARNAME "babl"
| #define PACKAGE_VERSION "0.1.58"
| #define PACKAGE_STRING "babl 0.1.58"
| #define PACKAGE_BUGREPORT ""
| #define PACKAGE_URL ""
| #define BABL_UNSTABLE 1
| /* end confdefs.h.  */
| #include <ac_nonexistent.h>
configure:7831: result: gcc -E
configure:7851: gcc -E  conftest.c
configure:7851: $? = 0
configure:7865: gcc -E  conftest.c
conftest.c:10:28: fatal error: ac_nonexistent.h: No such file or directory
compilation terminated.
configure:7865: $? = 1
configure: failed program was:
| /* confdefs.h */
| #define PACKAGE_NAME "babl"
| #define PACKAGE_TARNAME "babl"
| #define PACKAGE_VERSION "0.1.58"
| #define PACKAGE_STRING "babl 0.1.58"
| #define PACKAGE_BUGREPORT ""
| #define PACKAGE_URL ""
| #define BABL_UNSTABLE 1
| /* end confdefs.h.  */
| #include <ac_nonexistent.h>
configure:7894: checking for ANSI C header files
configure:7914: gcc -c -g -O2  conftest.c >&5
configure:7914: $? = 0
configure:7987: gcc -o conftest -g -O2   conftest.c  >&5
configure:7987: $? = 0
configure:7987: ./conftest
configure:7987: $? = 0
configure:7998: result: yes
configure:8011: checking for sys/types.h
configure:8011: gcc -c -g -O2  conftest.c >&5
configure:8011: $? = 0
configure:8011: result: yes
configure:8011: checking for sys/stat.h
configure:8011: gcc -c -g -O2  conftest.c >&5
configure:8011: $? = 0
configure:8011: result: yes
configure:8011: checking for stdlib.h
configure:8011: gcc -c -g -O2  conftest.c >&5
configure:8011: $? = 0
configure:8011: result: yes
configure:8011: checking for string.h
configure:8011: gcc -c -g -O2  conftest.c >&5
configure:8011: $? = 0
configure:8011: result: yes
configure:8011: checking for memory.h
configure:8011: gcc -c -g -O2  conftest.c >&5
configure:8011: $? = 0
configure:8011: result: yes
configure:8011: checking for strings.h
configure:8011: gcc -c -g -O2  conftest.c >&5
configure:8011: $? = 0
configure:8011: result: yes
configure:8011: checking for inttypes.h
configure:8011: gcc -c -g -O2  conftest.c >&5
configure:8011: $? = 0
configure:8011: result: yes
configure:8011: checking for stdint.h
configure:8011: gcc -c -g -O2  conftest.c >&5
configure:8011: $? = 0
configure:8011: result: yes
configure:8011: checking for unistd.h
configure:8011: gcc -c -g -O2  conftest.c >&5
configure:8011: $? = 0
configure:8011: result: yes
configure:8025: checking for dlfcn.h
configure:8025: gcc -c -g -O2  conftest.c >&5
configure:8025: $? = 0
configure:8025: result: yes
configure:8578: checking for objdir
configure:8593: result: .libs
configure:8857: checking if gcc supports -fno-rtti -fno-exceptions
configure:8875: gcc -c -g -O2  -fno-rtti -fno-exceptions conftest.c >&5
cc1: warning: command line option '-fno-rtti' is valid for C++/ObjC++ but not for C
configure:8879: $? = 0
configure:8892: result: no
configure:9250: checking for gcc option to produce PIC
configure:9257: result: -fPIC -DPIC
configure:9265: checking if gcc PIC flag -fPIC -DPIC works
configure:9283: gcc -c -g -O2  -fPIC -DPIC -DPIC conftest.c >&5
configure:9287: $? = 0
configure:9300: result: yes
configure:9329: checking if gcc static flag -static works
configure:9357: result: yes
configure:9372: checking if gcc supports -c -o file.o
configure:9393: gcc -c -g -O2  -o out/conftest2.o conftest.c >&5
configure:9397: $? = 0
configure:9419: result: yes
configure:9427: checking if gcc supports -c -o file.o
configure:9474: result: yes
configure:9507: checking whether the gcc linker (/usr/bin/ld -m elf_x86_64) supports shared libraries
configure:10770: result: yes
configure:10807: checking whether -lc should be explicitly linked in
configure:10815: gcc -c -g -O2  conftest.c >&5
configure:10818: $? = 0
configure:10833: gcc -shared  -fPIC -DPIC conftest.o  -v -Wl,-soname -Wl,conftest -o conftest 2\>\&1 \| /bin/grep  -lc  \>/dev/null 2\>\&1
configure:10836: $? = 0
configure:10850: result: no
configure:11010: checking dynamic linker characteristics
configure:11591: gcc -o conftest -g -O2   -Wl,-rpath -Wl,/foo conftest.c  >&5
configure:11591: $? = 0
configure:11840: result: GNU/Linux ld.so
configure:11962: checking how to hardcode library paths into programs
configure:11987: result: immediate
configure:12535: checking whether stripping libraries is possible
configure:12540: result: yes
configure:12575: checking if libtool supports shared libraries
configure:12577: result: yes
configure:12580: checking whether to build shared libraries
configure:12605: result: yes
configure:12608: checking whether to build static libraries
configure:12612: result: no
configure:12652: checking for GNUC variadic macros
configure:12681: gcc -c -g -O2  conftest.c >&5
configure:12681: $? = 0
configure:12689: result: yes
configure:12697: checking for ISO C99 variadic macros in C
configure:12716: gcc -c -g -O2  conftest.c >&5
configure:12716: $? = 0
configure:12724: result: yes
configure:12742: checking whether to enable maintainer-specific portions of Makefiles
configure:12751: result: yes
configure:12765: checking for ANSI C header files
configure:12869: result: yes
configure:12877: checking whether build environment is sane
configure:12932: result: yes
configure:12963: checking whether gcc understands -Wdeclaration-after-statement
configure:12976: gcc -c -g -O2 -Wall -Wdeclaration-after-statement  conftest.c >&5
configure:12976: $? = 0
configure:12982: result: yes
configure:12999: checking whether gcc understands -Wmissing-prototypes
configure:13012: gcc -c -g -O2 -Wall -Wdeclaration-after-statement -Wmissing-prototypes  conftest.c >&5
configure:13012: $? = 0
configure:13018: result: yes
configure:13035: checking whether gcc understands -Wmissing-declarations
configure:13048: gcc -c -g -O2 -Wall -Wdeclaration-after-statement -Wmissing-prototypes -Wmissing-declarations  conftest.c >&5
configure:13048: $? = 0
configure:13054: result: yes
configure:13071: checking whether gcc understands -Winit-self
configure:13084: gcc -c -g -O2 -Wall -Wdeclaration-after-statement -Wmissing-prototypes -Wmissing-declarations -Winit-self  conftest.c >&5
configure:13084: $? = 0
configure:13090: result: yes
configure:13107: checking whether gcc understands -Wpointer-arith
configure:13120: gcc -c -g -O2 -Wall -Wdeclaration-after-statement -Wmissing-prototypes -Wmissing-declarations -Winit-self -Wpointer-arith  conftest.c >&5
configure:13120: $? = 0
configure:13126: result: yes
configure:13143: checking whether gcc understands -Wold-style-definition
configure:13156: gcc -c -g -O2 -Wall -Wdeclaration-after-statement -Wmissing-prototypes -Wmissing-declarations -Winit-self -Wpointer-arith -Wold-style-definition  conftest.c >&5
conftest.c: In function 'main':
conftest.c:27:1: warning: old-style function definition [-Wold-style-definition]
 main ()
 ^
configure:13156: $? = 0
configure:13162: result: yes
configure:13180: checking for rsvg-convert
configure:13211: result: no
configure:13230: checking for w3m
configure:13261: result: no
configure:13299: checking for target architecture
configure:13307: result: x86_64-pc-linux-gnu
configure:13350: checking the extension for shared libraries
configure:13371: result: .so
configure:13379: checking for some Win32 platform
configure:13389: result: no
configure:13403: checking for native Win32
configure:13426: result: no
configure:13459: checking for __thread
configure:13472: gcc -o conftest -g -O2 -Wall -Wdeclaration-after-statement -Wmissing-prototypes -Wmissing-declarations -Winit-self -Wpointer-arith -Wold-style-definition   conftest.c  >&5
conftest.c: In function 'main':
conftest.c:30:1: warning: old-style function definition [-Wold-style-definition]
 main ()
 ^
conftest.c:32:22: warning: unused variable 'buf1024' [-Wunused-variable]
 static __thread char buf1024;
                      ^
configure:13472: $? = 0
configure:13476: result: yes
configure:13547: checking whether gcc understands -mmmx
configure:13560: gcc -c -g -O2 -Wall -Wdeclaration-after-statement -Wmissing-prototypes -Wmissing-declarations -Winit-self -Wpointer-arith -Wold-style-definition -mmmx  conftest.c >&5
conftest.c: In function 'main':
conftest.c:31:1: warning: old-style function definition [-Wold-style-definition]
 main ()
 ^
configure:13560: $? = 0
configure:13566: result: yes
configure:13579: checking whether we can compile MMX code
configure:13596: gcc -c -g -O2 -Wall -Wdeclaration-after-statement -Wmissing-prototypes -Wmissing-declarations -Winit-self -Wpointer-arith -Wold-style-definition -mmmx  conftest.c >&5
conftest.c: In function 'main':
conftest.c:31:1: warning: old-style function definition [-Wold-style-definition]
 main ()
 ^
configure:13596: $? = 0
configure:13600: result: yes
configure:13610: checking whether gcc understands -mfpmath=sse
configure:13623: gcc -c -g -O2 -Wall -Wdeclaration-after-statement -Wmissing-prototypes -Wmissing-declarations -Winit-self -Wpointer-arith -Wold-style-definition -mmmx -mfpmath=sse  conftest.c >&5
conftest.c: In function 'main':
conftest.c:32:1: warning: old-style function definition [-Wold-style-definition]
 main ()
 ^
configure:13623: $? = 0
configure:13629: result: yes
configure:13682: checking whether gcc understands -msse
configure:13695: gcc -c -g -O2 -Wall -Wdeclaration-after-statement -Wmissing-prototypes -Wmissing-declarations -Winit-self -Wpointer-arith -Wold-style-definition -mmmx -msse  conftest.c >&5
conftest.c: In function 'main':
conftest.c:32:1: warning: old-style function definition [-Wold-style-definition]
 main ()
 ^
configure:13695: $? = 0
configure:13701: result: yes
configure:13712: checking whether we can compile SSE code
configure:13728: gcc -c -g -O2 -Wall -Wdeclaration-after-statement -Wmissing-prototypes -Wmissing-declarations -Winit-self -Wpointer-arith -Wold-style-definition -mmmx -msse  conftest.c >&5
conftest.c: In function 'main':
conftest.c:32:1: warning: old-style function definition [-Wold-style-definition]
 main ()
 ^
configure:13728: $? = 0
configure:13732: result: yes
configure:13752: checking whether gcc understands -msse2
configure:13765: gcc -c -g -O2 -Wall -Wdeclaration-after-statement -Wmissing-prototypes -Wmissing-declarations -Winit-self -Wpointer-arith -Wold-style-definition -mmmx -msse -msse2  conftest.c >&5
conftest.c: In function 'main':
conftest.c:33:1: warning: old-style function definition [-Wold-style-definition]
 main ()
 ^
configure:13765: $? = 0
configure:13771: result: yes
configure:13782: checking whether we can compile SSE2 code
configure:13798: gcc -c -g -O2 -Wall -Wdeclaration-after-statement -Wmissing-prototypes -Wmissing-declarations -Winit-self -Wpointer-arith -Wold-style-definition -mmmx -msse -msse2  conftest.c >&5
conftest.c: In function 'main':
conftest.c:33:1: warning: old-style function definition [-Wold-style-definition]
 main ()
 ^
configure:13798: $? = 0
configure:13802: result: yes
configure:13822: checking whether gcc understands -msse3
configure:13835: gcc -c -g -O2 -Wall -Wdeclaration-after-statement -Wmissing-prototypes -Wmissing-declarations -Winit-self -Wpointer-arith -Wold-style-definition -mmmx -msse -msse2 -msse3  conftest.c >&5
conftest.c: In function 'main':
conftest.c:34:1: warning: old-style function definition [-Wold-style-definition]
 main ()
 ^
configure:13835: $? = 0
configure:13841: result: yes
configure:13852: checking whether we can compile SSE3 code
configure:13868: gcc -c -g -O2 -Wall -Wdeclaration-after-statement -Wmissing-prototypes -Wmissing-declarations -Winit-self -Wpointer-arith -Wold-style-definition -mmmx -msse -msse2 -msse3  conftest.c >&5
conftest.c: In function 'main':
conftest.c:34:1: warning: old-style function definition [-Wold-style-definition]
 main ()
 ^
configure:13868: $? = 0
configure:13872: result: yes
configure:13892: checking whether gcc understands -msse4.1
configure:13905: gcc -c -g -O2 -Wall -Wdeclaration-after-statement -Wmissing-prototypes -Wmissing-declarations -Winit-self -Wpointer-arith -Wold-style-definition -mmmx -msse -msse2 -msse3 -msse4.1  conftest.c >&5
conftest.c: In function 'main':
conftest.c:35:1: warning: old-style function definition [-Wold-style-definition]
 main ()
 ^
configure:13905: $? = 0
configure:13911: result: yes
configure:13922: checking whether we can compile SSE4_1 code
configure:13938: gcc -c -g -O2 -Wall -Wdeclaration-after-statement -Wmissing-prototypes -Wmissing-declarations -Winit-self -Wpointer-arith -Wold-style-definition -mmmx -msse -msse2 -msse3 -msse4.1  conftest.c >&5
conftest.c: In function 'main':
conftest.c:35:1: warning: old-style function definition [-Wold-style-definition]
 main ()
 ^
configure:13938: $? = 0
configure:13942: result: yes
configure:13967: checking whether gcc understands -mf16c
configure:13980: gcc -c -g -O2 -Wall -Wdeclaration-after-statement -Wmissing-prototypes -Wmissing-declarations -Winit-self -Wpointer-arith -Wold-style-definition -mf16c  conftest.c >&5
conftest.c: In function 'main':
conftest.c:36:1: warning: old-style function definition [-Wold-style-definition]
 main ()
 ^
configure:13980: $? = 0
configure:13986: result: yes
configure:13997: checking whether we can compile half-floating point code
configure:14013: gcc -c -g -O2 -Wall -Wdeclaration-after-statement -Wmissing-prototypes -Wmissing-declarations -Winit-self -Wpointer-arith -Wold-style-definition -msse -mf16c  conftest.c >&5
conftest.c: In function 'main':
conftest.c:36:1: warning: old-style function definition [-Wold-style-definition]
 main ()
 ^
conftest.c:38:64: warning: unused variable 'val2' [-Wunused-variable]
 __m128 val = _mm_cvtph_ps ((__m128i)_mm_setzero_ps()); __m128i val2 = _mm_insert_epi64((__m128i)_mm_setzero_ps(), 0, 0);
                                                                ^
conftest.c:38:8: warning: unused variable 'val' [-Wunused-variable]
 __m128 val = _mm_cvtph_ps ((__m128i)_mm_setzero_ps()); __m128i val2 = _mm_insert_epi64((__m128i)_mm_setzero_ps(), 0, 0);
        ^
configure:14013: $? = 0
configure:14017: result: yes
configure:14187: checking for srandom
configure:14187: gcc -o conftest -g -O2 -Wall -Wdeclaration-after-statement -Wmissing-prototypes -Wmissing-declarations -Winit-self -Wpointer-arith -Wold-style-definition   conftest.c  >&5
conftest.c: In function 'main':
conftest.c:67:1: warning: old-style function definition [-Wold-style-definition]
 main ()
 ^
configure:14187: $? = 0
configure:14187: result: yes
configure:14204: checking dl.h usability
configure:14204: gcc -c -g -O2 -Wall -Wdeclaration-after-statement -Wmissing-prototypes -Wmissing-declarations -Winit-self -Wpointer-arith -Wold-style-definition  conftest.c >&5
conftest.c:68:16: fatal error: dl.h: No such file or directory
compilation terminated.
configure:14204: $? = 1
configure: failed program was:
| /* confdefs.h */
| #define PACKAGE_NAME "babl"
| #define PACKAGE_TARNAME "babl"
| #define PACKAGE_VERSION "0.1.58"
| #define PACKAGE_STRING "babl 0.1.58"
| #define PACKAGE_BUGREPORT ""
| #define PACKAGE_URL ""
| #define BABL_UNSTABLE 1
| #define STDC_HEADERS 1
| #define HAVE_SYS_TYPES_H 1
| #define HAVE_SYS_STAT_H 1
| #define HAVE_STDLIB_H 1
| #define HAVE_STRING_H 1
| #define HAVE_MEMORY_H 1
| #define HAVE_STRINGS_H 1
| #define HAVE_INTTYPES_H 1
| #define HAVE_STDINT_H 1
| #define HAVE_UNISTD_H 1
| #define HAVE_DLFCN_H 1
| #define LT_OBJDIR ".libs/"
| #define BABL_GNUC_VARIADIC_MACROS 1
| #define BABL_ISO_VARIADIC_MACROS 1
| #define STDC_HEADERS 1
| #define ARCH_X86 1
| #define ARCH_X86_64 1
| #define SHREXT ".so"
| #define HAVE_TLS 1
| #define USE_MMX 1
| #define USE_SSE 1
| #define USE_SSE2 1
| #define USE_SSE3 1
| #define USE_SSE4_1 1
| #define USE_F16C 1
| /* end confdefs.h.  */
| #include <stdio.h>
| #ifdef HAVE_SYS_TYPES_H
| # include <sys/types.h>
| #endif
| #ifdef HAVE_SYS_STAT_H
| # include <sys/stat.h>
| #endif
| #ifdef STDC_HEADERS
| # include <stdlib.h>
| # include <stddef.h>
| #else
| # ifdef HAVE_STDLIB_H
| #  include <stdlib.h>
| # endif
| #endif
| #ifdef HAVE_STRING_H
| # if !defined STDC_HEADERS && defined HAVE_MEMORY_H
| #  include <memory.h>
| # endif
| # include <string.h>
| #endif
| #ifdef HAVE_STRINGS_H
| # include <strings.h>
| #endif
| #ifdef HAVE_INTTYPES_H
| # include <inttypes.h>
| #endif
| #ifdef HAVE_STDINT_H
| # include <stdint.h>
| #endif
| #ifdef HAVE_UNISTD_H
| # include <unistd.h>
| #endif
| #include <dl.h>
configure:14204: result: no
configure:14204: checking dl.h presence
configure:14204: gcc -E  conftest.c
conftest.c:35:16: fatal error: dl.h: No such file or directory
compilation terminated.
configure:14204: $? = 1
configure: failed program was:
| /* confdefs.h */
| #define PACKAGE_NAME "babl"
| #define PACKAGE_TARNAME "babl"
| #define PACKAGE_VERSION "0.1.58"
| #define PACKAGE_STRING "babl 0.1.58"
| #define PACKAGE_BUGREPORT ""
| #define PACKAGE_URL ""
| #define BABL_UNSTABLE 1
| #define STDC_HEADERS 1
| #define HAVE_SYS_TYPES_H 1
| #define HAVE_SYS_STAT_H 1
| #define HAVE_STDLIB_H 1
| #define HAVE_STRING_H 1
| #define HAVE_MEMORY_H 1
| #define HAVE_STRINGS_H 1
| #define HAVE_INTTYPES_H 1
| #define HAVE_STDINT_H 1
| #define HAVE_UNISTD_H 1
| #define HAVE_DLFCN_H 1
| #define LT_OBJDIR ".libs/"
| #define BABL_GNUC_VARIADIC_MACROS 1
| #define BABL_ISO_VARIADIC_MACROS 1
| #define STDC_HEADERS 1
| #define ARCH_X86 1
| #define ARCH_X86_64 1
| #define SHREXT ".so"
| #define HAVE_TLS 1
| #define USE_MMX 1
| #define USE_SSE 1
| #define USE_SSE2 1
| #define USE_SSE3 1
| #define USE_SSE4_1 1
| #define USE_F16C 1
| /* end confdefs.h.  */
| #include <dl.h>
configure:14204: result: no
configure:14204: checking for dl.h
configure:14204: result: no
configure:14215: checking for library containing dlopen
configure:14246: gcc -o conftest -g -O2 -Wall -Wdeclaration-after-statement -Wmissing-prototypes -Wmissing-declarations -Winit-self -Wpointer-arith -Wold-style-definition   conftest.c  >&5
conftest.c: In function 'main':
conftest.c:44:1: warning: old-style function definition [-Wold-style-definition]
 main ()
 ^
/tmp/ccX7MkwT.o: In function `main':
/home/gaston/Downloads/gimp-2.8.16/babl-0.1.58/conftest.c:46: undefined reference to `dlopen'
collect2: error: ld returned 1 exit status
configure:14246: $? = 1
configure: failed program was:
| /* confdefs.h */
| #define PACKAGE_NAME "babl"
| #define PACKAGE_TARNAME "babl"
| #define PACKAGE_VERSION "0.1.58"
| #define PACKAGE_STRING "babl 0.1.58"
| #define PACKAGE_BUGREPORT ""
| #define PACKAGE_URL ""
| #define BABL_UNSTABLE 1
| #define STDC_HEADERS 1
| #define HAVE_SYS_TYPES_H 1
| #define HAVE_SYS_STAT_H 1
| #define HAVE_STDLIB_H 1
| #define HAVE_STRING_H 1
| #define HAVE_MEMORY_H 1
| #define HAVE_STRINGS_H 1
| #define HAVE_INTTYPES_H 1
| #define HAVE_STDINT_H 1
| #define HAVE_UNISTD_H 1
| #define HAVE_DLFCN_H 1
| #define LT_OBJDIR ".libs/"
| #define BABL_GNUC_VARIADIC_MACROS 1
| #define BABL_ISO_VARIADIC_MACROS 1
| #define STDC_HEADERS 1
| #define ARCH_X86 1
| #define ARCH_X86_64 1
| #define SHREXT ".so"
| #define HAVE_TLS 1
| #define USE_MMX 1
| #define USE_SSE 1
| #define USE_SSE2 1
| #define USE_SSE3 1
| #define USE_SSE4_1 1
| #define USE_F16C 1
| /* end confdefs.h.  */
| 
| /* Override any GCC internal prototype to avoid an error.
|    Use char because int might match the return type of a GCC
|    builtin and then its argument prototype would still apply.  */
| #ifdef __cplusplus
| extern "C"
| #endif
| char dlopen ();
| int
| main ()
| {
| return dlopen ();
|   ;
|   return 0;
| }
configure:14246: gcc -o conftest -g -O2 -Wall -Wdeclaration-after-statement -Wmissing-prototypes -Wmissing-declarations -Winit-self -Wpointer-arith -Wold-style-definition   conftest.c -ldl   >&5
conftest.c: In function 'main':
conftest.c:44:1: warning: old-style function definition [-Wold-style-definition]
 main ()
 ^
configure:14246: $? = 0
configure:14263: result: -ldl
configure:14271: checking for library containing rint
configure:14302: gcc -o conftest -g -O2 -Wall -Wdeclaration-after-statement -Wmissing-prototypes -Wmissing-declarations -Winit-self -Wpointer-arith -Wold-style-definition   conftest.c -ldl  >&5
conftest.c:42:6: warning: conflicting types for built-in function 'rint'
 char rint ();
      ^
conftest.c: In function 'main':
conftest.c:44:1: warning: old-style function definition [-Wold-style-definition]
 main ()
 ^
/tmp/ccqZA279.o: In function `main':
/home/gaston/Downloads/gimp-2.8.16/babl-0.1.58/conftest.c:46: undefined reference to `rint'
collect2: error: ld returned 1 exit status
configure:14302: $? = 1
configure: failed program was:
| /* confdefs.h */
| #define PACKAGE_NAME "babl"
| #define PACKAGE_TARNAME "babl"
| #define PACKAGE_VERSION "0.1.58"
| #define PACKAGE_STRING "babl 0.1.58"
| #define PACKAGE_BUGREPORT ""
| #define PACKAGE_URL ""
| #define BABL_UNSTABLE 1
| #define STDC_HEADERS 1
| #define HAVE_SYS_TYPES_H 1
| #define HAVE_SYS_STAT_H 1
| #define HAVE_STDLIB_H 1
| #define HAVE_STRING_H 1
| #define HAVE_MEMORY_H 1
| #define HAVE_STRINGS_H 1
| #define HAVE_INTTYPES_H 1
| #define HAVE_STDINT_H 1
| #define HAVE_UNISTD_H 1
| #define HAVE_DLFCN_H 1
| #define LT_OBJDIR ".libs/"
| #define BABL_GNUC_VARIADIC_MACROS 1
| #define BABL_ISO_VARIADIC_MACROS 1
| #define STDC_HEADERS 1
| #define ARCH_X86 1
| #define ARCH_X86_64 1
| #define SHREXT ".so"
| #define HAVE_TLS 1
| #define USE_MMX 1
| #define USE_SSE 1
| #define USE_SSE2 1
| #define USE_SSE3 1
| #define USE_SSE4_1 1
| #define USE_F16C 1
| /* end confdefs.h.  */
| 
| /* Override any GCC internal prototype to avoid an error.
|    Use char because int might match the return type of a GCC
|    builtin and then its argument prototype would still apply.  */
| #ifdef __cplusplus
| extern "C"
| #endif
| char rint ();
| int
| main ()
| {
| return rint ();
|   ;
|   return 0;
| }
configure:14302: gcc -o conftest -g -O2 -Wall -Wdeclaration-after-statement -Wmissing-prototypes -Wmissing-declarations -Winit-self -Wpointer-arith -Wold-style-definition   conftest.c -lm  -ldl  >&5
conftest.c:42:6: warning: conflicting types for built-in function 'rint'
 char rint ();
      ^
conftest.c: In function 'main':
conftest.c:44:1: warning: old-style function definition [-Wold-style-definition]
 main ()
 ^
configure:14302: $? = 0
configure:14319: result: -lm
configure:14328: checking for gettimeofday
configure:14328: gcc -o conftest -g -O2 -Wall -Wdeclaration-after-statement -Wmissing-prototypes -Wmissing-declarations -Winit-self -Wpointer-arith -Wold-style-definition   conftest.c -lm -ldl  >&5
conftest.c: In function 'main':
conftest.c:67:1: warning: old-style function definition [-Wold-style-definition]
 main ()
 ^
configure:14328: $? = 0
configure:14328: result: yes
configure:14344: checking for rint
configure:14344: gcc -o conftest -g -O2 -Wall -Wdeclaration-after-statement -Wmissing-prototypes -Wmissing-declarations -Winit-self -Wpointer-arith -Wold-style-definition   conftest.c -lm -ldl  >&5
conftest.c:59:6: warning: conflicting types for built-in function 'rint'
 char rint ();
      ^
conftest.c: In function 'main':
conftest.c:68:1: warning: old-style function definition [-Wold-style-definition]
 main ()
 ^
configure:14344: $? = 0
configure:14344: result: yes
configure:14492: checking that generated files are newer than configure
configure:14498: result: done
configure:14520: checking that generated files are newer than configure
configure:14526: result: done
configure:14561: creating ./config.status

## ---------------------- ##
## Running config.status. ##
## ---------------------- ##

This file was extended by babl config.status 0.1.58, which was
generated by GNU Autoconf 2.69.  Invocation command line was

  CONFIG_FILES    = 
  CONFIG_HEADERS  = 
  CONFIG_LINKS    = 
  CONFIG_COMMANDS = 
  $ ./config.status 

on gaston-Inspiron-11-3162

config.status:1166: creating Makefile
config.status:1166: creating babl.pc
config.status:1166: creating babl/Makefile
config.status:1166: creating babl/babl-version.h
config.status:1166: creating babl/base/Makefile
config.status:1166: creating docs/Makefile
config.status:1166: creating docs/index-static.html
config.status:1166: creating docs/graphics/Makefile
config.status:1166: creating tests/Makefile
config.status:1166: creating tools/Makefile
config.status:1166: creating extensions/Makefile
config.status:1166: creating INSTALL
config.status:1166: creating config.h
config.status:1395: executing depfiles commands
config.status:1472: cd babl       && sed -e '/# am--include-marker/d' Makefile         | make -f - am--depfiles
config.status:1477: $? = 0
config.status:1472: cd babl/base       && sed -e '/# am--include-marker/d' Makefile         | make -f - am--depfiles
config.status:1477: $? = 0
config.status:1472: cd tests       && sed -e '/# am--include-marker/d' Makefile         | make -f - am--depfiles
config.status:1477: $? = 0
config.status:1472: cd tools       && sed -e '/# am--include-marker/d' Makefile         | make -f - am--depfiles
config.status:1477: $? = 0
config.status:1472: cd extensions       && sed -e '/# am--include-marker/d' Makefile         | make -f - am--depfiles
config.status:1477: $? = 0
config.status:1395: executing libtool commands

## ---------------- ##
## Cache variables. ##
## ---------------- ##

ac_cv_build=x86_64-pc-linux-gnu
ac_cv_c_compiler_gnu=yes
ac_cv_env_CC_set=
ac_cv_env_CC_value=
ac_cv_env_CFLAGS_set=
ac_cv_env_CFLAGS_value=
ac_cv_env_CPPFLAGS_set=
ac_cv_env_CPPFLAGS_value=
ac_cv_env_CPP_set=
ac_cv_env_CPP_value=
ac_cv_env_LDFLAGS_set=
ac_cv_env_LDFLAGS_value=
ac_cv_env_LIBS_set=
ac_cv_env_LIBS_value=
ac_cv_env_LT_SYS_LIBRARY_PATH_set=
ac_cv_env_LT_SYS_LIBRARY_PATH_value=
ac_cv_env_build_alias_set=
ac_cv_env_build_alias_value=
ac_cv_env_host_alias_set=
ac_cv_env_host_alias_value=
ac_cv_env_target_alias_set=
ac_cv_env_target_alias_value=
ac_cv_func_gettimeofday=yes
ac_cv_func_rint=yes
ac_cv_func_srandom=yes
ac_cv_header_dl_h=no
ac_cv_header_dlfcn_h=yes
ac_cv_header_inttypes_h=yes
ac_cv_header_memory_h=yes
ac_cv_header_stdc=yes
ac_cv_header_stdint_h=yes
ac_cv_header_stdlib_h=yes
ac_cv_header_string_h=yes
ac_cv_header_strings_h=yes
ac_cv_header_sys_stat_h=yes
ac_cv_header_sys_types_h=yes
ac_cv_header_unistd_h=yes
ac_cv_host=x86_64-pc-linux-gnu
ac_cv_objext=o
ac_cv_path_EGREP='/bin/grep -E'
ac_cv_path_FGREP='/bin/grep -F'
ac_cv_path_GREP=/bin/grep
ac_cv_path_RSVG=no
ac_cv_path_SED=/bin/sed
ac_cv_path_W3M=no
ac_cv_path_install='/usr/bin/install -c'
ac_cv_path_lt_DD=/bin/dd
ac_cv_path_mkdir=/bin/mkdir
ac_cv_prog_AWK=mawk
ac_cv_prog_CPP='gcc -E'
ac_cv_prog_ac_ct_AR=ar
ac_cv_prog_ac_ct_CC=gcc
ac_cv_prog_ac_ct_MANIFEST_TOOL=mt
ac_cv_prog_ac_ct_OBJDUMP=objdump
ac_cv_prog_ac_ct_RANLIB=ranlib
ac_cv_prog_ac_ct_STRIP=strip
ac_cv_prog_cc_c89=
ac_cv_prog_cc_c99=
ac_cv_prog_cc_g=yes
ac_cv_prog_make_make_set=yes
ac_cv_search_dlopen=-ldl
ac_cv_search_rint=-lm
ac_cv_target=x86_64-pc-linux-gnu
am_cv_CC_dependencies_compiler_type=gcc3
am_cv_make_support_nested_variables=yes
am_cv_prog_cc_c_o=yes
babl_cv_prog_c_variadic_macros=yes
babl_cv_prog_cxx_variadic_macros=no
babl_cv_prog_gnuc_variadic_macros=yes
lt_cv_ar_at_file=@
lt_cv_archive_cmds_need_lc=no
lt_cv_deplibs_check_method=pass_all
lt_cv_file_magic_cmd='$MAGIC_CMD'
lt_cv_file_magic_test_file=
lt_cv_ld_reload_flag=-r
lt_cv_nm_interface='BSD nm'
lt_cv_objdir=.libs
lt_cv_path_LD=/usr/bin/ld
lt_cv_path_NM='/usr/bin/nm -B'
lt_cv_path_mainfest_tool=no
lt_cv_prog_compiler_c_o=yes
lt_cv_prog_compiler_pic='-fPIC -DPIC'
lt_cv_prog_compiler_pic_works=yes
lt_cv_prog_compiler_rtti_exceptions=no
lt_cv_prog_compiler_static_works=yes
lt_cv_prog_gnu_ld=yes
lt_cv_sharedlib_from_linklib_cmd='printf %s\n'
lt_cv_shlibpath_overrides_runpath=no
lt_cv_sys_global_symbol_pipe='sed -n -e '\''s/^.*[	 ]\([ABCDGIRSTW][ABCDGIRSTW]*\)[	 ][	 ]*\([_A-Za-z][_A-Za-z0-9]*\)$/\1 \2 \2/p'\'' | sed '\''/ __gnu_lto/d'\'''
lt_cv_sys_global_symbol_to_c_name_address='sed -n -e '\''s/^: \(.*\) .*$/  {"\1", (void *) 0},/p'\'' -e '\''s/^[ABCDGIRSTW][ABCDGIRSTW]* .* \(.*\)$/  {"\1", (void *) \&\1},/p'\'''
lt_cv_sys_global_symbol_to_c_name_address_lib_prefix='sed -n -e '\''s/^: \(.*\) .*$/  {"\1", (void *) 0},/p'\'' -e '\''s/^[ABCDGIRSTW][ABCDGIRSTW]* .* \(lib.*\)$/  {"\1", (void *) \&\1},/p'\'' -e '\''s/^[ABCDGIRSTW][ABCDGIRSTW]* .* \(.*\)$/  {"lib\1", (void *) \&\1},/p'\'''
lt_cv_sys_global_symbol_to_cdecl='sed -n -e '\''s/^T .* \(.*\)$/extern int \1();/p'\'' -e '\''s/^[ABCDGIRSTW][ABCDGIRSTW]* .* \(.*\)$/extern char \1;/p'\'''
lt_cv_sys_global_symbol_to_import=
lt_cv_sys_max_cmd_len=1572864
lt_cv_to_host_file_cmd=func_convert_file_noop
lt_cv_to_tool_file_cmd=func_convert_file_noop
lt_cv_truncate_bin='/bin/dd bs=4096 count=1'

## ----------------- ##
## Output variables. ##
## ----------------- ##

ACLOCAL='${SHELL} /home/gaston/Downloads/gimp-2.8.16/babl-0.1.58/missing aclocal-1.16'
ALTIVEC_EXTRA_CFLAGS=''
AMDEPBACKSLASH='\'
AMDEP_FALSE='#'
AMDEP_TRUE=''
AMTAR='$${TAR-tar}'
AM_BACKSLASH='\'
AM_DEFAULT_V='$(AM_DEFAULT_VERBOSITY)'
AM_DEFAULT_VERBOSITY='0'
AM_V='$(V)'
AR='ar'
AS='as'
AUTOCONF='${SHELL} /home/gaston/Downloads/gimp-2.8.16/babl-0.1.58/missing autoconf'
AUTOHEADER='${SHELL} /home/gaston/Downloads/gimp-2.8.16/babl-0.1.58/missing autoheader'
AUTOMAKE='${SHELL} /home/gaston/Downloads/gimp-2.8.16/babl-0.1.58/missing automake-1.16'
AWK='mawk'
BABL_API_VERSION='0.1'
BABL_BINARY_AGE='158'
BABL_CURRENT_MINUS_AGE='0'
BABL_INTERFACE_AGE='1'
BABL_LIBRARY_VERSION='157:1:157'
BABL_MAJOR_VERSION='0'
BABL_MICRO_VERSION='58'
BABL_MINOR_VERSION='1'
BABL_REAL_VERSION='0.1.58'
BABL_RELEASE='0.1'
BABL_UNSTABLE='yes'
BABL_UNSTABLE_FALSE='#'
BABL_UNSTABLE_TRUE=''
BABL_VERSION='0.1.58'
CC='gcc'
CCDEPMODE='depmode=gcc3'
CFLAGS='-g -O2 -Wall -Wdeclaration-after-statement -Wmissing-prototypes -Wmissing-declarations -Winit-self -Wpointer-arith -Wold-style-definition'
CPP='gcc -E'
CPPFLAGS=''
CYGPATH_W='echo'
DEFS='-DHAVE_CONFIG_H'
DEPDIR='.deps'
DIR_SEP='/'
DLLTOOL='false'
DSYMUTIL=''
DUMPBIN=''
ECHO_C=''
ECHO_N='-n'
ECHO_T=''
EGREP='/bin/grep -E'
ENABLE_DOCS_FALSE='#'
ENABLE_DOCS_TRUE=''
EXEEXT=''
F16C_EXTRA_CFLAGS='-mmmx  -mfpmath=sse -msse -mf16c'
FGREP='/bin/grep -F'
GREP='/bin/grep'
HAVE_RSVG_FALSE=''
HAVE_RSVG_TRUE='#'
HAVE_SRANDOM_FALSE='#'
HAVE_SRANDOM_TRUE=''
HAVE_W3M_FALSE=''
HAVE_W3M_TRUE='#'
INSTALL_DATA='${INSTALL} -m 644'
INSTALL_PROGRAM='${INSTALL}'
INSTALL_SCRIPT='${INSTALL}'
INSTALL_STRIP_PROGRAM='$(install_sh) -c -s'
LD='/usr/bin/ld -m elf_x86_64'
LDFLAGS=''
LIBOBJS=''
LIBS='-lm -ldl '
LIBTOOL='$(SHELL) $(top_builddir)/libtool'
LIPO=''
LN_S='ln -s'
LOG_LIB=''
LTLIBOBJS=''
LT_SYS_LIBRARY_PATH=''
MAINT=''
MAINTAINER_MODE_FALSE='#'
MAINTAINER_MODE_TRUE=''
MAKEINFO='${SHELL} /home/gaston/Downloads/gimp-2.8.16/babl-0.1.58/missing makeinfo'
MANIFEST_TOOL=':'
MATH_LIB='-lm'
MKDIR_P='/bin/mkdir -p'
MMX_EXTRA_CFLAGS='-mmmx'
NM='/usr/bin/nm -B'
NMEDIT=''
OBJDUMP='objdump'
OBJEXT='o'
OS_UNIX_FALSE='#'
OS_UNIX_TRUE=''
OS_WIN32_FALSE=''
OS_WIN32_TRUE='#'
OTOOL64=''
OTOOL=''
PACKAGE='babl'
PACKAGE_BUGREPORT=''
PACKAGE_NAME='babl'
PACKAGE_STRING='babl 0.1.58'
PACKAGE_TARNAME='babl'
PACKAGE_URL=''
PACKAGE_VERSION='0.1.58'
PATH_SEP=':'
PATH_SEPARATOR=':'
PLATFORM_WIN32_FALSE=''
PLATFORM_WIN32_TRUE='#'
RANLIB='ranlib'
RSVG='no'
SED='/bin/sed'
SET_MAKE=''
SHELL='/bin/bash'
SHREXT='.so'
SSE2_EXTRA_CFLAGS='-mmmx  -mfpmath=sse -msse -msse2'
SSE3_EXTRA_CFLAGS='-mmmx  -mfpmath=sse -msse -msse2 -msse3'
SSE4_1_EXTRA_CFLAGS='-mmmx  -mfpmath=sse -msse -msse4.1'
SSE_EXTRA_CFLAGS='-mmmx  -mfpmath=sse -msse'
STRIP='strip'
THREAD_LIB='-lpthread'
VERSION='0.1.58'
W3M='no'
WEBSITE_HOST='pippin.gimp.org'
WEBSITE_LOCATION='public_html/babl/'
ac_ct_AR='ar'
ac_ct_CC='gcc'
ac_ct_DUMPBIN=''
am__EXEEXT_FALSE=''
am__EXEEXT_TRUE='#'
am__fastdepCC_FALSE='#'
am__fastdepCC_TRUE=''
am__include='include'
am__isrc=''
am__leading_dot='.'
am__nodep='_no'
am__quote=''
am__tar='$${TAR-tar} chof - "$$tardir"'
am__untar='$${TAR-tar} xf -'
bindir='${exec_prefix}/bin'
build='x86_64-pc-linux-gnu'
build_alias=''
build_cpu='x86_64'
build_os='linux-gnu'
build_vendor='pc'
datadir='${datarootdir}'
datarootdir='${prefix}/share'
docdir='${datarootdir}/doc/${PACKAGE_TARNAME}'
dvidir='${docdir}'
exec_prefix='${prefix}'
host='x86_64-pc-linux-gnu'
host_alias=''
host_cpu='x86_64'
host_os='linux-gnu'
host_vendor='pc'
htmldir='${docdir}'
includedir='${prefix}/include'
infodir='${datarootdir}/info'
install_sh='${SHELL} /home/gaston/Downloads/gimp-2.8.16/babl-0.1.58/install-sh'
libdir='${exec_prefix}/lib'
libexecdir='${exec_prefix}/libexec'
localedir='${datarootdir}/locale'
localstatedir='${prefix}/var'
mandir='${datarootdir}/man'
mkdir_p='$(MKDIR_P)'
oldincludedir='/usr/include'
pdfdir='${docdir}'
prefix='/usr/local'
program_transform_name='s,x,x,'
psdir='${docdir}'
runstatedir='${localstatedir}/run'
sbindir='${exec_prefix}/sbin'
sharedstatedir='${prefix}/com'
sysconfdir='${prefix}/etc'
target='x86_64-pc-linux-gnu'
target_alias=''
target_cpu='x86_64'
target_os='linux-gnu'
target_vendor='pc'

## ----------- ##
## confdefs.h. ##
## ----------- ##

/* confdefs.h */
#define PACKAGE_NAME "babl"
#define PACKAGE_TARNAME "babl"
#define PACKAGE_VERSION "0.1.58"
#define PACKAGE_STRING "babl 0.1.58"
#define PACKAGE_BUGREPORT ""
#define PACKAGE_URL ""
#define BABL_UNSTABLE 1
#define STDC_HEADERS 1
#define HAVE_SYS_TYPES_H 1
#define HAVE_SYS_STAT_H 1
#define HAVE_STDLIB_H 1
#define HAVE_STRING_H 1
#define HAVE_MEMORY_H 1
#define HAVE_STRINGS_H 1
#define HAVE_INTTYPES_H 1
#define HAVE_STDINT_H 1
#define HAVE_UNISTD_H 1
#define HAVE_DLFCN_H 1
#define LT_OBJDIR ".libs/"
#define BABL_GNUC_VARIADIC_MACROS 1
#define BABL_ISO_VARIADIC_MACROS 1
#define STDC_HEADERS 1
#define ARCH_X86 1
#define ARCH_X86_64 1
#define SHREXT ".so"
#define HAVE_TLS 1
#define USE_MMX 1
#define USE_SSE 1
#define USE_SSE2 1
#define USE_SSE3 1
#define USE_SSE4_1 1
#define USE_F16C 1
#define HAVE_GETTIMEOFDAY 1
#define HAVE_RINT 1
#define BABL_PATH_SEPARATOR ':'
#define BABL_DIR_SEPARATOR "/"
#define BABL_LIBRARY "babl-0.1"

configure: exit 0
