This file contains any messages produced by compilers while
running configure, to aid debugging if configure makes a mistake.

It was created by babl configure 0.1.24, which was
generated by GNU Autoconf 2.69.  Invocation command line was

  $ ./configure 

## --------- ##
## Platform. ##
## --------- ##

hostname = gaston-Inspiron-11-3162
uname -m = x86_64
uname -r = 4.13.0-36-generic
uname -s = Linux
uname -v = #40~16.04.1-Ubuntu SMP Fri Feb 16 23:25:58 UTC 2018

/usr/bin/uname -p = unknown
/bin/uname -X     = unknown

/bin/arch              = unknown
/usr/bin/arch -k       = unknown
/usr/convex/getsysinfo = unknown
/usr/bin/hostinfo      = unknown
/bin/machine           = unknown
/usr/bin/oslevel       = unknown
/bin/universe          = unknown

PATH: /home/gaston/bin
PATH: /home/gaston/.local/bin
PATH: /usr/local/sbin
PATH: /usr/local/bin
PATH: /usr/sbin
PATH: /usr/bin
PATH: /sbin
PATH: /bin
PATH: /usr/games
PATH: /usr/local/games
PATH: /snap/bin


## ----------- ##
## Core tests. ##
## ----------- ##

configure:2374: checking build system type
configure:2388: result: x86_64-pc-linux-gnu
configure:2408: checking host system type
configure:2421: result: x86_64-pc-linux-gnu
configure:2441: checking target system type
configure:2454: result: x86_64-pc-linux-gnu
configure:2497: checking for a BSD-compatible install
configure:2565: result: /usr/bin/install -c
configure:2576: checking whether build environment is sane
configure:2631: result: yes
configure:2782: checking for a thread-safe mkdir -p
configure:2821: result: /bin/mkdir -p
configure:2828: checking for gawk
configure:2858: result: no
configure:2828: checking for mawk
configure:2844: found /usr/bin/mawk
configure:2855: result: mawk
configure:2866: checking whether make sets $(MAKE)
configure:2888: result: yes
configure:2917: checking whether make supports nested variables
configure:2934: result: yes
configure:3066: checking whether make supports nested variables
configure:3083: result: yes
configure:3169: checking for gcc
configure:3185: found /usr/bin/gcc
configure:3196: result: gcc
configure:3425: checking for C compiler version
configure:3434: gcc --version >&5
gcc (Ubuntu 5.4.0-6ubuntu1~16.04.10) 5.4.0 20160609
Copyright (C) 2015 Free Software Foundation, Inc.
This is free software; see the source for copying conditions.  There is NO
warranty; not even for MERCHANTABILITY or FITNESS FOR A PARTICULAR PURPOSE.

configure:3445: $? = 0
configure:3434: gcc -v >&5
Using built-in specs.
COLLECT_GCC=gcc
COLLECT_LTO_WRAPPER=/usr/lib/gcc/x86_64-linux-gnu/5/lto-wrapper
Target: x86_64-linux-gnu
Configured with: ../src/configure -v --with-pkgversion='Ubuntu 5.4.0-6ubuntu1~16.04.10' --with-bugurl=file:///usr/share/doc/gcc-5/README.Bugs --enable-languages=c,ada,c++,java,go,d,fortran,objc,obj-c++ --prefix=/usr --program-suffix=-5 --enable-shared --enable-linker-build-id --libexecdir=/usr/lib --without-included-gettext --enable-threads=posix --libdir=/usr/lib --enable-nls --with-sysroot=/ --enable-clocale=gnu --enable-libstdcxx-debug --enable-libstdcxx-time=yes --with-default-libstdcxx-abi=new --enable-gnu-unique-object --disable-vtable-verify --enable-libmpx --enable-plugin --with-system-zlib --disable-browser-plugin --enable-java-awt=gtk --enable-gtk-cairo --with-java-home=/usr/lib/jvm/java-1.5.0-gcj-5-amd64/jre --enable-java-home --with-jvm-root-dir=/usr/lib/jvm/java-1.5.0-gcj-5-amd64 --with-jvm-jar-dir=/usr/lib/jvm-exports/java-1.5.0-gcj-5-amd64 --with-arch-directory=amd64 --with-ecj-jar=/usr/share/java/eclipse-ecj.jar --enable-objc-gc --enable-multiarch --disable-werror --with-arch-32=i686 --with-abi=m64 --with-multilib-list=m32,m64,mx32 --enable-multilib --with-tune=generic --enable-checking=release --build=x86_64-linux-gnu --host=x86_64-linux-gnu --target=x86_64-linux-gnu
Thread model: posix
gcc version 5.4.0 20160609 (Ubuntu 5.4.0-6ubuntu1~16.04.10) 
configure:3445: $? = 0
configure:3434: gcc -V >&5
gcc: error: unrecognized command line option '-V'
gcc: fatal error: no input files
compilation terminated.
configure:3445: $? = 1
configure:3434: gcc -qversion >&5
gcc: error: unrecognized command line option '-qversion'
gcc: fatal error: no input files
compilation terminated.
configure:3445: $? = 1
configure:3465: checking whether the C compiler works
configure:3487: gcc    conftest.c  >&5
configure:3491: $? = 0
configure:3539: result: yes
configure:3542: checking for C compiler default output file name
configure:3544: result: a.out
configure:3550: checking for suffix of executables
configure:3557: gcc -o conftest    conftest.c  >&5
configure:3561: $? = 0
configure:3583: result: 
configure:3605: checking whether we are cross compiling
configure:3613: gcc -o conftest    conftest.c  >&5
configure:3617: $? = 0
configure:3624: ./conftest
configure:3628: $? = 0
configure:3643: result: no
configure:3648: checking for suffix of object files
configure:3670: gcc -c   conftest.c >&5
configure:3674: $? = 0
configure:3695: result: o
configure:3699: checking whether we are using the GNU C compiler
configure:3718: gcc -c   conftest.c >&5
configure:3718: $? = 0
configure:3727: result: yes
configure:3736: checking whether gcc accepts -g
configure:3756: gcc -c -g  conftest.c >&5
configure:3756: $? = 0
configure:3797: result: yes
configure:3814: checking for gcc option to accept ISO C89
configure:3877: gcc  -c -g -O2  conftest.c >&5
configure:3877: $? = 0
configure:3890: result: none needed
configure:3915: checking whether gcc understands -c and -o together
configure:3937: gcc -c conftest.c -o conftest2.o
configure:3940: $? = 0
configure:3937: gcc -c conftest.c -o conftest2.o
configure:3940: $? = 0
configure:3952: result: yes
configure:3980: checking for style of include used by make
configure:4008: result: GNU
configure:4034: checking dependency style of gcc
configure:4145: result: gcc3
configure:4160: checking for gcc option to accept ISO C99
configure:4309: gcc  -c -g -O2  conftest.c >&5
configure:4309: $? = 0
configure:4322: result: none needed
configure:4386: checking how to print strings
configure:4413: result: printf
configure:4434: checking for a sed that does not truncate output
configure:4498: result: /bin/sed
configure:4516: checking for grep that handles long lines and -e
configure:4574: result: /bin/grep
configure:4579: checking for egrep
configure:4641: result: /bin/grep -E
configure:4646: checking for fgrep
configure:4708: result: /bin/grep -F
configure:4743: checking for ld used by gcc
configure:4810: result: /usr/bin/ld
configure:4817: checking if the linker (/usr/bin/ld) is GNU ld
configure:4832: result: yes
configure:4844: checking for BSD- or MS-compatible name lister (nm)
configure:4898: result: /usr/bin/nm -B
configure:5028: checking the name lister (/usr/bin/nm -B) interface
configure:5035: gcc -c -g -O2  conftest.c >&5
configure:5038: /usr/bin/nm -B "conftest.o"
configure:5041: output
0000000000000000 B some_variable
configure:5048: result: BSD nm
configure:5051: checking whether ln -s works
configure:5055: result: yes
configure:5063: checking the maximum length of command line arguments
configure:5194: result: 1572864
configure:5242: checking how to convert x86_64-pc-linux-gnu file names to x86_64-pc-linux-gnu format
configure:5282: result: func_convert_file_noop
configure:5289: checking how to convert x86_64-pc-linux-gnu file names to toolchain format
configure:5309: result: func_convert_file_noop
configure:5316: checking for /usr/bin/ld option to reload object files
configure:5323: result: -r
configure:5397: checking for objdump
configure:5413: found /usr/bin/objdump
configure:5424: result: objdump
configure:5453: checking how to recognize dependent libraries
configure:5653: result: pass_all
configure:5738: checking for dlltool
configure:5768: result: no
configure:5795: checking how to associate runtime and link libraries
configure:5822: result: printf %s\n
configure:5883: checking for ar
configure:5899: found /usr/bin/ar
configure:5910: result: ar
configure:5947: checking for archiver @FILE support
configure:5964: gcc -c -g -O2  conftest.c >&5
configure:5964: $? = 0
configure:5967: ar cru libconftest.a @conftest.lst >&5
ar: `u' modifier ignored since `D' is the default (see `U')
configure:5970: $? = 0
configure:5975: ar cru libconftest.a @conftest.lst >&5
ar: `u' modifier ignored since `D' is the default (see `U')
ar: conftest.o: No such file or directory
configure:5978: $? = 1
configure:5990: result: @
configure:6048: checking for strip
configure:6064: found /usr/bin/strip
configure:6075: result: strip
configure:6147: checking for ranlib
configure:6163: found /usr/bin/ranlib
configure:6174: result: ranlib
configure:6276: checking command to parse /usr/bin/nm -B output from gcc object
configure:6429: gcc -c -g -O2  conftest.c >&5
configure:6432: $? = 0
configure:6436: /usr/bin/nm -B conftest.o \| sed -n -e 's/^.*[ ]\([ABCDGIRSTW][ABCDGIRSTW]*\)[ ][ ]*\([_A-Za-z][_A-Za-z0-9]*\)$/\1 \2 \2/p' | sed '/ __gnu_lto/d' \> conftest.nm
configure:6439: $? = 0
configure:6505: gcc -o conftest -g -O2   conftest.c conftstm.o >&5
configure:6508: $? = 0
configure:6546: result: ok
configure:6593: checking for sysroot
configure:6623: result: no
configure:6630: checking for a working dd
configure:6668: result: /bin/dd
configure:6672: checking how to truncate binary pipes
configure:6687: result: /bin/dd bs=4096 count=1
configure:6823: gcc -c -g -O2  conftest.c >&5
configure:6826: $? = 0
configure:7016: checking for mt
configure:7032: found /bin/mt
configure:7043: result: mt
configure:7066: checking if mt is a manifest tool
configure:7072: mt '-?'
configure:7080: result: no
configure:7757: checking how to run the C preprocessor
configure:7788: gcc -E  conftest.c
configure:7788: $? = 0
configure:7802: gcc -E  conftest.c
conftest.c:10:28: fatal error: ac_nonexistent.h: No such file or directory
compilation terminated.
configure:7802: $? = 1
configure: failed program was:
| /* confdefs.h */
| #define PACKAGE_NAME "babl"
| #define PACKAGE_TARNAME "babl"
| #define PACKAGE_VERSION "0.1.24"
| #define PACKAGE_STRING "babl 0.1.24"
| #define PACKAGE_BUGREPORT ""
| #define PACKAGE_URL ""
| #define BABL_UNSTABLE 1
| /* end confdefs.h.  */
| #include <ac_nonexistent.h>
configure:7827: result: gcc -E
configure:7847: gcc -E  conftest.c
configure:7847: $? = 0
configure:7861: gcc -E  conftest.c
conftest.c:10:28: fatal error: ac_nonexistent.h: No such file or directory
compilation terminated.
configure:7861: $? = 1
configure: failed program was:
| /* confdefs.h */
| #define PACKAGE_NAME "babl"
| #define PACKAGE_TARNAME "babl"
| #define PACKAGE_VERSION "0.1.24"
| #define PACKAGE_STRING "babl 0.1.24"
| #define PACKAGE_BUGREPORT ""
| #define PACKAGE_URL ""
| #define BABL_UNSTABLE 1
| /* end confdefs.h.  */
| #include <ac_nonexistent.h>
configure:7890: checking for ANSI C header files
configure:7910: gcc -c -g -O2  conftest.c >&5
configure:7910: $? = 0
configure:7983: gcc -o conftest -g -O2   conftest.c  >&5
configure:7983: $? = 0
configure:7983: ./conftest
configure:7983: $? = 0
configure:7994: result: yes
configure:8007: checking for sys/types.h
configure:8007: gcc -c -g -O2  conftest.c >&5
configure:8007: $? = 0
configure:8007: result: yes
configure:8007: checking for sys/stat.h
configure:8007: gcc -c -g -O2  conftest.c >&5
configure:8007: $? = 0
configure:8007: result: yes
configure:8007: checking for stdlib.h
configure:8007: gcc -c -g -O2  conftest.c >&5
configure:8007: $? = 0
configure:8007: result: yes
configure:8007: checking for string.h
configure:8007: gcc -c -g -O2  conftest.c >&5
configure:8007: $? = 0
configure:8007: result: yes
configure:8007: checking for memory.h
configure:8007: gcc -c -g -O2  conftest.c >&5
configure:8007: $? = 0
configure:8007: result: yes
configure:8007: checking for strings.h
configure:8007: gcc -c -g -O2  conftest.c >&5
configure:8007: $? = 0
configure:8007: result: yes
configure:8007: checking for inttypes.h
configure:8007: gcc -c -g -O2  conftest.c >&5
configure:8007: $? = 0
configure:8007: result: yes
configure:8007: checking for stdint.h
configure:8007: gcc -c -g -O2  conftest.c >&5
configure:8007: $? = 0
configure:8007: result: yes
configure:8007: checking for unistd.h
configure:8007: gcc -c -g -O2  conftest.c >&5
configure:8007: $? = 0
configure:8007: result: yes
configure:8021: checking for dlfcn.h
configure:8021: gcc -c -g -O2  conftest.c >&5
configure:8021: $? = 0
configure:8021: result: yes
configure:8574: checking for objdir
configure:8589: result: .libs
configure:8853: checking if gcc supports -fno-rtti -fno-exceptions
configure:8871: gcc -c -g -O2  -fno-rtti -fno-exceptions conftest.c >&5
cc1: warning: command line option '-fno-rtti' is valid for C++/ObjC++ but not for C
configure:8875: $? = 0
configure:8888: result: no
configure:9246: checking for gcc option to produce PIC
configure:9253: result: -fPIC -DPIC
configure:9261: checking if gcc PIC flag -fPIC -DPIC works
configure:9279: gcc -c -g -O2  -fPIC -DPIC -DPIC conftest.c >&5
configure:9283: $? = 0
configure:9296: result: yes
configure:9325: checking if gcc static flag -static works
configure:9353: result: yes
configure:9368: checking if gcc supports -c -o file.o
configure:9389: gcc -c -g -O2  -o out/conftest2.o conftest.c >&5
configure:9393: $? = 0
configure:9415: result: yes
configure:9423: checking if gcc supports -c -o file.o
configure:9470: result: yes
configure:9503: checking whether the gcc linker (/usr/bin/ld -m elf_x86_64) supports shared libraries
configure:10766: result: yes
configure:10803: checking whether -lc should be explicitly linked in
configure:10811: gcc -c -g -O2  conftest.c >&5
configure:10814: $? = 0
configure:10829: gcc -shared  -fPIC -DPIC conftest.o  -v -Wl,-soname -Wl,conftest -o conftest 2\>\&1 \| /bin/grep  -lc  \>/dev/null 2\>\&1
configure:10832: $? = 0
configure:10846: result: no
configure:11006: checking dynamic linker characteristics
configure:11587: gcc -o conftest -g -O2   -Wl,-rpath -Wl,/foo conftest.c  >&5
configure:11587: $? = 0
configure:11836: result: GNU/Linux ld.so
configure:11958: checking how to hardcode library paths into programs
configure:11983: result: immediate
configure:12531: checking whether stripping libraries is possible
configure:12536: result: yes
configure:12571: checking if libtool supports shared libraries
configure:12573: result: yes
configure:12576: checking whether to build shared libraries
configure:12601: result: yes
configure:12604: checking whether to build static libraries
configure:12608: result: no
configure:12648: checking for GNUC variadic macros
configure:12677: gcc -c -g -O2  conftest.c >&5
configure:12677: $? = 0
configure:12685: result: yes
configure:12693: checking for ISO C99 variadic macros in C
configure:12712: gcc -c -g -O2  conftest.c >&5
configure:12712: $? = 0
configure:12720: result: yes
configure:12738: checking whether to enable maintainer-specific portions of Makefiles
configure:12747: result: yes
configure:12761: checking for ANSI C header files
configure:12865: result: yes
configure:12873: checking whether build environment is sane
configure:12928: result: yes
configure:12959: checking whether gcc understands -Wdeclaration-after-statement
configure:12972: gcc -c -g -O2 -Wall -Wdeclaration-after-statement  conftest.c >&5
configure:12972: $? = 0
configure:12978: result: yes
configure:12995: checking whether gcc understands -Wmissing-prototypes
configure:13008: gcc -c -g -O2 -Wall -Wdeclaration-after-statement -Wmissing-prototypes  conftest.c >&5
configure:13008: $? = 0
configure:13014: result: yes
configure:13031: checking whether gcc understands -Wmissing-declarations
configure:13044: gcc -c -g -O2 -Wall -Wdeclaration-after-statement -Wmissing-prototypes -Wmissing-declarations  conftest.c >&5
configure:13044: $? = 0
configure:13050: result: yes
configure:13067: checking whether gcc understands -Winit-self
configure:13080: gcc -c -g -O2 -Wall -Wdeclaration-after-statement -Wmissing-prototypes -Wmissing-declarations -Winit-self  conftest.c >&5
configure:13080: $? = 0
configure:13086: result: yes
configure:13103: checking whether gcc understands -Wpointer-arith
configure:13116: gcc -c -g -O2 -Wall -Wdeclaration-after-statement -Wmissing-prototypes -Wmissing-declarations -Winit-self -Wpointer-arith  conftest.c >&5
configure:13116: $? = 0
configure:13122: result: yes
configure:13139: checking whether gcc understands -Wold-style-definition
configure:13152: gcc -c -g -O2 -Wall -Wdeclaration-after-statement -Wmissing-prototypes -Wmissing-declarations -Winit-self -Wpointer-arith -Wold-style-definition  conftest.c >&5
conftest.c: In function 'main':
conftest.c:27:1: warning: old-style function definition [-Wold-style-definition]
 main ()
 ^
configure:13152: $? = 0
configure:13158: result: yes
configure:13173: checking for rsvg-convert
configure:13204: result: no
configure:13223: checking for w3m
configure:13254: result: no
configure:13292: checking for target architecture
configure:13300: result: x86_64-pc-linux-gnu
configure:13343: checking the extension for shared libraries
configure:13364: result: .so
configure:13372: checking for some Win32 platform
configure:13382: result: no
configure:13395: checking for native Win32
configure:13411: result: no
configure:13443: checking for __thread
configure:13456: gcc -o conftest -g -O2 -Wall -Wdeclaration-after-statement -Wmissing-prototypes -Wmissing-declarations -Winit-self -Wpointer-arith -Wold-style-definition   conftest.c  >&5
conftest.c: In function 'main':
conftest.c:30:1: warning: old-style function definition [-Wold-style-definition]
 main ()
 ^
conftest.c:32:22: warning: unused variable 'buf1024' [-Wunused-variable]
 static __thread char buf1024;
                      ^
configure:13456: $? = 0
configure:13460: result: yes
configure:13523: checking whether gcc understands -mmmx
configure:13536: gcc -c -g -O2 -Wall -Wdeclaration-after-statement -Wmissing-prototypes -Wmissing-declarations -Winit-self -Wpointer-arith -Wold-style-definition -mmmx  conftest.c >&5
conftest.c: In function 'main':
conftest.c:31:1: warning: old-style function definition [-Wold-style-definition]
 main ()
 ^
configure:13536: $? = 0
configure:13542: result: yes
configure:13555: checking whether we can compile MMX code
configure:13572: gcc -c -g -O2 -Wall -Wdeclaration-after-statement -Wmissing-prototypes -Wmissing-declarations -Winit-self -Wpointer-arith -Wold-style-definition -mmmx  conftest.c >&5
conftest.c: In function 'main':
conftest.c:31:1: warning: old-style function definition [-Wold-style-definition]
 main ()
 ^
configure:13572: $? = 0
configure:13576: result: yes
configure:13586: checking whether gcc understands -mfpmath=sse
configure:13599: gcc -c -g -O2 -Wall -Wdeclaration-after-statement -Wmissing-prototypes -Wmissing-declarations -Winit-self -Wpointer-arith -Wold-style-definition -mmmx -mfpmath=sse  conftest.c >&5
conftest.c: In function 'main':
conftest.c:32:1: warning: old-style function definition [-Wold-style-definition]
 main ()
 ^
configure:13599: $? = 0
configure:13605: result: yes
configure:13658: checking whether gcc understands -msse
configure:13671: gcc -c -g -O2 -Wall -Wdeclaration-after-statement -Wmissing-prototypes -Wmissing-declarations -Winit-self -Wpointer-arith -Wold-style-definition -mmmx -msse  conftest.c >&5
conftest.c: In function 'main':
conftest.c:32:1: warning: old-style function definition [-Wold-style-definition]
 main ()
 ^
configure:13671: $? = 0
configure:13677: result: yes
configure:13688: checking whether we can compile SSE code
configure:13704: gcc -c -g -O2 -Wall -Wdeclaration-after-statement -Wmissing-prototypes -Wmissing-declarations -Winit-self -Wpointer-arith -Wold-style-definition -mmmx -msse  conftest.c >&5
conftest.c: In function 'main':
conftest.c:32:1: warning: old-style function definition [-Wold-style-definition]
 main ()
 ^
configure:13704: $? = 0
configure:13708: result: yes
configure:13728: checking whether gcc understands -msse2
configure:13741: gcc -c -g -O2 -Wall -Wdeclaration-after-statement -Wmissing-prototypes -Wmissing-declarations -Winit-self -Wpointer-arith -Wold-style-definition -mmmx -msse -msse2  conftest.c >&5
conftest.c: In function 'main':
conftest.c:33:1: warning: old-style function definition [-Wold-style-definition]
 main ()
 ^
configure:13741: $? = 0
configure:13747: result: yes
configure:13758: checking whether we can compile SSE2 code
configure:13774: gcc -c -g -O2 -Wall -Wdeclaration-after-statement -Wmissing-prototypes -Wmissing-declarations -Winit-self -Wpointer-arith -Wold-style-definition -mmmx -msse -msse2  conftest.c >&5
conftest.c: In function 'main':
conftest.c:33:1: warning: old-style function definition [-Wold-style-definition]
 main ()
 ^
configure:13774: $? = 0
configure:13778: result: yes
configure:13798: checking whether gcc understands -msse4.1
configure:13811: gcc -c -g -O2 -Wall -Wdeclaration-after-statement -Wmissing-prototypes -Wmissing-declarations -Winit-self -Wpointer-arith -Wold-style-definition -mmmx -msse -msse2 -msse4.1  conftest.c >&5
conftest.c: In function 'main':
conftest.c:34:1: warning: old-style function definition [-Wold-style-definition]
 main ()
 ^
configure:13811: $? = 0
configure:13817: result: yes
configure:13828: checking whether we can compile SSE4_1 code
configure:13844: gcc -c -g -O2 -Wall -Wdeclaration-after-statement -Wmissing-prototypes -Wmissing-declarations -Winit-self -Wpointer-arith -Wold-style-definition -mmmx -msse -msse2 -msse4.1  conftest.c >&5
conftest.c: In function 'main':
conftest.c:34:1: warning: old-style function definition [-Wold-style-definition]
 main ()
 ^
configure:13844: $? = 0
configure:13848: result: yes
configure:13872: checking whether gcc understands -mf16c
configure:13885: gcc -c -g -O2 -Wall -Wdeclaration-after-statement -Wmissing-prototypes -Wmissing-declarations -Winit-self -Wpointer-arith -Wold-style-definition -mf16c  conftest.c >&5
conftest.c: In function 'main':
conftest.c:35:1: warning: old-style function definition [-Wold-style-definition]
 main ()
 ^
configure:13885: $? = 0
configure:13891: result: yes
configure:13902: checking whether we can compile half-floating point code
configure:13918: gcc -c -g -O2 -Wall -Wdeclaration-after-statement -Wmissing-prototypes -Wmissing-declarations -Winit-self -Wpointer-arith -Wold-style-definition -msse -mf16c  conftest.c >&5
conftest.c: In function 'main':
conftest.c:35:1: warning: old-style function definition [-Wold-style-definition]
 main ()
 ^
conftest.c:37:64: warning: unused variable 'val2' [-Wunused-variable]
 __m128 val = _mm_cvtph_ps ((__m128i)_mm_setzero_ps()); __m128i val2 = _mm_insert_epi64((__m128i)_mm_setzero_ps(), 0, 0);
                                                                ^
conftest.c:37:8: warning: unused variable 'val' [-Wunused-variable]
 __m128 val = _mm_cvtph_ps ((__m128i)_mm_setzero_ps()); __m128i val2 = _mm_insert_epi64((__m128i)_mm_setzero_ps(), 0, 0);
        ^
configure:13918: $? = 0
configure:13922: result: yes
configure:14091: checking for srandom
configure:14091: gcc -o conftest -g -O2 -Wall -Wdeclaration-after-statement -Wmissing-prototypes -Wmissing-declarations -Winit-self -Wpointer-arith -Wold-style-definition   conftest.c  >&5
conftest.c: In function 'main':
conftest.c:66:1: warning: old-style function definition [-Wold-style-definition]
 main ()
 ^
configure:14091: $? = 0
configure:14091: result: yes
configure:14108: checking dl.h usability
configure:14108: gcc -c -g -O2 -Wall -Wdeclaration-after-statement -Wmissing-prototypes -Wmissing-declarations -Winit-self -Wpointer-arith -Wold-style-definition  conftest.c >&5
conftest.c:67:16: fatal error: dl.h: No such file or directory
compilation terminated.
configure:14108: $? = 1
configure: failed program was:
| /* confdefs.h */
| #define PACKAGE_NAME "babl"
| #define PACKAGE_TARNAME "babl"
| #define PACKAGE_VERSION "0.1.24"
| #define PACKAGE_STRING "babl 0.1.24"
| #define PACKAGE_BUGREPORT ""
| #define PACKAGE_URL ""
| #define BABL_UNSTABLE 1
| #define STDC_HEADERS 1
| #define HAVE_SYS_TYPES_H 1
| #define HAVE_SYS_STAT_H 1
| #define HAVE_STDLIB_H 1
| #define HAVE_STRING_H 1
| #define HAVE_MEMORY_H 1
| #define HAVE_STRINGS_H 1
| #define HAVE_INTTYPES_H 1
| #define HAVE_STDINT_H 1
| #define HAVE_UNISTD_H 1
| #define HAVE_DLFCN_H 1
| #define LT_OBJDIR ".libs/"
| #define BABL_GNUC_VARIADIC_MACROS 1
| #define BABL_ISO_VARIADIC_MACROS 1
| #define STDC_HEADERS 1
| #define ARCH_X86 1
| #define ARCH_X86_64 1
| #define SHREXT ".so"
| #define HAVE_TLS 1
| #define USE_MMX 1
| #define USE_SSE 1
| #define USE_SSE2 1
| #define USE_SSE4_1 1
| #define USE_F16C 1
| /* end confdefs.h.  */
| #include <stdio.h>
| #ifdef HAVE_SYS_TYPES_H
| # include <sys/types.h>
| #endif
| #ifdef HAVE_SYS_STAT_H
| # include <sys/stat.h>
| #endif
| #ifdef STDC_HEADERS
| # include <stdlib.h>
| # include <stddef.h>
| #else
| # ifdef HAVE_STDLIB_H
| #  include <stdlib.h>
| # endif
| #endif
| #ifdef HAVE_STRING_H
| # if !defined STDC_HEADERS && defined HAVE_MEMORY_H
| #  include <memory.h>
| # endif
| # include <string.h>
| #endif
| #ifdef HAVE_STRINGS_H
| # include <strings.h>
| #endif
| #ifdef HAVE_INTTYPES_H
| # include <inttypes.h>
| #endif
| #ifdef HAVE_STDINT_H
| # include <stdint.h>
| #endif
| #ifdef HAVE_UNISTD_H
| # include <unistd.h>
| #endif
| #include <dl.h>
configure:14108: result: no
configure:14108: checking dl.h presence
configure:14108: gcc -E  conftest.c
conftest.c:34:16: fatal error: dl.h: No such file or directory
compilation terminated.
configure:14108: $? = 1
configure: failed program was:
| /* confdefs.h */
| #define PACKAGE_NAME "babl"
| #define PACKAGE_TARNAME "babl"
| #define PACKAGE_VERSION "0.1.24"
| #define PACKAGE_STRING "babl 0.1.24"
| #define PACKAGE_BUGREPORT ""
| #define PACKAGE_URL ""
| #define BABL_UNSTABLE 1
| #define STDC_HEADERS 1
| #define HAVE_SYS_TYPES_H 1
| #define HAVE_SYS_STAT_H 1
| #define HAVE_STDLIB_H 1
| #define HAVE_STRING_H 1
| #define HAVE_MEMORY_H 1
| #define HAVE_STRINGS_H 1
| #define HAVE_INTTYPES_H 1
| #define HAVE_STDINT_H 1
| #define HAVE_UNISTD_H 1
| #define HAVE_DLFCN_H 1
| #define LT_OBJDIR ".libs/"
| #define BABL_GNUC_VARIADIC_MACROS 1
| #define BABL_ISO_VARIADIC_MACROS 1
| #define STDC_HEADERS 1
| #define ARCH_X86 1
| #define ARCH_X86_64 1
| #define SHREXT ".so"
| #define HAVE_TLS 1
| #define USE_MMX 1
| #define USE_SSE 1
| #define USE_SSE2 1
| #define USE_SSE4_1 1
| #define USE_F16C 1
| /* end confdefs.h.  */
| #include <dl.h>
configure:14108: result: no
configure:14108: checking for dl.h
configure:14108: result: no
configure:14119: checking for library containing dlopen
configure:14150: gcc -o conftest -g -O2 -Wall -Wdeclaration-after-statement -Wmissing-prototypes -Wmissing-declarations -Winit-self -Wpointer-arith -Wold-style-definition   conftest.c  >&5
conftest.c: In function 'main':
conftest.c:43:1: warning: old-style function definition [-Wold-style-definition]
 main ()
 ^
/tmp/ccFJpf9n.o: In function `main':
/home/gaston/Downloads/gimp-2.8.16/babl-0.1.24/conftest.c:45: undefined reference to `dlopen'
collect2: error: ld returned 1 exit status
configure:14150: $? = 1
configure: failed program was:
| /* confdefs.h */
| #define PACKAGE_NAME "babl"
| #define PACKAGE_TARNAME "babl"
| #define PACKAGE_VERSION "0.1.24"
| #define PACKAGE_STRING "babl 0.1.24"
| #define PACKAGE_BUGREPORT ""
| #define PACKAGE_URL ""
| #define BABL_UNSTABLE 1
| #define STDC_HEADERS 1
| #define HAVE_SYS_TYPES_H 1
| #define HAVE_SYS_STAT_H 1
| #define HAVE_STDLIB_H 1
| #define HAVE_STRING_H 1
| #define HAVE_MEMORY_H 1
| #define HAVE_STRINGS_H 1
| #define HAVE_INTTYPES_H 1
| #define HAVE_STDINT_H 1
| #define HAVE_UNISTD_H 1
| #define HAVE_DLFCN_H 1
| #define LT_OBJDIR ".libs/"
| #define BABL_GNUC_VARIADIC_MACROS 1
| #define BABL_ISO_VARIADIC_MACROS 1
| #define STDC_HEADERS 1
| #define ARCH_X86 1
| #define ARCH_X86_64 1
| #define SHREXT ".so"
| #define HAVE_TLS 1
| #define USE_MMX 1
| #define USE_SSE 1
| #define USE_SSE2 1
| #define USE_SSE4_1 1
| #define USE_F16C 1
| /* end confdefs.h.  */
| 
| /* Override any GCC internal prototype to avoid an error.
|    Use char because int might match the return type of a GCC
|    builtin and then its argument prototype would still apply.  */
| #ifdef __cplusplus
| extern "C"
| #endif
| char dlopen ();
| int
| main ()
| {
| return dlopen ();
|   ;
|   return 0;
| }
configure:14150: gcc -o conftest -g -O2 -Wall -Wdeclaration-after-statement -Wmissing-prototypes -Wmissing-declarations -Winit-self -Wpointer-arith -Wold-style-definition   conftest.c -ldl   >&5
conftest.c: In function 'main':
conftest.c:43:1: warning: old-style function definition [-Wold-style-definition]
 main ()
 ^
configure:14150: $? = 0
configure:14167: result: -ldl
configure:14175: checking for library containing rint
configure:14206: gcc -o conftest -g -O2 -Wall -Wdeclaration-after-statement -Wmissing-prototypes -Wmissing-declarations -Winit-self -Wpointer-arith -Wold-style-definition   conftest.c -ldl  >&5
conftest.c:41:6: warning: conflicting types for built-in function 'rint'
 char rint ();
      ^
conftest.c: In function 'main':
conftest.c:43:1: warning: old-style function definition [-Wold-style-definition]
 main ()
 ^
/tmp/ccdw89nO.o: In function `main':
/home/gaston/Downloads/gimp-2.8.16/babl-0.1.24/conftest.c:45: undefined reference to `rint'
collect2: error: ld returned 1 exit status
configure:14206: $? = 1
configure: failed program was:
| /* confdefs.h */
| #define PACKAGE_NAME "babl"
| #define PACKAGE_TARNAME "babl"
| #define PACKAGE_VERSION "0.1.24"
| #define PACKAGE_STRING "babl 0.1.24"
| #define PACKAGE_BUGREPORT ""
| #define PACKAGE_URL ""
| #define BABL_UNSTABLE 1
| #define STDC_HEADERS 1
| #define HAVE_SYS_TYPES_H 1
| #define HAVE_SYS_STAT_H 1
| #define HAVE_STDLIB_H 1
| #define HAVE_STRING_H 1
| #define HAVE_MEMORY_H 1
| #define HAVE_STRINGS_H 1
| #define HAVE_INTTYPES_H 1
| #define HAVE_STDINT_H 1
| #define HAVE_UNISTD_H 1
| #define HAVE_DLFCN_H 1
| #define LT_OBJDIR ".libs/"
| #define BABL_GNUC_VARIADIC_MACROS 1
| #define BABL_ISO_VARIADIC_MACROS 1
| #define STDC_HEADERS 1
| #define ARCH_X86 1
| #define ARCH_X86_64 1
| #define SHREXT ".so"
| #define HAVE_TLS 1
| #define USE_MMX 1
| #define USE_SSE 1
| #define USE_SSE2 1
| #define USE_SSE4_1 1
| #define USE_F16C 1
| /* end confdefs.h.  */
| 
| /* Override any GCC internal prototype to avoid an error.
|    Use char because int might match the return type of a GCC
|    builtin and then its argument prototype would still apply.  */
| #ifdef __cplusplus
| extern "C"
| #endif
| char rint ();
| int
| main ()
| {
| return rint ();
|   ;
|   return 0;
| }
configure:14206: gcc -o conftest -g -O2 -Wall -Wdeclaration-after-statement -Wmissing-prototypes -Wmissing-declarations -Winit-self -Wpointer-arith -Wold-style-definition   conftest.c -lm  -ldl  >&5
conftest.c:41:6: warning: conflicting types for built-in function 'rint'
 char rint ();
      ^
conftest.c: In function 'main':
conftest.c:43:1: warning: old-style function definition [-Wold-style-definition]
 main ()
 ^
configure:14206: $? = 0
configure:14223: result: -lm
configure:14232: checking for gettimeofday
configure:14232: gcc -o conftest -g -O2 -Wall -Wdeclaration-after-statement -Wmissing-prototypes -Wmissing-declarations -Winit-self -Wpointer-arith -Wold-style-definition   conftest.c -lm -ldl  >&5
conftest.c: In function 'main':
conftest.c:66:1: warning: old-style function definition [-Wold-style-definition]
 main ()
 ^
configure:14232: $? = 0
configure:14232: result: yes
configure:14248: checking for rint
configure:14248: gcc -o conftest -g -O2 -Wall -Wdeclaration-after-statement -Wmissing-prototypes -Wmissing-declarations -Winit-self -Wpointer-arith -Wold-style-definition   conftest.c -lm -ldl  >&5
conftest.c:58:6: warning: conflicting types for built-in function 'rint'
 char rint ();
      ^
conftest.c: In function 'main':
conftest.c:67:1: warning: old-style function definition [-Wold-style-definition]
 main ()
 ^
configure:14248: $? = 0
configure:14248: result: yes
configure:14396: checking that generated files are newer than configure
configure:14402: result: done
configure:14424: checking that generated files are newer than configure
configure:14430: result: done
configure:14465: creating ./config.status

## ---------------------- ##
## Running config.status. ##
## ---------------------- ##

This file was extended by babl config.status 0.1.24, which was
generated by GNU Autoconf 2.69.  Invocation command line was

  CONFIG_FILES    = 
  CONFIG_HEADERS  = 
  CONFIG_LINKS    = 
  CONFIG_COMMANDS = 
  $ ./config.status 

on gaston-Inspiron-11-3162

config.status:1163: creating Makefile
config.status:1163: creating babl.pc
config.status:1163: creating babl/Makefile
config.status:1163: creating babl/babl-version.h
config.status:1163: creating babl/base/Makefile
config.status:1163: creating docs/Makefile
config.status:1163: creating docs/index-static.html
config.status:1163: creating docs/graphics/Makefile
config.status:1163: creating tests/Makefile
config.status:1163: creating tools/Makefile
config.status:1163: creating extensions/Makefile
config.status:1163: creating INSTALL
config.status:1163: creating config.h
config.status:1344: config.h is unchanged
config.status:1392: executing depfiles commands
config.status:1392: executing libtool commands

## ---------------- ##
## Cache variables. ##
## ---------------- ##

ac_cv_build=x86_64-pc-linux-gnu
ac_cv_c_compiler_gnu=yes
ac_cv_env_CC_set=
ac_cv_env_CC_value=
ac_cv_env_CFLAGS_set=
ac_cv_env_CFLAGS_value=
ac_cv_env_CPPFLAGS_set=
ac_cv_env_CPPFLAGS_value=
ac_cv_env_CPP_set=
ac_cv_env_CPP_value=
ac_cv_env_LDFLAGS_set=
ac_cv_env_LDFLAGS_value=
ac_cv_env_LIBS_set=
ac_cv_env_LIBS_value=
ac_cv_env_LT_SYS_LIBRARY_PATH_set=
ac_cv_env_LT_SYS_LIBRARY_PATH_value=
ac_cv_env_build_alias_set=
ac_cv_env_build_alias_value=
ac_cv_env_host_alias_set=
ac_cv_env_host_alias_value=
ac_cv_env_target_alias_set=
ac_cv_env_target_alias_value=
ac_cv_func_gettimeofday=yes
ac_cv_func_rint=yes
ac_cv_func_srandom=yes
ac_cv_header_dl_h=no
ac_cv_header_dlfcn_h=yes
ac_cv_header_inttypes_h=yes
ac_cv_header_memory_h=yes
ac_cv_header_stdc=yes
ac_cv_header_stdint_h=yes
ac_cv_header_stdlib_h=yes
ac_cv_header_string_h=yes
ac_cv_header_strings_h=yes
ac_cv_header_sys_stat_h=yes
ac_cv_header_sys_types_h=yes
ac_cv_header_unistd_h=yes
ac_cv_host=x86_64-pc-linux-gnu
ac_cv_objext=o
ac_cv_path_EGREP='/bin/grep -E'
ac_cv_path_FGREP='/bin/grep -F'
ac_cv_path_GREP=/bin/grep
ac_cv_path_RSVG=no
ac_cv_path_SED=/bin/sed
ac_cv_path_W3M=no
ac_cv_path_install='/usr/bin/install -c'
ac_cv_path_lt_DD=/bin/dd
ac_cv_path_mkdir=/bin/mkdir
ac_cv_prog_AWK=mawk
ac_cv_prog_CPP='gcc -E'
ac_cv_prog_ac_ct_AR=ar
ac_cv_prog_ac_ct_CC=gcc
ac_cv_prog_ac_ct_MANIFEST_TOOL=mt
ac_cv_prog_ac_ct_OBJDUMP=objdump
ac_cv_prog_ac_ct_RANLIB=ranlib
ac_cv_prog_ac_ct_STRIP=strip
ac_cv_prog_cc_c89=
ac_cv_prog_cc_c99=
ac_cv_prog_cc_g=yes
ac_cv_prog_make_make_set=yes
ac_cv_search_dlopen=-ldl
ac_cv_search_rint=-lm
ac_cv_target=x86_64-pc-linux-gnu
am_cv_CC_dependencies_compiler_type=gcc3
am_cv_make_support_nested_variables=yes
am_cv_prog_cc_c_o=yes
babl_cv_prog_c_variadic_macros=yes
babl_cv_prog_cxx_variadic_macros=no
babl_cv_prog_gnuc_variadic_macros=yes
lt_cv_ar_at_file=@
lt_cv_archive_cmds_need_lc=no
lt_cv_deplibs_check_method=pass_all
lt_cv_file_magic_cmd='$MAGIC_CMD'
lt_cv_file_magic_test_file=
lt_cv_ld_reload_flag=-r
lt_cv_nm_interface='BSD nm'
lt_cv_objdir=.libs
lt_cv_path_LD=/usr/bin/ld
lt_cv_path_NM='/usr/bin/nm -B'
lt_cv_path_mainfest_tool=no
lt_cv_prog_compiler_c_o=yes
lt_cv_prog_compiler_pic='-fPIC -DPIC'
lt_cv_prog_compiler_pic_works=yes
lt_cv_prog_compiler_rtti_exceptions=no
lt_cv_prog_compiler_static_works=yes
lt_cv_prog_gnu_ld=yes
lt_cv_sharedlib_from_linklib_cmd='printf %s\n'
lt_cv_shlibpath_overrides_runpath=no
lt_cv_sys_global_symbol_pipe='sed -n -e '\''s/^.*[	 ]\([ABCDGIRSTW][ABCDGIRSTW]*\)[	 ][	 ]*\([_A-Za-z][_A-Za-z0-9]*\)$/\1 \2 \2/p'\'' | sed '\''/ __gnu_lto/d'\'''
lt_cv_sys_global_symbol_to_c_name_address='sed -n -e '\''s/^: \(.*\) .*$/  {"\1", (void *) 0},/p'\'' -e '\''s/^[ABCDGIRSTW][ABCDGIRSTW]* .* \(.*\)$/  {"\1", (void *) \&\1},/p'\'''
lt_cv_sys_global_symbol_to_c_name_address_lib_prefix='sed -n -e '\''s/^: \(.*\) .*$/  {"\1", (void *) 0},/p'\'' -e '\''s/^[ABCDGIRSTW][ABCDGIRSTW]* .* \(lib.*\)$/  {"\1", (void *) \&\1},/p'\'' -e '\''s/^[ABCDGIRSTW][ABCDGIRSTW]* .* \(.*\)$/  {"lib\1", (void *) \&\1},/p'\'''
lt_cv_sys_global_symbol_to_cdecl='sed -n -e '\''s/^T .* \(.*\)$/extern int \1();/p'\'' -e '\''s/^[ABCDGIRSTW][ABCDGIRSTW]* .* \(.*\)$/extern char \1;/p'\'''
lt_cv_sys_global_symbol_to_import=
lt_cv_sys_max_cmd_len=1572864
lt_cv_to_host_file_cmd=func_convert_file_noop
lt_cv_to_tool_file_cmd=func_convert_file_noop
lt_cv_truncate_bin='/bin/dd bs=4096 count=1'

## ----------------- ##
## Output variables. ##
## ----------------- ##

ACLOCAL='${SHELL} /home/gaston/Downloads/gimp-2.8.16/babl-0.1.24/missing aclocal-1.15'
ALTIVEC_EXTRA_CFLAGS=''
AMDEPBACKSLASH='\'
AMDEP_FALSE='#'
AMDEP_TRUE=''
AMTAR='$${TAR-tar}'
AM_BACKSLASH='\'
AM_DEFAULT_V='$(AM_DEFAULT_VERBOSITY)'
AM_DEFAULT_VERBOSITY='0'
AM_V='$(V)'
AR='ar'
AS='as'
AUTOCONF='${SHELL} /home/gaston/Downloads/gimp-2.8.16/babl-0.1.24/missing autoconf'
AUTOHEADER='${SHELL} /home/gaston/Downloads/gimp-2.8.16/babl-0.1.24/missing autoheader'
AUTOMAKE='${SHELL} /home/gaston/Downloads/gimp-2.8.16/babl-0.1.24/missing automake-1.15'
AWK='mawk'
BABL_API_VERSION='0.1'
BABL_BINARY_AGE='124'
BABL_CURRENT_MINUS_AGE='0'
BABL_INTERFACE_AGE='1'
BABL_LIBRARY_VERSION='123:1:123'
BABL_MAJOR_VERSION='0'
BABL_MICRO_VERSION='24'
BABL_MINOR_VERSION='1'
BABL_REAL_VERSION='0.1.24'
BABL_RELEASE='0.1'
BABL_UNSTABLE='yes'
BABL_UNSTABLE_FALSE='#'
BABL_UNSTABLE_TRUE=''
BABL_VERSION='0.1.24'
CC='gcc'
CCDEPMODE='depmode=gcc3'
CFLAGS='-g -O2 -Wall -Wdeclaration-after-statement -Wmissing-prototypes -Wmissing-declarations -Winit-self -Wpointer-arith -Wold-style-definition'
CPP='gcc -E'
CPPFLAGS=''
CYGPATH_W='echo'
DEFS='-DHAVE_CONFIG_H'
DEPDIR='.deps'
DIR_SEP='/'
DLLTOOL='false'
DSYMUTIL=''
DUMPBIN=''
ECHO_C=''
ECHO_N='-n'
ECHO_T=''
EGREP='/bin/grep -E'
ENABLE_DOCS_FALSE='#'
ENABLE_DOCS_TRUE=''
EXEEXT=''
F16C_EXTRA_CFLAGS='-mmmx  -mfpmath=sse -msse -mf16c'
FGREP='/bin/grep -F'
GREP='/bin/grep'
HAVE_RSVG_FALSE=''
HAVE_RSVG_TRUE='#'
HAVE_SRANDOM_FALSE='#'
HAVE_SRANDOM_TRUE=''
HAVE_W3M_FALSE=''
HAVE_W3M_TRUE='#'
INSTALL_DATA='${INSTALL} -m 644'
INSTALL_PROGRAM='${INSTALL}'
INSTALL_SCRIPT='${INSTALL}'
INSTALL_STRIP_PROGRAM='$(install_sh) -c -s'
LD='/usr/bin/ld -m elf_x86_64'
LDFLAGS=''
LIBOBJS=''
LIBS='-lm -ldl '
LIBTOOL='$(SHELL) $(top_builddir)/libtool'
LIPO=''
LN_S='ln -s'
LTLIBOBJS=''
LT_SYS_LIBRARY_PATH=''
MAINT=''
MAINTAINER_MODE_FALSE='#'
MAINTAINER_MODE_TRUE=''
MAKEINFO='${SHELL} /home/gaston/Downloads/gimp-2.8.16/babl-0.1.24/missing makeinfo'
MANIFEST_TOOL=':'
MATH_LIB='-lm'
MKDIR_P='/bin/mkdir -p'
MMX_EXTRA_CFLAGS='-mmmx'
NM='/usr/bin/nm -B'
NMEDIT=''
OBJDUMP='objdump'
OBJEXT='o'
OS_UNIX_FALSE='#'
OS_UNIX_TRUE=''
OS_WIN32_FALSE=''
OS_WIN32_TRUE='#'
OTOOL64=''
OTOOL=''
PACKAGE='babl'
PACKAGE_BUGREPORT=''
PACKAGE_NAME='babl'
PACKAGE_STRING='babl 0.1.24'
PACKAGE_TARNAME='babl'
PACKAGE_URL=''
PACKAGE_VERSION='0.1.24'
PATH_SEP=':'
PATH_SEPARATOR=':'
PLATFORM_WIN32_FALSE=''
PLATFORM_WIN32_TRUE='#'
RANLIB='ranlib'
RSVG='no'
SED='/bin/sed'
SET_MAKE=''
SHELL='/bin/bash'
SHREXT='.so'
SSE2_EXTRA_CFLAGS='-mmmx  -mfpmath=sse -msse -msse2'
SSE4_1_EXTRA_CFLAGS='-mmmx  -mfpmath=sse -msse -msse4.1'
SSE_EXTRA_CFLAGS='-mmmx  -mfpmath=sse -msse'
STRIP='strip'
THREAD_LIB='-lpthread'
VERSION='0.1.24'
W3M='no'
WEBSITE_HOST='pippin.gimp.org'
WEBSITE_LOCATION='public_html/babl/'
ac_ct_AR='ar'
ac_ct_CC='gcc'
ac_ct_DUMPBIN=''
am__EXEEXT_FALSE=''
am__EXEEXT_TRUE='#'
am__fastdepCC_FALSE='#'
am__fastdepCC_TRUE=''
am__include='include'
am__isrc=''
am__leading_dot='.'
am__nodep='_no'
am__quote=''
am__tar='$${TAR-tar} chof - "$$tardir"'
am__untar='$${TAR-tar} xf -'
bindir='${exec_prefix}/bin'
build='x86_64-pc-linux-gnu'
build_alias=''
build_cpu='x86_64'
build_os='linux-gnu'
build_vendor='pc'
datadir='${datarootdir}'
datarootdir='${prefix}/share'
docdir='${datarootdir}/doc/${PACKAGE_TARNAME}'
dvidir='${docdir}'
exec_prefix='${prefix}'
host='x86_64-pc-linux-gnu'
host_alias=''
host_cpu='x86_64'
host_os='linux-gnu'
host_vendor='pc'
htmldir='${docdir}'
includedir='${prefix}/include'
infodir='${datarootdir}/info'
install_sh='${SHELL} /home/gaston/Downloads/gimp-2.8.16/babl-0.1.24/install-sh'
libdir='${exec_prefix}/lib'
libexecdir='${exec_prefix}/libexec'
localedir='${datarootdir}/locale'
localstatedir='${prefix}/var'
mandir='${datarootdir}/man'
mkdir_p='$(MKDIR_P)'
oldincludedir='/usr/include'
pdfdir='${docdir}'
prefix='/usr/local'
program_transform_name='s,x,x,'
psdir='${docdir}'
runstatedir='${localstatedir}/run'
sbindir='${exec_prefix}/sbin'
sharedstatedir='${prefix}/com'
sysconfdir='${prefix}/etc'
target='x86_64-pc-linux-gnu'
target_alias=''
target_cpu='x86_64'
target_os='linux-gnu'
target_vendor='pc'

## ----------- ##
## confdefs.h. ##
## ----------- ##

/* confdefs.h */
#define PACKAGE_NAME "babl"
#define PACKAGE_TARNAME "babl"
#define PACKAGE_VERSION "0.1.24"
#define PACKAGE_STRING "babl 0.1.24"
#define PACKAGE_BUGREPORT ""
#define PACKAGE_URL ""
#define BABL_UNSTABLE 1
#define STDC_HEADERS 1
#define HAVE_SYS_TYPES_H 1
#define HAVE_SYS_STAT_H 1
#define HAVE_STDLIB_H 1
#define HAVE_STRING_H 1
#define HAVE_MEMORY_H 1
#define HAVE_STRINGS_H 1
#define HAVE_INTTYPES_H 1
#define HAVE_STDINT_H 1
#define HAVE_UNISTD_H 1
#define HAVE_DLFCN_H 1
#define LT_OBJDIR ".libs/"
#define BABL_GNUC_VARIADIC_MACROS 1
#define BABL_ISO_VARIADIC_MACROS 1
#define STDC_HEADERS 1
#define ARCH_X86 1
#define ARCH_X86_64 1
#define SHREXT ".so"
#define HAVE_TLS 1
#define USE_MMX 1
#define USE_SSE 1
#define USE_SSE2 1
#define USE_SSE4_1 1
#define USE_F16C 1
#define HAVE_GETTIMEOFDAY 1
#define HAVE_RINT 1
#define BABL_PATH_SEPARATOR ':'
#define BABL_DIR_SEPARATOR "/"
#define BABL_LIBRARY "babl-0.1"

configure: exit 0
