This file contains any messages produced by compilers while
running configure, to aid debugging if configure makes a mistake.

It was created by babl configure 0.1.42, which was
generated by GNU Autoconf 2.69.  Invocation command line was

  $ ./configure 

## --------- ##
## Platform. ##
## --------- ##

hostname = gaston-Inspiron-11-3162
uname -m = x86_64
uname -r = 4.13.0-36-generic
uname -s = Linux
uname -v = #40~16.04.1-Ubuntu SMP Fri Feb 16 23:25:58 UTC 2018

/usr/bin/uname -p = unknown
/bin/uname -X     = unknown

/bin/arch              = unknown
/usr/bin/arch -k       = unknown
/usr/convex/getsysinfo = unknown
/usr/bin/hostinfo      = unknown
/bin/machine           = unknown
/usr/bin/oslevel       = unknown
/bin/universe          = unknown

PATH: /home/gaston/bin
PATH: /home/gaston/.local/bin
PATH: /usr/local/sbin
PATH: /usr/local/bin
PATH: /usr/sbin
PATH: /usr/bin
PATH: /sbin
PATH: /bin
PATH: /usr/games
PATH: /usr/local/games
PATH: /snap/bin


## ----------- ##
## Core tests. ##
## ----------- ##

configure:2375: checking build system type
configure:2389: result: x86_64-pc-linux-gnu
configure:2409: checking host system type
configure:2422: result: x86_64-pc-linux-gnu
configure:2442: checking target system type
configure:2455: result: x86_64-pc-linux-gnu
configure:2498: checking for a BSD-compatible install
configure:2566: result: /usr/bin/install -c
configure:2577: checking whether build environment is sane
configure:2632: result: yes
configure:2783: checking for a thread-safe mkdir -p
configure:2822: result: /bin/mkdir -p
configure:2829: checking for gawk
configure:2859: result: no
configure:2829: checking for mawk
configure:2845: found /usr/bin/mawk
configure:2856: result: mawk
configure:2867: checking whether make sets $(MAKE)
configure:2889: result: yes
configure:2918: checking whether make supports nested variables
configure:2935: result: yes
configure:3067: checking whether make supports nested variables
configure:3084: result: yes
configure:3170: checking for gcc
configure:3186: found /usr/bin/gcc
configure:3197: result: gcc
configure:3426: checking for C compiler version
configure:3435: gcc --version >&5
gcc (Ubuntu 5.4.0-6ubuntu1~16.04.10) 5.4.0 20160609
Copyright (C) 2015 Free Software Foundation, Inc.
This is free software; see the source for copying conditions.  There is NO
warranty; not even for MERCHANTABILITY or FITNESS FOR A PARTICULAR PURPOSE.

configure:3446: $? = 0
configure:3435: gcc -v >&5
Using built-in specs.
COLLECT_GCC=gcc
COLLECT_LTO_WRAPPER=/usr/lib/gcc/x86_64-linux-gnu/5/lto-wrapper
Target: x86_64-linux-gnu
Configured with: ../src/configure -v --with-pkgversion='Ubuntu 5.4.0-6ubuntu1~16.04.10' --with-bugurl=file:///usr/share/doc/gcc-5/README.Bugs --enable-languages=c,ada,c++,java,go,d,fortran,objc,obj-c++ --prefix=/usr --program-suffix=-5 --enable-shared --enable-linker-build-id --libexecdir=/usr/lib --without-included-gettext --enable-threads=posix --libdir=/usr/lib --enable-nls --with-sysroot=/ --enable-clocale=gnu --enable-libstdcxx-debug --enable-libstdcxx-time=yes --with-default-libstdcxx-abi=new --enable-gnu-unique-object --disable-vtable-verify --enable-libmpx --enable-plugin --with-system-zlib --disable-browser-plugin --enable-java-awt=gtk --enable-gtk-cairo --with-java-home=/usr/lib/jvm/java-1.5.0-gcj-5-amd64/jre --enable-java-home --with-jvm-root-dir=/usr/lib/jvm/java-1.5.0-gcj-5-amd64 --with-jvm-jar-dir=/usr/lib/jvm-exports/java-1.5.0-gcj-5-amd64 --with-arch-directory=amd64 --with-ecj-jar=/usr/share/java/eclipse-ecj.jar --enable-objc-gc --enable-multiarch --disable-werror --with-arch-32=i686 --with-abi=m64 --with-multilib-list=m32,m64,mx32 --enable-multilib --with-tune=generic --enable-checking=release --build=x86_64-linux-gnu --host=x86_64-linux-gnu --target=x86_64-linux-gnu
Thread model: posix
gcc version 5.4.0 20160609 (Ubuntu 5.4.0-6ubuntu1~16.04.10) 
configure:3446: $? = 0
configure:3435: gcc -V >&5
gcc: error: unrecognized command line option '-V'
gcc: fatal error: no input files
compilation terminated.
configure:3446: $? = 1
configure:3435: gcc -qversion >&5
gcc: error: unrecognized command line option '-qversion'
gcc: fatal error: no input files
compilation terminated.
configure:3446: $? = 1
configure:3466: checking whether the C compiler works
configure:3488: gcc    conftest.c  >&5
configure:3492: $? = 0
configure:3540: result: yes
configure:3543: checking for C compiler default output file name
configure:3545: result: a.out
configure:3551: checking for suffix of executables
configure:3558: gcc -o conftest    conftest.c  >&5
configure:3562: $? = 0
configure:3584: result: 
configure:3606: checking whether we are cross compiling
configure:3614: gcc -o conftest    conftest.c  >&5
configure:3618: $? = 0
configure:3625: ./conftest
configure:3629: $? = 0
configure:3644: result: no
configure:3649: checking for suffix of object files
configure:3671: gcc -c   conftest.c >&5
configure:3675: $? = 0
configure:3696: result: o
configure:3700: checking whether we are using the GNU C compiler
configure:3719: gcc -c   conftest.c >&5
configure:3719: $? = 0
configure:3728: result: yes
configure:3737: checking whether gcc accepts -g
configure:3757: gcc -c -g  conftest.c >&5
configure:3757: $? = 0
configure:3798: result: yes
configure:3815: checking for gcc option to accept ISO C89
configure:3878: gcc  -c -g -O2  conftest.c >&5
configure:3878: $? = 0
configure:3891: result: none needed
configure:3916: checking whether gcc understands -c and -o together
configure:3938: gcc -c conftest.c -o conftest2.o
configure:3941: $? = 0
configure:3938: gcc -c conftest.c -o conftest2.o
configure:3941: $? = 0
configure:3953: result: yes
configure:3981: checking for style of include used by make
configure:4009: result: GNU
configure:4035: checking dependency style of gcc
configure:4146: result: gcc3
configure:4161: checking for gcc option to accept ISO C99
configure:4310: gcc  -c -g -O2  conftest.c >&5
configure:4310: $? = 0
configure:4323: result: none needed
configure:4387: checking how to print strings
configure:4414: result: printf
configure:4435: checking for a sed that does not truncate output
configure:4499: result: /bin/sed
configure:4517: checking for grep that handles long lines and -e
configure:4575: result: /bin/grep
configure:4580: checking for egrep
configure:4642: result: /bin/grep -E
configure:4647: checking for fgrep
configure:4709: result: /bin/grep -F
configure:4744: checking for ld used by gcc
configure:4811: result: /usr/bin/ld
configure:4818: checking if the linker (/usr/bin/ld) is GNU ld
configure:4833: result: yes
configure:4845: checking for BSD- or MS-compatible name lister (nm)
configure:4899: result: /usr/bin/nm -B
configure:5029: checking the name lister (/usr/bin/nm -B) interface
configure:5036: gcc -c -g -O2  conftest.c >&5
configure:5039: /usr/bin/nm -B "conftest.o"
configure:5042: output
0000000000000000 B some_variable
configure:5049: result: BSD nm
configure:5052: checking whether ln -s works
configure:5056: result: yes
configure:5064: checking the maximum length of command line arguments
configure:5195: result: 1572864
configure:5243: checking how to convert x86_64-pc-linux-gnu file names to x86_64-pc-linux-gnu format
configure:5283: result: func_convert_file_noop
configure:5290: checking how to convert x86_64-pc-linux-gnu file names to toolchain format
configure:5310: result: func_convert_file_noop
configure:5317: checking for /usr/bin/ld option to reload object files
configure:5324: result: -r
configure:5398: checking for objdump
configure:5414: found /usr/bin/objdump
configure:5425: result: objdump
configure:5454: checking how to recognize dependent libraries
configure:5654: result: pass_all
configure:5739: checking for dlltool
configure:5769: result: no
configure:5796: checking how to associate runtime and link libraries
configure:5823: result: printf %s\n
configure:5884: checking for ar
configure:5900: found /usr/bin/ar
configure:5911: result: ar
configure:5948: checking for archiver @FILE support
configure:5965: gcc -c -g -O2  conftest.c >&5
configure:5965: $? = 0
configure:5968: ar cru libconftest.a @conftest.lst >&5
ar: `u' modifier ignored since `D' is the default (see `U')
configure:5971: $? = 0
configure:5976: ar cru libconftest.a @conftest.lst >&5
ar: `u' modifier ignored since `D' is the default (see `U')
ar: conftest.o: No such file or directory
configure:5979: $? = 1
configure:5991: result: @
configure:6049: checking for strip
configure:6065: found /usr/bin/strip
configure:6076: result: strip
configure:6148: checking for ranlib
configure:6164: found /usr/bin/ranlib
configure:6175: result: ranlib
configure:6277: checking command to parse /usr/bin/nm -B output from gcc object
configure:6430: gcc -c -g -O2  conftest.c >&5
configure:6433: $? = 0
configure:6437: /usr/bin/nm -B conftest.o \| sed -n -e 's/^.*[ ]\([ABCDGIRSTW][ABCDGIRSTW]*\)[ ][ ]*\([_A-Za-z][_A-Za-z0-9]*\)$/\1 \2 \2/p' | sed '/ __gnu_lto/d' \> conftest.nm
configure:6440: $? = 0
configure:6506: gcc -o conftest -g -O2   conftest.c conftstm.o >&5
configure:6509: $? = 0
configure:6547: result: ok
configure:6594: checking for sysroot
configure:6624: result: no
configure:6631: checking for a working dd
configure:6669: result: /bin/dd
configure:6673: checking how to truncate binary pipes
configure:6688: result: /bin/dd bs=4096 count=1
configure:6824: gcc -c -g -O2  conftest.c >&5
configure:6827: $? = 0
configure:7017: checking for mt
configure:7033: found /bin/mt
configure:7044: result: mt
configure:7067: checking if mt is a manifest tool
configure:7073: mt '-?'
configure:7081: result: no
configure:7758: checking how to run the C preprocessor
configure:7789: gcc -E  conftest.c
configure:7789: $? = 0
configure:7803: gcc -E  conftest.c
conftest.c:10:28: fatal error: ac_nonexistent.h: No such file or directory
compilation terminated.
configure:7803: $? = 1
configure: failed program was:
| /* confdefs.h */
| #define PACKAGE_NAME "babl"
| #define PACKAGE_TARNAME "babl"
| #define PACKAGE_VERSION "0.1.42"
| #define PACKAGE_STRING "babl 0.1.42"
| #define PACKAGE_BUGREPORT ""
| #define PACKAGE_URL ""
| #define BABL_UNSTABLE 1
| /* end confdefs.h.  */
| #include <ac_nonexistent.h>
configure:7828: result: gcc -E
configure:7848: gcc -E  conftest.c
configure:7848: $? = 0
configure:7862: gcc -E  conftest.c
conftest.c:10:28: fatal error: ac_nonexistent.h: No such file or directory
compilation terminated.
configure:7862: $? = 1
configure: failed program was:
| /* confdefs.h */
| #define PACKAGE_NAME "babl"
| #define PACKAGE_TARNAME "babl"
| #define PACKAGE_VERSION "0.1.42"
| #define PACKAGE_STRING "babl 0.1.42"
| #define PACKAGE_BUGREPORT ""
| #define PACKAGE_URL ""
| #define BABL_UNSTABLE 1
| /* end confdefs.h.  */
| #include <ac_nonexistent.h>
configure:7891: checking for ANSI C header files
configure:7911: gcc -c -g -O2  conftest.c >&5
configure:7911: $? = 0
configure:7984: gcc -o conftest -g -O2   conftest.c  >&5
configure:7984: $? = 0
configure:7984: ./conftest
configure:7984: $? = 0
configure:7995: result: yes
configure:8008: checking for sys/types.h
configure:8008: gcc -c -g -O2  conftest.c >&5
configure:8008: $? = 0
configure:8008: result: yes
configure:8008: checking for sys/stat.h
configure:8008: gcc -c -g -O2  conftest.c >&5
configure:8008: $? = 0
configure:8008: result: yes
configure:8008: checking for stdlib.h
configure:8008: gcc -c -g -O2  conftest.c >&5
configure:8008: $? = 0
configure:8008: result: yes
configure:8008: checking for string.h
configure:8008: gcc -c -g -O2  conftest.c >&5
configure:8008: $? = 0
configure:8008: result: yes
configure:8008: checking for memory.h
configure:8008: gcc -c -g -O2  conftest.c >&5
configure:8008: $? = 0
configure:8008: result: yes
configure:8008: checking for strings.h
configure:8008: gcc -c -g -O2  conftest.c >&5
configure:8008: $? = 0
configure:8008: result: yes
configure:8008: checking for inttypes.h
configure:8008: gcc -c -g -O2  conftest.c >&5
configure:8008: $? = 0
configure:8008: result: yes
configure:8008: checking for stdint.h
configure:8008: gcc -c -g -O2  conftest.c >&5
configure:8008: $? = 0
configure:8008: result: yes
configure:8008: checking for unistd.h
configure:8008: gcc -c -g -O2  conftest.c >&5
configure:8008: $? = 0
configure:8008: result: yes
configure:8022: checking for dlfcn.h
configure:8022: gcc -c -g -O2  conftest.c >&5
configure:8022: $? = 0
configure:8022: result: yes
configure:8575: checking for objdir
configure:8590: result: .libs
configure:8854: checking if gcc supports -fno-rtti -fno-exceptions
configure:8872: gcc -c -g -O2  -fno-rtti -fno-exceptions conftest.c >&5
cc1: warning: command line option '-fno-rtti' is valid for C++/ObjC++ but not for C
configure:8876: $? = 0
configure:8889: result: no
configure:9247: checking for gcc option to produce PIC
configure:9254: result: -fPIC -DPIC
configure:9262: checking if gcc PIC flag -fPIC -DPIC works
configure:9280: gcc -c -g -O2  -fPIC -DPIC -DPIC conftest.c >&5
configure:9284: $? = 0
configure:9297: result: yes
configure:9326: checking if gcc static flag -static works
configure:9354: result: yes
configure:9369: checking if gcc supports -c -o file.o
configure:9390: gcc -c -g -O2  -o out/conftest2.o conftest.c >&5
configure:9394: $? = 0
configure:9416: result: yes
configure:9424: checking if gcc supports -c -o file.o
configure:9471: result: yes
configure:9504: checking whether the gcc linker (/usr/bin/ld -m elf_x86_64) supports shared libraries
configure:10767: result: yes
configure:10804: checking whether -lc should be explicitly linked in
configure:10812: gcc -c -g -O2  conftest.c >&5
configure:10815: $? = 0
configure:10830: gcc -shared  -fPIC -DPIC conftest.o  -v -Wl,-soname -Wl,conftest -o conftest 2\>\&1 \| /bin/grep  -lc  \>/dev/null 2\>\&1
configure:10833: $? = 0
configure:10847: result: no
configure:11007: checking dynamic linker characteristics
configure:11588: gcc -o conftest -g -O2   -Wl,-rpath -Wl,/foo conftest.c  >&5
configure:11588: $? = 0
configure:11837: result: GNU/Linux ld.so
configure:11959: checking how to hardcode library paths into programs
configure:11984: result: immediate
configure:12532: checking whether stripping libraries is possible
configure:12537: result: yes
configure:12572: checking if libtool supports shared libraries
configure:12574: result: yes
configure:12577: checking whether to build shared libraries
configure:12602: result: yes
configure:12605: checking whether to build static libraries
configure:12609: result: no
configure:12649: checking for GNUC variadic macros
configure:12678: gcc -c -g -O2  conftest.c >&5
configure:12678: $? = 0
configure:12686: result: yes
configure:12694: checking for ISO C99 variadic macros in C
configure:12713: gcc -c -g -O2  conftest.c >&5
configure:12713: $? = 0
configure:12721: result: yes
configure:12739: checking whether to enable maintainer-specific portions of Makefiles
configure:12748: result: yes
configure:12762: checking for ANSI C header files
configure:12866: result: yes
configure:12874: checking whether build environment is sane
configure:12929: result: yes
configure:12960: checking whether gcc understands -Wdeclaration-after-statement
configure:12973: gcc -c -g -O2 -Wall -Wdeclaration-after-statement  conftest.c >&5
configure:12973: $? = 0
configure:12979: result: yes
configure:12996: checking whether gcc understands -Wmissing-prototypes
configure:13009: gcc -c -g -O2 -Wall -Wdeclaration-after-statement -Wmissing-prototypes  conftest.c >&5
configure:13009: $? = 0
configure:13015: result: yes
configure:13032: checking whether gcc understands -Wmissing-declarations
configure:13045: gcc -c -g -O2 -Wall -Wdeclaration-after-statement -Wmissing-prototypes -Wmissing-declarations  conftest.c >&5
configure:13045: $? = 0
configure:13051: result: yes
configure:13068: checking whether gcc understands -Winit-self
configure:13081: gcc -c -g -O2 -Wall -Wdeclaration-after-statement -Wmissing-prototypes -Wmissing-declarations -Winit-self  conftest.c >&5
configure:13081: $? = 0
configure:13087: result: yes
configure:13104: checking whether gcc understands -Wpointer-arith
configure:13117: gcc -c -g -O2 -Wall -Wdeclaration-after-statement -Wmissing-prototypes -Wmissing-declarations -Winit-self -Wpointer-arith  conftest.c >&5
configure:13117: $? = 0
configure:13123: result: yes
configure:13140: checking whether gcc understands -Wold-style-definition
configure:13153: gcc -c -g -O2 -Wall -Wdeclaration-after-statement -Wmissing-prototypes -Wmissing-declarations -Winit-self -Wpointer-arith -Wold-style-definition  conftest.c >&5
conftest.c: In function 'main':
conftest.c:27:1: warning: old-style function definition [-Wold-style-definition]
 main ()
 ^
configure:13153: $? = 0
configure:13159: result: yes
configure:13174: checking for rsvg-convert
configure:13205: result: no
configure:13224: checking for w3m
configure:13255: result: no
configure:13293: checking for target architecture
configure:13301: result: x86_64-pc-linux-gnu
configure:13344: checking the extension for shared libraries
configure:13365: result: .so
configure:13373: checking for some Win32 platform
configure:13383: result: no
configure:13397: checking for native Win32
configure:13420: result: no
configure:13453: checking for __thread
configure:13466: gcc -o conftest -g -O2 -Wall -Wdeclaration-after-statement -Wmissing-prototypes -Wmissing-declarations -Winit-self -Wpointer-arith -Wold-style-definition   conftest.c  >&5
conftest.c: In function 'main':
conftest.c:30:1: warning: old-style function definition [-Wold-style-definition]
 main ()
 ^
conftest.c:32:22: warning: unused variable 'buf1024' [-Wunused-variable]
 static __thread char buf1024;
                      ^
configure:13466: $? = 0
configure:13470: result: yes
configure:13533: checking whether gcc understands -mmmx
configure:13546: gcc -c -g -O2 -Wall -Wdeclaration-after-statement -Wmissing-prototypes -Wmissing-declarations -Winit-self -Wpointer-arith -Wold-style-definition -mmmx  conftest.c >&5
conftest.c: In function 'main':
conftest.c:31:1: warning: old-style function definition [-Wold-style-definition]
 main ()
 ^
configure:13546: $? = 0
configure:13552: result: yes
configure:13565: checking whether we can compile MMX code
configure:13582: gcc -c -g -O2 -Wall -Wdeclaration-after-statement -Wmissing-prototypes -Wmissing-declarations -Winit-self -Wpointer-arith -Wold-style-definition -mmmx  conftest.c >&5
conftest.c: In function 'main':
conftest.c:31:1: warning: old-style function definition [-Wold-style-definition]
 main ()
 ^
configure:13582: $? = 0
configure:13586: result: yes
configure:13596: checking whether gcc understands -mfpmath=sse
configure:13609: gcc -c -g -O2 -Wall -Wdeclaration-after-statement -Wmissing-prototypes -Wmissing-declarations -Winit-self -Wpointer-arith -Wold-style-definition -mmmx -mfpmath=sse  conftest.c >&5
conftest.c: In function 'main':
conftest.c:32:1: warning: old-style function definition [-Wold-style-definition]
 main ()
 ^
configure:13609: $? = 0
configure:13615: result: yes
configure:13668: checking whether gcc understands -msse
configure:13681: gcc -c -g -O2 -Wall -Wdeclaration-after-statement -Wmissing-prototypes -Wmissing-declarations -Winit-self -Wpointer-arith -Wold-style-definition -mmmx -msse  conftest.c >&5
conftest.c: In function 'main':
conftest.c:32:1: warning: old-style function definition [-Wold-style-definition]
 main ()
 ^
configure:13681: $? = 0
configure:13687: result: yes
configure:13698: checking whether we can compile SSE code
configure:13714: gcc -c -g -O2 -Wall -Wdeclaration-after-statement -Wmissing-prototypes -Wmissing-declarations -Winit-self -Wpointer-arith -Wold-style-definition -mmmx -msse  conftest.c >&5
conftest.c: In function 'main':
conftest.c:32:1: warning: old-style function definition [-Wold-style-definition]
 main ()
 ^
configure:13714: $? = 0
configure:13718: result: yes
configure:13738: checking whether gcc understands -msse2
configure:13751: gcc -c -g -O2 -Wall -Wdeclaration-after-statement -Wmissing-prototypes -Wmissing-declarations -Winit-self -Wpointer-arith -Wold-style-definition -mmmx -msse -msse2  conftest.c >&5
conftest.c: In function 'main':
conftest.c:33:1: warning: old-style function definition [-Wold-style-definition]
 main ()
 ^
configure:13751: $? = 0
configure:13757: result: yes
configure:13768: checking whether we can compile SSE2 code
configure:13784: gcc -c -g -O2 -Wall -Wdeclaration-after-statement -Wmissing-prototypes -Wmissing-declarations -Winit-self -Wpointer-arith -Wold-style-definition -mmmx -msse -msse2  conftest.c >&5
conftest.c: In function 'main':
conftest.c:33:1: warning: old-style function definition [-Wold-style-definition]
 main ()
 ^
configure:13784: $? = 0
configure:13788: result: yes
configure:13808: checking whether gcc understands -msse4.1
configure:13821: gcc -c -g -O2 -Wall -Wdeclaration-after-statement -Wmissing-prototypes -Wmissing-declarations -Winit-self -Wpointer-arith -Wold-style-definition -mmmx -msse -msse2 -msse4.1  conftest.c >&5
conftest.c: In function 'main':
conftest.c:34:1: warning: old-style function definition [-Wold-style-definition]
 main ()
 ^
configure:13821: $? = 0
configure:13827: result: yes
configure:13838: checking whether we can compile SSE4_1 code
configure:13854: gcc -c -g -O2 -Wall -Wdeclaration-after-statement -Wmissing-prototypes -Wmissing-declarations -Winit-self -Wpointer-arith -Wold-style-definition -mmmx -msse -msse2 -msse4.1  conftest.c >&5
conftest.c: In function 'main':
conftest.c:34:1: warning: old-style function definition [-Wold-style-definition]
 main ()
 ^
configure:13854: $? = 0
configure:13858: result: yes
configure:13882: checking whether gcc understands -mf16c
configure:13895: gcc -c -g -O2 -Wall -Wdeclaration-after-statement -Wmissing-prototypes -Wmissing-declarations -Winit-self -Wpointer-arith -Wold-style-definition -mf16c  conftest.c >&5
conftest.c: In function 'main':
conftest.c:35:1: warning: old-style function definition [-Wold-style-definition]
 main ()
 ^
configure:13895: $? = 0
configure:13901: result: yes
configure:13912: checking whether we can compile half-floating point code
configure:13928: gcc -c -g -O2 -Wall -Wdeclaration-after-statement -Wmissing-prototypes -Wmissing-declarations -Winit-self -Wpointer-arith -Wold-style-definition -msse -mf16c  conftest.c >&5
conftest.c: In function 'main':
conftest.c:35:1: warning: old-style function definition [-Wold-style-definition]
 main ()
 ^
conftest.c:37:64: warning: unused variable 'val2' [-Wunused-variable]
 __m128 val = _mm_cvtph_ps ((__m128i)_mm_setzero_ps()); __m128i val2 = _mm_insert_epi64((__m128i)_mm_setzero_ps(), 0, 0);
                                                                ^
conftest.c:37:8: warning: unused variable 'val' [-Wunused-variable]
 __m128 val = _mm_cvtph_ps ((__m128i)_mm_setzero_ps()); __m128i val2 = _mm_insert_epi64((__m128i)_mm_setzero_ps(), 0, 0);
        ^
configure:13928: $? = 0
configure:13932: result: yes
configure:14101: checking for srandom
configure:14101: gcc -o conftest -g -O2 -Wall -Wdeclaration-after-statement -Wmissing-prototypes -Wmissing-declarations -Winit-self -Wpointer-arith -Wold-style-definition   conftest.c  >&5
conftest.c: In function 'main':
conftest.c:66:1: warning: old-style function definition [-Wold-style-definition]
 main ()
 ^
configure:14101: $? = 0
configure:14101: result: yes
configure:14118: checking dl.h usability
configure:14118: gcc -c -g -O2 -Wall -Wdeclaration-after-statement -Wmissing-prototypes -Wmissing-declarations -Winit-self -Wpointer-arith -Wold-style-definition  conftest.c >&5
conftest.c:67:16: fatal error: dl.h: No such file or directory
compilation terminated.
configure:14118: $? = 1
configure: failed program was:
| /* confdefs.h */
| #define PACKAGE_NAME "babl"
| #define PACKAGE_TARNAME "babl"
| #define PACKAGE_VERSION "0.1.42"
| #define PACKAGE_STRING "babl 0.1.42"
| #define PACKAGE_BUGREPORT ""
| #define PACKAGE_URL ""
| #define BABL_UNSTABLE 1
| #define STDC_HEADERS 1
| #define HAVE_SYS_TYPES_H 1
| #define HAVE_SYS_STAT_H 1
| #define HAVE_STDLIB_H 1
| #define HAVE_STRING_H 1
| #define HAVE_MEMORY_H 1
| #define HAVE_STRINGS_H 1
| #define HAVE_INTTYPES_H 1
| #define HAVE_STDINT_H 1
| #define HAVE_UNISTD_H 1
| #define HAVE_DLFCN_H 1
| #define LT_OBJDIR ".libs/"
| #define BABL_GNUC_VARIADIC_MACROS 1
| #define BABL_ISO_VARIADIC_MACROS 1
| #define STDC_HEADERS 1
| #define ARCH_X86 1
| #define ARCH_X86_64 1
| #define SHREXT ".so"
| #define HAVE_TLS 1
| #define USE_MMX 1
| #define USE_SSE 1
| #define USE_SSE2 1
| #define USE_SSE4_1 1
| #define USE_F16C 1
| /* end confdefs.h.  */
| #include <stdio.h>
| #ifdef HAVE_SYS_TYPES_H
| # include <sys/types.h>
| #endif
| #ifdef HAVE_SYS_STAT_H
| # include <sys/stat.h>
| #endif
| #ifdef STDC_HEADERS
| # include <stdlib.h>
| # include <stddef.h>
| #else
| # ifdef HAVE_STDLIB_H
| #  include <stdlib.h>
| # endif
| #endif
| #ifdef HAVE_STRING_H
| # if !defined STDC_HEADERS && defined HAVE_MEMORY_H
| #  include <memory.h>
| # endif
| # include <string.h>
| #endif
| #ifdef HAVE_STRINGS_H
| # include <strings.h>
| #endif
| #ifdef HAVE_INTTYPES_H
| # include <inttypes.h>
| #endif
| #ifdef HAVE_STDINT_H
| # include <stdint.h>
| #endif
| #ifdef HAVE_UNISTD_H
| # include <unistd.h>
| #endif
| #include <dl.h>
configure:14118: result: no
configure:14118: checking dl.h presence
configure:14118: gcc -E  conftest.c
conftest.c:34:16: fatal error: dl.h: No such file or directory
compilation terminated.
configure:14118: $? = 1
configure: failed program was:
| /* confdefs.h */
| #define PACKAGE_NAME "babl"
| #define PACKAGE_TARNAME "babl"
| #define PACKAGE_VERSION "0.1.42"
| #define PACKAGE_STRING "babl 0.1.42"
| #define PACKAGE_BUGREPORT ""
| #define PACKAGE_URL ""
| #define BABL_UNSTABLE 1
| #define STDC_HEADERS 1
| #define HAVE_SYS_TYPES_H 1
| #define HAVE_SYS_STAT_H 1
| #define HAVE_STDLIB_H 1
| #define HAVE_STRING_H 1
| #define HAVE_MEMORY_H 1
| #define HAVE_STRINGS_H 1
| #define HAVE_INTTYPES_H 1
| #define HAVE_STDINT_H 1
| #define HAVE_UNISTD_H 1
| #define HAVE_DLFCN_H 1
| #define LT_OBJDIR ".libs/"
| #define BABL_GNUC_VARIADIC_MACROS 1
| #define BABL_ISO_VARIADIC_MACROS 1
| #define STDC_HEADERS 1
| #define ARCH_X86 1
| #define ARCH_X86_64 1
| #define SHREXT ".so"
| #define HAVE_TLS 1
| #define USE_MMX 1
| #define USE_SSE 1
| #define USE_SSE2 1
| #define USE_SSE4_1 1
| #define USE_F16C 1
| /* end confdefs.h.  */
| #include <dl.h>
configure:14118: result: no
configure:14118: checking for dl.h
configure:14118: result: no
configure:14129: checking for library containing dlopen
configure:14160: gcc -o conftest -g -O2 -Wall -Wdeclaration-after-statement -Wmissing-prototypes -Wmissing-declarations -Winit-self -Wpointer-arith -Wold-style-definition   conftest.c  >&5
conftest.c: In function 'main':
conftest.c:43:1: warning: old-style function definition [-Wold-style-definition]
 main ()
 ^
/tmp/ccAVBR5p.o: In function `main':
/home/gaston/Downloads/gimp-2.8.16/babl-0.1.42/conftest.c:45: undefined reference to `dlopen'
collect2: error: ld returned 1 exit status
configure:14160: $? = 1
configure: failed program was:
| /* confdefs.h */
| #define PACKAGE_NAME "babl"
| #define PACKAGE_TARNAME "babl"
| #define PACKAGE_VERSION "0.1.42"
| #define PACKAGE_STRING "babl 0.1.42"
| #define PACKAGE_BUGREPORT ""
| #define PACKAGE_URL ""
| #define BABL_UNSTABLE 1
| #define STDC_HEADERS 1
| #define HAVE_SYS_TYPES_H 1
| #define HAVE_SYS_STAT_H 1
| #define HAVE_STDLIB_H 1
| #define HAVE_STRING_H 1
| #define HAVE_MEMORY_H 1
| #define HAVE_STRINGS_H 1
| #define HAVE_INTTYPES_H 1
| #define HAVE_STDINT_H 1
| #define HAVE_UNISTD_H 1
| #define HAVE_DLFCN_H 1
| #define LT_OBJDIR ".libs/"
| #define BABL_GNUC_VARIADIC_MACROS 1
| #define BABL_ISO_VARIADIC_MACROS 1
| #define STDC_HEADERS 1
| #define ARCH_X86 1
| #define ARCH_X86_64 1
| #define SHREXT ".so"
| #define HAVE_TLS 1
| #define USE_MMX 1
| #define USE_SSE 1
| #define USE_SSE2 1
| #define USE_SSE4_1 1
| #define USE_F16C 1
| /* end confdefs.h.  */
| 
| /* Override any GCC internal prototype to avoid an error.
|    Use char because int might match the return type of a GCC
|    builtin and then its argument prototype would still apply.  */
| #ifdef __cplusplus
| extern "C"
| #endif
| char dlopen ();
| int
| main ()
| {
| return dlopen ();
|   ;
|   return 0;
| }
configure:14160: gcc -o conftest -g -O2 -Wall -Wdeclaration-after-statement -Wmissing-prototypes -Wmissing-declarations -Winit-self -Wpointer-arith -Wold-style-definition   conftest.c -ldl   >&5
conftest.c: In function 'main':
conftest.c:43:1: warning: old-style function definition [-Wold-style-definition]
 main ()
 ^
configure:14160: $? = 0
configure:14177: result: -ldl
configure:14185: checking for library containing rint
configure:14216: gcc -o conftest -g -O2 -Wall -Wdeclaration-after-statement -Wmissing-prototypes -Wmissing-declarations -Winit-self -Wpointer-arith -Wold-style-definition   conftest.c -ldl  >&5
conftest.c:41:6: warning: conflicting types for built-in function 'rint'
 char rint ();
      ^
conftest.c: In function 'main':
conftest.c:43:1: warning: old-style function definition [-Wold-style-definition]
 main ()
 ^
/tmp/ccUEDmqP.o: In function `main':
/home/gaston/Downloads/gimp-2.8.16/babl-0.1.42/conftest.c:45: undefined reference to `rint'
collect2: error: ld returned 1 exit status
configure:14216: $? = 1
configure: failed program was:
| /* confdefs.h */
| #define PACKAGE_NAME "babl"
| #define PACKAGE_TARNAME "babl"
| #define PACKAGE_VERSION "0.1.42"
| #define PACKAGE_STRING "babl 0.1.42"
| #define PACKAGE_BUGREPORT ""
| #define PACKAGE_URL ""
| #define BABL_UNSTABLE 1
| #define STDC_HEADERS 1
| #define HAVE_SYS_TYPES_H 1
| #define HAVE_SYS_STAT_H 1
| #define HAVE_STDLIB_H 1
| #define HAVE_STRING_H 1
| #define HAVE_MEMORY_H 1
| #define HAVE_STRINGS_H 1
| #define HAVE_INTTYPES_H 1
| #define HAVE_STDINT_H 1
| #define HAVE_UNISTD_H 1
| #define HAVE_DLFCN_H 1
| #define LT_OBJDIR ".libs/"
| #define BABL_GNUC_VARIADIC_MACROS 1
| #define BABL_ISO_VARIADIC_MACROS 1
| #define STDC_HEADERS 1
| #define ARCH_X86 1
| #define ARCH_X86_64 1
| #define SHREXT ".so"
| #define HAVE_TLS 1
| #define USE_MMX 1
| #define USE_SSE 1
| #define USE_SSE2 1
| #define USE_SSE4_1 1
| #define USE_F16C 1
| /* end confdefs.h.  */
| 
| /* Override any GCC internal prototype to avoid an error.
|    Use char because int might match the return type of a GCC
|    builtin and then its argument prototype would still apply.  */
| #ifdef __cplusplus
| extern "C"
| #endif
| char rint ();
| int
| main ()
| {
| return rint ();
|   ;
|   return 0;
| }
configure:14216: gcc -o conftest -g -O2 -Wall -Wdeclaration-after-statement -Wmissing-prototypes -Wmissing-declarations -Winit-self -Wpointer-arith -Wold-style-definition   conftest.c -lm  -ldl  >&5
conftest.c:41:6: warning: conflicting types for built-in function 'rint'
 char rint ();
      ^
conftest.c: In function 'main':
conftest.c:43:1: warning: old-style function definition [-Wold-style-definition]
 main ()
 ^
configure:14216: $? = 0
configure:14233: result: -lm
configure:14242: checking for gettimeofday
configure:14242: gcc -o conftest -g -O2 -Wall -Wdeclaration-after-statement -Wmissing-prototypes -Wmissing-declarations -Winit-self -Wpointer-arith -Wold-style-definition   conftest.c -lm -ldl  >&5
conftest.c: In function 'main':
conftest.c:66:1: warning: old-style function definition [-Wold-style-definition]
 main ()
 ^
configure:14242: $? = 0
configure:14242: result: yes
configure:14258: checking for rint
configure:14258: gcc -o conftest -g -O2 -Wall -Wdeclaration-after-statement -Wmissing-prototypes -Wmissing-declarations -Winit-self -Wpointer-arith -Wold-style-definition   conftest.c -lm -ldl  >&5
conftest.c:58:6: warning: conflicting types for built-in function 'rint'
 char rint ();
      ^
conftest.c: In function 'main':
conftest.c:67:1: warning: old-style function definition [-Wold-style-definition]
 main ()
 ^
configure:14258: $? = 0
configure:14258: result: yes
configure:14406: checking that generated files are newer than configure
configure:14412: result: done
configure:14434: checking that generated files are newer than configure
configure:14440: result: done
configure:14475: creating ./config.status

## ---------------------- ##
## Running config.status. ##
## ---------------------- ##

This file was extended by babl config.status 0.1.42, which was
generated by GNU Autoconf 2.69.  Invocation command line was

  CONFIG_FILES    = 
  CONFIG_HEADERS  = 
  CONFIG_LINKS    = 
  CONFIG_COMMANDS = 
  $ ./config.status 

on gaston-Inspiron-11-3162

config.status:1164: creating Makefile
config.status:1164: creating babl.pc
config.status:1164: creating babl/Makefile
config.status:1164: creating babl/babl-version.h
config.status:1164: creating babl/base/Makefile
config.status:1164: creating docs/Makefile
config.status:1164: creating docs/index-static.html
config.status:1164: creating docs/graphics/Makefile
config.status:1164: creating tests/Makefile
config.status:1164: creating tools/Makefile
config.status:1164: creating extensions/Makefile
config.status:1164: creating INSTALL
config.status:1164: creating config.h
config.status:1393: executing depfiles commands
config.status:1393: executing libtool commands

## ---------------- ##
## Cache variables. ##
## ---------------- ##

ac_cv_build=x86_64-pc-linux-gnu
ac_cv_c_compiler_gnu=yes
ac_cv_env_CC_set=
ac_cv_env_CC_value=
ac_cv_env_CFLAGS_set=
ac_cv_env_CFLAGS_value=
ac_cv_env_CPPFLAGS_set=
ac_cv_env_CPPFLAGS_value=
ac_cv_env_CPP_set=
ac_cv_env_CPP_value=
ac_cv_env_LDFLAGS_set=
ac_cv_env_LDFLAGS_value=
ac_cv_env_LIBS_set=
ac_cv_env_LIBS_value=
ac_cv_env_LT_SYS_LIBRARY_PATH_set=
ac_cv_env_LT_SYS_LIBRARY_PATH_value=
ac_cv_env_build_alias_set=
ac_cv_env_build_alias_value=
ac_cv_env_host_alias_set=
ac_cv_env_host_alias_value=
ac_cv_env_target_alias_set=
ac_cv_env_target_alias_value=
ac_cv_func_gettimeofday=yes
ac_cv_func_rint=yes
ac_cv_func_srandom=yes
ac_cv_header_dl_h=no
ac_cv_header_dlfcn_h=yes
ac_cv_header_inttypes_h=yes
ac_cv_header_memory_h=yes
ac_cv_header_stdc=yes
ac_cv_header_stdint_h=yes
ac_cv_header_stdlib_h=yes
ac_cv_header_string_h=yes
ac_cv_header_strings_h=yes
ac_cv_header_sys_stat_h=yes
ac_cv_header_sys_types_h=yes
ac_cv_header_unistd_h=yes
ac_cv_host=x86_64-pc-linux-gnu
ac_cv_objext=o
ac_cv_path_EGREP='/bin/grep -E'
ac_cv_path_FGREP='/bin/grep -F'
ac_cv_path_GREP=/bin/grep
ac_cv_path_RSVG=no
ac_cv_path_SED=/bin/sed
ac_cv_path_W3M=no
ac_cv_path_install='/usr/bin/install -c'
ac_cv_path_lt_DD=/bin/dd
ac_cv_path_mkdir=/bin/mkdir
ac_cv_prog_AWK=mawk
ac_cv_prog_CPP='gcc -E'
ac_cv_prog_ac_ct_AR=ar
ac_cv_prog_ac_ct_CC=gcc
ac_cv_prog_ac_ct_MANIFEST_TOOL=mt
ac_cv_prog_ac_ct_OBJDUMP=objdump
ac_cv_prog_ac_ct_RANLIB=ranlib
ac_cv_prog_ac_ct_STRIP=strip
ac_cv_prog_cc_c89=
ac_cv_prog_cc_c99=
ac_cv_prog_cc_g=yes
ac_cv_prog_make_make_set=yes
ac_cv_search_dlopen=-ldl
ac_cv_search_rint=-lm
ac_cv_target=x86_64-pc-linux-gnu
am_cv_CC_dependencies_compiler_type=gcc3
am_cv_make_support_nested_variables=yes
am_cv_prog_cc_c_o=yes
babl_cv_prog_c_variadic_macros=yes
babl_cv_prog_cxx_variadic_macros=no
babl_cv_prog_gnuc_variadic_macros=yes
lt_cv_ar_at_file=@
lt_cv_archive_cmds_need_lc=no
lt_cv_deplibs_check_method=pass_all
lt_cv_file_magic_cmd='$MAGIC_CMD'
lt_cv_file_magic_test_file=
lt_cv_ld_reload_flag=-r
lt_cv_nm_interface='BSD nm'
lt_cv_objdir=.libs
lt_cv_path_LD=/usr/bin/ld
lt_cv_path_NM='/usr/bin/nm -B'
lt_cv_path_mainfest_tool=no
lt_cv_prog_compiler_c_o=yes
lt_cv_prog_compiler_pic='-fPIC -DPIC'
lt_cv_prog_compiler_pic_works=yes
lt_cv_prog_compiler_rtti_exceptions=no
lt_cv_prog_compiler_static_works=yes
lt_cv_prog_gnu_ld=yes
lt_cv_sharedlib_from_linklib_cmd='printf %s\n'
lt_cv_shlibpath_overrides_runpath=no
lt_cv_sys_global_symbol_pipe='sed -n -e '\''s/^.*[	 ]\([ABCDGIRSTW][ABCDGIRSTW]*\)[	 ][	 ]*\([_A-Za-z][_A-Za-z0-9]*\)$/\1 \2 \2/p'\'' | sed '\''/ __gnu_lto/d'\'''
lt_cv_sys_global_symbol_to_c_name_address='sed -n -e '\''s/^: \(.*\) .*$/  {"\1", (void *) 0},/p'\'' -e '\''s/^[ABCDGIRSTW][ABCDGIRSTW]* .* \(.*\)$/  {"\1", (void *) \&\1},/p'\'''
lt_cv_sys_global_symbol_to_c_name_address_lib_prefix='sed -n -e '\''s/^: \(.*\) .*$/  {"\1", (void *) 0},/p'\'' -e '\''s/^[ABCDGIRSTW][ABCDGIRSTW]* .* \(lib.*\)$/  {"\1", (void *) \&\1},/p'\'' -e '\''s/^[ABCDGIRSTW][ABCDGIRSTW]* .* \(.*\)$/  {"lib\1", (void *) \&\1},/p'\'''
lt_cv_sys_global_symbol_to_cdecl='sed -n -e '\''s/^T .* \(.*\)$/extern int \1();/p'\'' -e '\''s/^[ABCDGIRSTW][ABCDGIRSTW]* .* \(.*\)$/extern char \1;/p'\'''
lt_cv_sys_global_symbol_to_import=
lt_cv_sys_max_cmd_len=1572864
lt_cv_to_host_file_cmd=func_convert_file_noop
lt_cv_to_tool_file_cmd=func_convert_file_noop
lt_cv_truncate_bin='/bin/dd bs=4096 count=1'

## ----------------- ##
## Output variables. ##
## ----------------- ##

ACLOCAL='${SHELL} /home/gaston/Downloads/gimp-2.8.16/babl-0.1.42/missing aclocal-1.15'
ALTIVEC_EXTRA_CFLAGS=''
AMDEPBACKSLASH='\'
AMDEP_FALSE='#'
AMDEP_TRUE=''
AMTAR='$${TAR-tar}'
AM_BACKSLASH='\'
AM_DEFAULT_V='$(AM_DEFAULT_VERBOSITY)'
AM_DEFAULT_VERBOSITY='0'
AM_V='$(V)'
AR='ar'
AS='as'
AUTOCONF='${SHELL} /home/gaston/Downloads/gimp-2.8.16/babl-0.1.42/missing autoconf'
AUTOHEADER='${SHELL} /home/gaston/Downloads/gimp-2.8.16/babl-0.1.42/missing autoheader'
AUTOMAKE='${SHELL} /home/gaston/Downloads/gimp-2.8.16/babl-0.1.42/missing automake-1.15'
AWK='mawk'
BABL_API_VERSION='0.1'
BABL_BINARY_AGE='142'
BABL_CURRENT_MINUS_AGE='0'
BABL_INTERFACE_AGE='1'
BABL_LIBRARY_VERSION='141:1:141'
BABL_MAJOR_VERSION='0'
BABL_MICRO_VERSION='42'
BABL_MINOR_VERSION='1'
BABL_REAL_VERSION='0.1.42'
BABL_RELEASE='0.1'
BABL_UNSTABLE='yes'
BABL_UNSTABLE_FALSE='#'
BABL_UNSTABLE_TRUE=''
BABL_VERSION='0.1.42'
CC='gcc'
CCDEPMODE='depmode=gcc3'
CFLAGS='-g -O2 -Wall -Wdeclaration-after-statement -Wmissing-prototypes -Wmissing-declarations -Winit-self -Wpointer-arith -Wold-style-definition'
CPP='gcc -E'
CPPFLAGS=''
CYGPATH_W='echo'
DEFS='-DHAVE_CONFIG_H'
DEPDIR='.deps'
DIR_SEP='/'
DLLTOOL='false'
DSYMUTIL=''
DUMPBIN=''
ECHO_C=''
ECHO_N='-n'
ECHO_T=''
EGREP='/bin/grep -E'
ENABLE_DOCS_FALSE='#'
ENABLE_DOCS_TRUE=''
EXEEXT=''
F16C_EXTRA_CFLAGS='-mmmx  -mfpmath=sse -msse -mf16c'
FGREP='/bin/grep -F'
GREP='/bin/grep'
HAVE_RSVG_FALSE=''
HAVE_RSVG_TRUE='#'
HAVE_SRANDOM_FALSE='#'
HAVE_SRANDOM_TRUE=''
HAVE_W3M_FALSE=''
HAVE_W3M_TRUE='#'
INSTALL_DATA='${INSTALL} -m 644'
INSTALL_PROGRAM='${INSTALL}'
INSTALL_SCRIPT='${INSTALL}'
INSTALL_STRIP_PROGRAM='$(install_sh) -c -s'
LD='/usr/bin/ld -m elf_x86_64'
LDFLAGS=''
LIBOBJS=''
LIBS='-lm -ldl '
LIBTOOL='$(SHELL) $(top_builddir)/libtool'
LIPO=''
LN_S='ln -s'
LOG_LIB=''
LTLIBOBJS=''
LT_SYS_LIBRARY_PATH=''
MAINT=''
MAINTAINER_MODE_FALSE='#'
MAINTAINER_MODE_TRUE=''
MAKEINFO='${SHELL} /home/gaston/Downloads/gimp-2.8.16/babl-0.1.42/missing makeinfo'
MANIFEST_TOOL=':'
MATH_LIB='-lm'
MKDIR_P='/bin/mkdir -p'
MMX_EXTRA_CFLAGS='-mmmx'
NM='/usr/bin/nm -B'
NMEDIT=''
OBJDUMP='objdump'
OBJEXT='o'
OS_UNIX_FALSE='#'
OS_UNIX_TRUE=''
OS_WIN32_FALSE=''
OS_WIN32_TRUE='#'
OTOOL64=''
OTOOL=''
PACKAGE='babl'
PACKAGE_BUGREPORT=''
PACKAGE_NAME='babl'
PACKAGE_STRING='babl 0.1.42'
PACKAGE_TARNAME='babl'
PACKAGE_URL=''
PACKAGE_VERSION='0.1.42'
PATH_SEP=':'
PATH_SEPARATOR=':'
PLATFORM_WIN32_FALSE=''
PLATFORM_WIN32_TRUE='#'
RANLIB='ranlib'
RSVG='no'
SED='/bin/sed'
SET_MAKE=''
SHELL='/bin/bash'
SHREXT='.so'
SSE2_EXTRA_CFLAGS='-mmmx  -mfpmath=sse -msse -msse2'
SSE4_1_EXTRA_CFLAGS='-mmmx  -mfpmath=sse -msse -msse4.1'
SSE_EXTRA_CFLAGS='-mmmx  -mfpmath=sse -msse'
STRIP='strip'
THREAD_LIB='-lpthread'
VERSION='0.1.42'
W3M='no'
WEBSITE_HOST='pippin.gimp.org'
WEBSITE_LOCATION='public_html/babl/'
ac_ct_AR='ar'
ac_ct_CC='gcc'
ac_ct_DUMPBIN=''
am__EXEEXT_FALSE=''
am__EXEEXT_TRUE='#'
am__fastdepCC_FALSE='#'
am__fastdepCC_TRUE=''
am__include='include'
am__isrc=''
am__leading_dot='.'
am__nodep='_no'
am__quote=''
am__tar='$${TAR-tar} chof - "$$tardir"'
am__untar='$${TAR-tar} xf -'
bindir='${exec_prefix}/bin'
build='x86_64-pc-linux-gnu'
build_alias=''
build_cpu='x86_64'
build_os='linux-gnu'
build_vendor='pc'
datadir='${datarootdir}'
datarootdir='${prefix}/share'
docdir='${datarootdir}/doc/${PACKAGE_TARNAME}'
dvidir='${docdir}'
exec_prefix='${prefix}'
host='x86_64-pc-linux-gnu'
host_alias=''
host_cpu='x86_64'
host_os='linux-gnu'
host_vendor='pc'
htmldir='${docdir}'
includedir='${prefix}/include'
infodir='${datarootdir}/info'
install_sh='${SHELL} /home/gaston/Downloads/gimp-2.8.16/babl-0.1.42/install-sh'
libdir='${exec_prefix}/lib'
libexecdir='${exec_prefix}/libexec'
localedir='${datarootdir}/locale'
localstatedir='${prefix}/var'
mandir='${datarootdir}/man'
mkdir_p='$(MKDIR_P)'
oldincludedir='/usr/include'
pdfdir='${docdir}'
prefix='/usr/local'
program_transform_name='s,x,x,'
psdir='${docdir}'
runstatedir='${localstatedir}/run'
sbindir='${exec_prefix}/sbin'
sharedstatedir='${prefix}/com'
sysconfdir='${prefix}/etc'
target='x86_64-pc-linux-gnu'
target_alias=''
target_cpu='x86_64'
target_os='linux-gnu'
target_vendor='pc'

## ----------- ##
## confdefs.h. ##
## ----------- ##

/* confdefs.h */
#define PACKAGE_NAME "babl"
#define PACKAGE_TARNAME "babl"
#define PACKAGE_VERSION "0.1.42"
#define PACKAGE_STRING "babl 0.1.42"
#define PACKAGE_BUGREPORT ""
#define PACKAGE_URL ""
#define BABL_UNSTABLE 1
#define STDC_HEADERS 1
#define HAVE_SYS_TYPES_H 1
#define HAVE_SYS_STAT_H 1
#define HAVE_STDLIB_H 1
#define HAVE_STRING_H 1
#define HAVE_MEMORY_H 1
#define HAVE_STRINGS_H 1
#define HAVE_INTTYPES_H 1
#define HAVE_STDINT_H 1
#define HAVE_UNISTD_H 1
#define HAVE_DLFCN_H 1
#define LT_OBJDIR ".libs/"
#define BABL_GNUC_VARIADIC_MACROS 1
#define BABL_ISO_VARIADIC_MACROS 1
#define STDC_HEADERS 1
#define ARCH_X86 1
#define ARCH_X86_64 1
#define SHREXT ".so"
#define HAVE_TLS 1
#define USE_MMX 1
#define USE_SSE 1
#define USE_SSE2 1
#define USE_SSE4_1 1
#define USE_F16C 1
#define HAVE_GETTIMEOFDAY 1
#define HAVE_RINT 1
#define BABL_PATH_SEPARATOR ':'
#define BABL_DIR_SEPARATOR "/"
#define BABL_LIBRARY "babl-0.1"

configure: exit 0
